# JRE version: OpenJDK Runtime Environment (7.0_91-b02) (build 1.7.0_91-b02)
# Java VM: OpenJDK 64-Bit Server VM (24.91-b01 mixed mode linux-amd64 compressed oops)
Heap
 PSYoungGen      total 140800K, used 10212K [0x00000000eaa80000, 0x00000000f3e80000, 0x0000000100000000)
  eden space 130560K, 0% used [0x00000000eaa80000,0x00000000eaa80000,0x00000000f2a00000)
  from space 10240K, 99% used [0x00000000f2a00000,0x00000000f33f9080,0x00000000f3400000)
  to   space 9728K, 0% used [0x00000000f3400000,0x00000000f3400000,0x00000000f3d80000)
 ParOldGen       total 40960K, used 32139K [0x00000000c0000000, 0x00000000c2800000, 0x00000000eaa80000)
  object space 40960K, 78% used [0x00000000c0000000,0x00000000c1f62d10,0x00000000c2800000)
 PSPermGen       total 38400K, used 38285K [0x00000000b0000000, 0x00000000b2580000, 0x00000000c0000000)
  object space 38400K, 99% used [0x00000000b0000000,0x00000000b2563768,0x00000000b2580000)
GC Heap History (10 events):
Event: 7.420 GC heap after
Heap after GC invocations=10 (full 0):
 PSYoungGen      total 58368K, used 1024K [0x00000000eaa80000, 0x00000000eea80000, 0x0000000100000000)
  eden space 51200K, 0% used [0x00000000eaa80000,0x00000000eaa80000,0x00000000edc80000)
  from space 7168K, 14% used [0x00000000ee380000,0x00000000ee480010,0x00000000eea80000)
  to   space 7168K, 0% used [0x00000000edc80000,0x00000000edc80000,0x00000000ee380000)
 ParOldGen       total 40960K, used 11073K [0x00000000c0000000, 0x00000000c2800000, 0x00000000eaa80000)
  object space 40960K, 27% used [0x00000000c0000000,0x00000000c0ad0618,0x00000000c2800000)
 PSPermGen       total 21504K, used 20723K [0x00000000b0000000, 0x00000000b1500000, 0x00000000c0000000)
  object space 21504K, 96% used [0x00000000b0000000,0x00000000b143cf48,0x00000000b1500000)
}
Event: 7.684 GC heap before
{Heap before GC invocations=11 (full 0):
 PSYoungGen      total 58368K, used 52224K [0x00000000eaa80000, 0x00000000eea80000, 0x0000000100000000)
  eden space 51200K, 100% used [0x00000000eaa80000,0x00000000edc80000,0x00000000edc80000)
  from space 7168K, 14% used [0x00000000ee380000,0x00000000ee480010,0x00000000eea80000)
  to   space 7168K, 0% used [0x00000000edc80000,0x00000000edc80000,0x00000000ee380000)
 ParOldGen       total 40960K, used 11073K [0x00000000c0000000, 0x00000000c2800000, 0x00000000eaa80000)
  object space 40960K, 27% used [0x00000000c0000000,0x00000000c0ad0618,0x00000000c2800000)
 PSPermGen       total 21504K, used 20724K [0x00000000b0000000, 0x00000000b1500000, 0x00000000c0000000)
  object space 21504K, 96% used [0x00000000b0000000,0x00000000b143d280,0x00000000b1500000)
Event: 7.691 GC heap after
Heap after GC invocations=11 (full 0):
 PSYoungGen      total 58368K, used 608K [0x00000000eaa80000, 0x00000000f0880000, 0x0000000100000000)
  eden space 51200K, 0% used [0x00000000eaa80000,0x00000000eaa80000,0x00000000edc80000)
  from space 7168K, 8% used [0x00000000edc80000,0x00000000edd18010,0x00000000ee380000)
  to   space 7168K, 0% used [0x00000000f0180000,0x00000000f0180000,0x00000000f0880000)
 ParOldGen       total 40960K, used 11961K [0x00000000c0000000, 0x00000000c2800000, 0x00000000eaa80000)
  object space 40960K, 29% used [0x00000000c0000000,0x00000000c0bae618,0x00000000c2800000)
 PSPermGen       total 21504K, used 20724K [0x00000000b0000000, 0x00000000b1500000, 0x00000000c0000000)
  object space 21504K, 96% used [0x00000000b0000000,0x00000000b143d280,0x00000000b1500000)
}
Event: 8.014 GC heap before
{Heap before GC invocations=12 (full 0):
 PSYoungGen      total 58368K, used 51808K [0x00000000eaa80000, 0x00000000f0880000, 0x0000000100000000)
  eden space 51200K, 100% used [0x00000000eaa80000,0x00000000edc80000,0x00000000edc80000)
  from space 7168K, 8% used [0x00000000edc80000,0x00000000edd18010,0x00000000ee380000)
  to   space 7168K, 0% used [0x00000000f0180000,0x00000000f0180000,0x00000000f0880000)
 ParOldGen       total 40960K, used 11961K [0x00000000c0000000, 0x00000000c2800000, 0x00000000eaa80000)
  object space 40960K, 29% used [0x00000000c0000000,0x00000000c0bae618,0x00000000c2800000)
 PSPermGen       total 22016K, used 21713K [0x00000000b0000000, 0x00000000b1580000, 0x00000000c0000000)
  object space 22016K, 98% used [0x00000000b0000000,0x00000000b1534520,0x00000000b1580000)
Event: 8.018 GC heap after
Heap after GC invocations=12 (full 0):
 PSYoungGen      total 89088K, used 1821K [0x00000000eaa80000, 0x00000000f0880000, 0x0000000100000000)
  eden space 81920K, 0% used [0x00000000eaa80000,0x00000000eaa80000,0x00000000efa80000)
  from space 7168K, 25% used [0x00000000f0180000,0x00000000f0347528,0x00000000f0880000)
  to   space 7168K, 0% used [0x00000000efa80000,0x00000000efa80000,0x00000000f0180000)
 ParOldGen       total 40960K, used 12505K [0x00000000c0000000, 0x00000000c2800000, 0x00000000eaa80000)
  object space 40960K, 30% used [0x00000000c0000000,0x00000000c0c36628,0x00000000c2800000)
 PSPermGen       total 22016K, used 21713K [0x00000000b0000000, 0x00000000b1580000, 0x00000000c0000000)
  object space 22016K, 98% used [0x00000000b0000000,0x00000000b1534520,0x00000000b1580000)
}
Event: 13.277 GC heap before
{Heap before GC invocations=13 (full 0):
 PSYoungGen      total 89088K, used 83741K [0x00000000eaa80000, 0x00000000f0880000, 0x0000000100000000)
  eden space 81920K, 100% used [0x00000000eaa80000,0x00000000efa80000,0x00000000efa80000)
  from space 7168K, 25% used [0x00000000f0180000,0x00000000f0347528,0x00000000f0880000)
  to   space 7168K, 0% used [0x00000000efa80000,0x00000000efa80000,0x00000000f0180000)
 ParOldGen       total 40960K, used 12505K [0x00000000c0000000, 0x00000000c2800000, 0x00000000eaa80000)
  object space 40960K, 30% used [0x00000000c0000000,0x00000000c0c36628,0x00000000c2800000)
 PSPermGen       total 27648K, used 27377K [0x00000000b0000000, 0x00000000b1b00000, 0x00000000c0000000)
  object space 27648K, 99% used [0x00000000b0000000,0x00000000b1abc600,0x00000000b1b00000)
Event: 13.294 GC heap after
Heap after GC invocations=13 (full 0):
 PSYoungGen      total 89088K, used 7141K [0x00000000eaa80000, 0x00000000f3d80000, 0x0000000100000000)
  eden space 81920K, 0% used [0x00000000eaa80000,0x00000000eaa80000,0x00000000efa80000)
  from space 7168K, 99% used [0x00000000efa80000,0x00000000f0179640,0x00000000f0180000)
  to   space 9728K, 0% used [0x00000000f3400000,0x00000000f3400000,0x00000000f3d80000)
 ParOldGen       total 40960K, used 16092K [0x00000000c0000000, 0x00000000c2800000, 0x00000000eaa80000)
  object space 40960K, 39% used [0x00000000c0000000,0x00000000c0fb7050,0x00000000c2800000)
 PSPermGen       total 27648K, used 27377K [0x00000000b0000000, 0x00000000b1b00000, 0x00000000c0000000)
  object space 27648K, 99% used [0x00000000b0000000,0x00000000b1abc600,0x00000000b1b00000)
}
Event: 21.196 GC heap before
{Heap before GC invocations=14 (full 0):
 PSYoungGen      total 89088K, used 89061K [0x00000000eaa80000, 0x00000000f3d80000, 0x0000000100000000)
  eden space 81920K, 100% used [0x00000000eaa80000,0x00000000efa80000,0x00000000efa80000)
  from space 7168K, 99% used [0x00000000efa80000,0x00000000f0179640,0x00000000f0180000)
  to   space 9728K, 0% used [0x00000000f3400000,0x00000000f3400000,0x00000000f3d80000)
 ParOldGen       total 40960K, used 16092K [0x00000000c0000000, 0x00000000c2800000, 0x00000000eaa80000)
  object space 40960K, 39% used [0x00000000c0000000,0x00000000c0fb7050,0x00000000c2800000)
 PSPermGen       total 33280K, used 32995K [0x00000000b0000000, 0x00000000b2080000, 0x00000000c0000000)
  object space 33280K, 99% used [0x00000000b0000000,0x00000000b2038e80,0x00000000b2080000)
Event: 21.268 GC heap after
Heap after GC invocations=14 (full 0):
 PSYoungGen      total 140288K, used 7159K [0x00000000eaa80000, 0x00000000f3e80000, 0x0000000100000000)
  eden space 130560K, 0% used [0x00000000eaa80000,0x00000000eaa80000,0x00000000f2a00000)
  from space 9728K, 73% used [0x00000000f3400000,0x00000000f3afddc8,0x00000000f3d80000)
  to   space 10240K, 0% used [0x00000000f2a00000,0x00000000f2a00000,0x00000000f3400000)
 ParOldGen       total 40960K, used 21065K [0x00000000c0000000, 0x00000000c2800000, 0x00000000eaa80000)
  object space 40960K, 51% used [0x00000000c0000000,0x00000000c14924d0,0x00000000c2800000)
 PSPermGen       total 33280K, used 32995K [0x00000000b0000000, 0x00000000b2080000, 0x00000000c0000000)
  object space 33280K, 99% used [0x00000000b0000000,0x00000000b2038e80,0x00000000b2080000)
}
Event: 144.324 GC heap before
{Heap before GC invocations=15 (full 0):
 PSYoungGen      total 140288K, used 137719K [0x00000000eaa80000, 0x00000000f3e80000, 0x0000000100000000)
  eden space 130560K, 100% used [0x00000000eaa80000,0x00000000f2a00000,0x00000000f2a00000)
  from space 9728K, 73% used [0x00000000f3400000,0x00000000f3afddc8,0x00000000f3d80000)
  to   space 10240K, 0% used [0x00000000f2a00000,0x00000000f2a00000,0x00000000f3400000)
 ParOldGen       total 40960K, used 21065K [0x00000000c0000000, 0x00000000c2800000, 0x00000000eaa80000)
  object space 40960K, 51% used [0x00000000c0000000,0x00000000c14924d0,0x00000000c2800000)
 PSPermGen       total 38400K, used 38285K [0x00000000b0000000, 0x00000000b2580000, 0x00000000c0000000)
  object space 38400K, 99% used [0x00000000b0000000,0x00000000b2563768,0x00000000b2580000)

