# JRE version: OpenJDK Runtime Environment (7.0_91-b02) (build 1.7.0_91-b02)
# Java VM: OpenJDK 64-Bit Server VM (24.91-b01 mixed mode linux-amd64 compressed oops)
Heap
 PSYoungGen      total 172544K, used 13795K [0x00000000eaa80000, 0x00000000f6400000, 0x0000000100000000)
  eden space 158720K, 0% used [0x00000000eaa80000,0x00000000eaa80000,0x00000000f4580000)
  from space 13824K, 99% used [0x00000000f4580000,0x00000000f52f8cc0,0x00000000f5300000)
  to   space 10240K, 0% used [0x00000000f5300000,0x00000000f5300000,0x00000000f5d00000)
 ParOldGen       total 40960K, used 38514K [0x00000000c0000000, 0x00000000c2800000, 0x00000000eaa80000)
  object space 40960K, 94% used [0x00000000c0000000,0x00000000c259c900,0x00000000c2800000)
 PSPermGen       total 41984K, used 41504K [0x00000000b0000000, 0x00000000b2900000, 0x00000000c0000000)
  object space 41984K, 98% used [0x00000000b0000000,0x00000000b28882b8,0x00000000b2900000)
GC Heap History (10 events):
Event: 4.342 GC heap after
Heap after GC invocations=8 (full 0):
 PSYoungGen      total 69632K, used 3576K [0x00000000eaa80000, 0x00000000ef580000, 0x0000000100000000)
  eden space 63488K, 0% used [0x00000000eaa80000,0x00000000eaa80000,0x00000000ee880000)
  from space 6144K, 58% used [0x00000000eef80000,0x00000000ef2fe0e0,0x00000000ef580000)
  to   space 6656K, 0% used [0x00000000ee880000,0x00000000ee880000,0x00000000eef00000)
 ParOldGen       total 40960K, used 8056K [0x00000000c0000000, 0x00000000c2800000, 0x00000000eaa80000)
  object space 40960K, 19% used [0x00000000c0000000,0x00000000c07de1a0,0x00000000c2800000)
 PSPermGen       total 21504K, used 20719K [0x00000000b0000000, 0x00000000b1500000, 0x00000000c0000000)
  object space 21504K, 96% used [0x00000000b0000000,0x00000000b143bcd0,0x00000000b1500000)
}
Event: 4.795 GC heap before
{Heap before GC invocations=9 (full 0):
 PSYoungGen      total 69632K, used 67064K [0x00000000eaa80000, 0x00000000ef580000, 0x0000000100000000)
  eden space 63488K, 100% used [0x00000000eaa80000,0x00000000ee880000,0x00000000ee880000)
  from space 6144K, 58% used [0x00000000eef80000,0x00000000ef2fe0e0,0x00000000ef580000)
  to   space 6656K, 0% used [0x00000000ee880000,0x00000000ee880000,0x00000000eef00000)
 ParOldGen       total 40960K, used 8056K [0x00000000c0000000, 0x00000000c2800000, 0x00000000eaa80000)
  object space 40960K, 19% used [0x00000000c0000000,0x00000000c07de1a0,0x00000000c2800000)
 PSPermGen       total 21504K, used 20722K [0x00000000b0000000, 0x00000000b1500000, 0x00000000c0000000)
  object space 21504K, 96% used [0x00000000b0000000,0x00000000b143cb50,0x00000000b1500000)
Event: 4.803 GC heap after
Heap after GC invocations=9 (full 0):
 PSYoungGen      total 70144K, used 2536K [0x00000000eaa80000, 0x00000000f1b00000, 0x0000000100000000)
  eden space 63488K, 0% used [0x00000000eaa80000,0x00000000eaa80000,0x00000000ee880000)
  from space 6656K, 38% used [0x00000000ee880000,0x00000000eeafa0d0,0x00000000eef00000)
  to   space 6656K, 0% used [0x00000000f1480000,0x00000000f1480000,0x00000000f1b00000)
 ParOldGen       total 40960K, used 9703K [0x00000000c0000000, 0x00000000c2800000, 0x00000000eaa80000)
  object space 40960K, 23% used [0x00000000c0000000,0x00000000c0979ce0,0x00000000c2800000)
 PSPermGen       total 21504K, used 20722K [0x00000000b0000000, 0x00000000b1500000, 0x00000000c0000000)
  object space 21504K, 96% used [0x00000000b0000000,0x00000000b143cb50,0x00000000b1500000)
}
Event: 5.098 GC heap before
{Heap before GC invocations=10 (full 0):
 PSYoungGen      total 70144K, used 66024K [0x00000000eaa80000, 0x00000000f1b00000, 0x0000000100000000)
  eden space 63488K, 100% used [0x00000000eaa80000,0x00000000ee880000,0x00000000ee880000)
  from space 6656K, 38% used [0x00000000ee880000,0x00000000eeafa0d0,0x00000000eef00000)
  to   space 6656K, 0% used [0x00000000f1480000,0x00000000f1480000,0x00000000f1b00000)
 ParOldGen       total 40960K, used 9703K [0x00000000c0000000, 0x00000000c2800000, 0x00000000eaa80000)
  object space 40960K, 23% used [0x00000000c0000000,0x00000000c0979ce0,0x00000000c2800000)
 PSPermGen       total 21504K, used 20725K [0x00000000b0000000, 0x00000000b1500000, 0x00000000c0000000)
  object space 21504K, 96% used [0x00000000b0000000,0x00000000b143d768,0x00000000b1500000)
Event: 5.104 GC heap after
Heap after GC invocations=10 (full 0):
 PSYoungGen      total 108032K, used 1632K [0x00000000eaa80000, 0x00000000f1c00000, 0x0000000100000000)
  eden space 101376K, 0% used [0x00000000eaa80000,0x00000000eaa80000,0x00000000f0d80000)
  from space 6656K, 24% used [0x00000000f1480000,0x00000000f1618010,0x00000000f1b00000)
  to   space 7168K, 0% used [0x00000000f0d80000,0x00000000f0d80000,0x00000000f1480000)
 ParOldGen       total 40960K, used 11503K [0x00000000c0000000, 0x00000000c2800000, 0x00000000eaa80000)
  object space 40960K, 28% used [0x00000000c0000000,0x00000000c0b3be10,0x00000000c2800000)
 PSPermGen       total 21504K, used 20725K [0x00000000b0000000, 0x00000000b1500000, 0x00000000c0000000)
  object space 21504K, 96% used [0x00000000b0000000,0x00000000b143d768,0x00000000b1500000)
}
Event: 7.233 GC heap before
{Heap before GC invocations=11 (full 0):
 PSYoungGen      total 108032K, used 103008K [0x00000000eaa80000, 0x00000000f1c00000, 0x0000000100000000)
  eden space 101376K, 100% used [0x00000000eaa80000,0x00000000f0d80000,0x00000000f0d80000)
  from space 6656K, 24% used [0x00000000f1480000,0x00000000f1618010,0x00000000f1b00000)
  to   space 7168K, 0% used [0x00000000f0d80000,0x00000000f0d80000,0x00000000f1480000)
 ParOldGen       total 40960K, used 11503K [0x00000000c0000000, 0x00000000c2800000, 0x00000000eaa80000)
  object space 40960K, 28% used [0x00000000c0000000,0x00000000c0b3be10,0x00000000c2800000)
 PSPermGen       total 29696K, used 29566K [0x00000000b0000000, 0x00000000b1d00000, 0x00000000c0000000)
  object space 29696K, 99% used [0x00000000b0000000,0x00000000b1cdf818,0x00000000b1d00000)
Event: 7.268 GC heap after
Heap after GC invocations=11 (full 0):
 PSYoungGen      total 108544K, used 7164K [0x00000000eaa80000, 0x00000000f5d00000, 0x0000000100000000)
  eden space 101376K, 0% used [0x00000000eaa80000,0x00000000eaa80000,0x00000000f0d80000)
  from space 7168K, 99% used [0x00000000f0d80000,0x00000000f147f130,0x00000000f1480000)
  to   space 10240K, 0% used [0x00000000f5300000,0x00000000f5300000,0x00000000f5d00000)
 ParOldGen       total 40960K, used 17993K [0x00000000c0000000, 0x00000000c2800000, 0x00000000eaa80000)
  object space 40960K, 43% used [0x00000000c0000000,0x00000000c11925f8,0x00000000c2800000)
 PSPermGen       total 29696K, used 29566K [0x00000000b0000000, 0x00000000b1d00000, 0x00000000c0000000)
  object space 29696K, 99% used [0x00000000b0000000,0x00000000b1cdf818,0x00000000b1d00000)
}
Event: 10.450 GC heap before
{Heap before GC invocations=12 (full 0):
 PSYoungGen      total 108544K, used 108540K [0x00000000eaa80000, 0x00000000f5d00000, 0x0000000100000000)
  eden space 101376K, 100% used [0x00000000eaa80000,0x00000000f0d80000,0x00000000f0d80000)
  from space 7168K, 99% used [0x00000000f0d80000,0x00000000f147f130,0x00000000f1480000)
  to   space 10240K, 0% used [0x00000000f5300000,0x00000000f5300000,0x00000000f5d00000)
 ParOldGen       total 40960K, used 17993K [0x00000000c0000000, 0x00000000c2800000, 0x00000000eaa80000)
  object space 40960K, 43% used [0x00000000c0000000,0x00000000c11925f8,0x00000000c2800000)
 PSPermGen       total 35328K, used 35072K [0x00000000b0000000, 0x00000000b2280000, 0x00000000c0000000)
  object space 35328K, 99% used [0x00000000b0000000,0x00000000b22401d8,0x00000000b2280000)
Event: 10.494 GC heap after
Heap after GC invocations=12 (full 0):
 PSYoungGen      total 168960K, used 10238K [0x00000000eaa80000, 0x00000000f6400000, 0x0000000100000000)
  eden space 158720K, 0% used [0x00000000eaa80000,0x00000000eaa80000,0x00000000f4580000)
  from space 10240K, 99% used [0x00000000f5300000,0x00000000f5cff820,0x00000000f5d00000)
  to   space 13824K, 0% used [0x00000000f4580000,0x00000000f4580000,0x00000000f5300000)
 ParOldGen       total 40960K, used 23768K [0x00000000c0000000, 0x00000000c2800000, 0x00000000eaa80000)
  object space 40960K, 58% used [0x00000000c0000000,0x00000000c1736078,0x00000000c2800000)
 PSPermGen       total 35328K, used 35072K [0x00000000b0000000, 0x00000000b2280000, 0x00000000c0000000)
  object space 35328K, 99% used [0x00000000b0000000,0x00000000b22401d8,0x00000000b2280000)
}
Event: 41.991 GC heap before
{Heap before GC invocations=13 (full 0):
 PSYoungGen      total 168960K, used 168958K [0x00000000eaa80000, 0x00000000f6400000, 0x0000000100000000)
  eden space 158720K, 100% used [0x00000000eaa80000,0x00000000f4580000,0x00000000f4580000)
  from space 10240K, 99% used [0x00000000f5300000,0x00000000f5cff820,0x00000000f5d00000)
  to   space 13824K, 0% used [0x00000000f4580000,0x00000000f4580000,0x00000000f5300000)
 ParOldGen       total 40960K, used 23768K [0x00000000c0000000, 0x00000000c2800000, 0x00000000eaa80000)
  object space 40960K, 58% used [0x00000000c0000000,0x00000000c1736078,0x00000000c2800000)
 PSPermGen       total 41984K, used 41504K [0x00000000b0000000, 0x00000000b2900000, 0x00000000c0000000)
  object space 41984K, 98% used [0x00000000b0000000,0x00000000b28882b8,0x00000000b2900000)

