# JRE version: OpenJDK Runtime Environment (7.0_91-b02) (build 1.7.0_91-b02)
# Java VM: OpenJDK 64-Bit Server VM (24.91-b01 mixed mode linux-amd64 compressed oops)
Heap
 PSYoungGen      total 127488K, used 9189K [0x00000000eaa80000, 0x00000000f3000000, 0x0000000100000000)
  eden space 118272K, 0% used [0x00000000eaa80000,0x00000000eaa80000,0x00000000f1e00000)
  from space 9216K, 99% used [0x00000000f1e00000,0x00000000f26f9440,0x00000000f2700000)
  to   space 9216K, 0% used [0x00000000f2700000,0x00000000f2700000,0x00000000f3000000)
 ParOldGen       total 40960K, used 28260K [0x00000000c0000000, 0x00000000c2800000, 0x00000000eaa80000)
  object space 40960K, 68% used [0x00000000c0000000,0x00000000c1b99268,0x00000000c2800000)
 PSPermGen       total 36864K, used 36577K [0x00000000b0000000, 0x00000000b2400000, 0x00000000c0000000)
  object space 36864K, 99% used [0x00000000b0000000,0x00000000b23b8740,0x00000000b2400000)
GC Heap History (10 events):
Event: 9.256 GC heap after
Heap after GC invocations=10 (full 0):
 PSYoungGen      total 53248K, used 960K [0x00000000eaa80000, 0x00000000ee580000, 0x0000000100000000)
  eden space 46080K, 0% used [0x00000000eaa80000,0x00000000eaa80000,0x00000000ed780000)
  from space 7168K, 13% used [0x00000000ede80000,0x00000000edf70010,0x00000000ee580000)
  to   space 7168K, 0% used [0x00000000ed780000,0x00000000ed780000,0x00000000ede80000)
 ParOldGen       total 40960K, used 11003K [0x00000000c0000000, 0x00000000c2800000, 0x00000000eaa80000)
  object space 40960K, 26% used [0x00000000c0000000,0x00000000c0abec08,0x00000000c2800000)
 PSPermGen       total 21504K, used 20722K [0x00000000b0000000, 0x00000000b1500000, 0x00000000c0000000)
  object space 21504K, 96% used [0x00000000b0000000,0x00000000b143caf8,0x00000000b1500000)
}
Event: 9.509 GC heap before
{Heap before GC invocations=11 (full 0):
 PSYoungGen      total 53248K, used 47040K [0x00000000eaa80000, 0x00000000ee580000, 0x0000000100000000)
  eden space 46080K, 100% used [0x00000000eaa80000,0x00000000ed780000,0x00000000ed780000)
  from space 7168K, 13% used [0x00000000ede80000,0x00000000edf70010,0x00000000ee580000)
  to   space 7168K, 0% used [0x00000000ed780000,0x00000000ed780000,0x00000000ede80000)
 ParOldGen       total 40960K, used 11003K [0x00000000c0000000, 0x00000000c2800000, 0x00000000eaa80000)
  object space 40960K, 26% used [0x00000000c0000000,0x00000000c0abec08,0x00000000c2800000)
 PSPermGen       total 21504K, used 20723K [0x00000000b0000000, 0x00000000b1500000, 0x00000000c0000000)
  object space 21504K, 96% used [0x00000000b0000000,0x00000000b143cdf0,0x00000000b1500000)
Event: 9.511 GC heap after
Heap after GC invocations=11 (full 0):
 PSYoungGen      total 53248K, used 480K [0x00000000eaa80000, 0x00000000f0080000, 0x0000000100000000)
  eden space 46080K, 0% used [0x00000000eaa80000,0x00000000eaa80000,0x00000000ed780000)
  from space 7168K, 6% used [0x00000000ed780000,0x00000000ed7f8000,0x00000000ede80000)
  to   space 7168K, 0% used [0x00000000ef980000,0x00000000ef980000,0x00000000f0080000)
 ParOldGen       total 40960K, used 11899K [0x00000000c0000000, 0x00000000c2800000, 0x00000000eaa80000)
  object space 40960K, 29% used [0x00000000c0000000,0x00000000c0b9ec18,0x00000000c2800000)
 PSPermGen       total 21504K, used 20723K [0x00000000b0000000, 0x00000000b1500000, 0x00000000c0000000)
  object space 21504K, 96% used [0x00000000b0000000,0x00000000b143cdf0,0x00000000b1500000)
}
Event: 9.799 GC heap before
{Heap before GC invocations=12 (full 0):
 PSYoungGen      total 53248K, used 46560K [0x00000000eaa80000, 0x00000000f0080000, 0x0000000100000000)
  eden space 46080K, 100% used [0x00000000eaa80000,0x00000000ed780000,0x00000000ed780000)
  from space 7168K, 6% used [0x00000000ed780000,0x00000000ed7f8000,0x00000000ede80000)
  to   space 7168K, 0% used [0x00000000ef980000,0x00000000ef980000,0x00000000f0080000)
 ParOldGen       total 40960K, used 11899K [0x00000000c0000000, 0x00000000c2800000, 0x00000000eaa80000)
  object space 40960K, 29% used [0x00000000c0000000,0x00000000c0b9ec18,0x00000000c2800000)
 PSPermGen       total 21504K, used 20725K [0x00000000b0000000, 0x00000000b1500000, 0x00000000c0000000)
  object space 21504K, 96% used [0x00000000b0000000,0x00000000b143d610,0x00000000b1500000)
Event: 9.802 GC heap after
Heap after GC invocations=12 (full 0):
 PSYoungGen      total 80896K, used 832K [0x00000000eaa80000, 0x00000000f0080000, 0x0000000100000000)
  eden space 73728K, 0% used [0x00000000eaa80000,0x00000000eaa80000,0x00000000ef280000)
  from space 7168K, 11% used [0x00000000ef980000,0x00000000efa50010,0x00000000f0080000)
  to   space 7168K, 0% used [0x00000000ef280000,0x00000000ef280000,0x00000000ef980000)
 ParOldGen       total 40960K, used 12339K [0x00000000c0000000, 0x00000000c2800000, 0x00000000eaa80000)
  object space 40960K, 30% used [0x00000000c0000000,0x00000000c0c0cc18,0x00000000c2800000)
 PSPermGen       total 21504K, used 20725K [0x00000000b0000000, 0x00000000b1500000, 0x00000000c0000000)
  object space 21504K, 96% used [0x00000000b0000000,0x00000000b143d610,0x00000000b1500000)
}
Event: 12.939 GC heap before
{Heap before GC invocations=13 (full 0):
 PSYoungGen      total 80896K, used 74560K [0x00000000eaa80000, 0x00000000f0080000, 0x0000000100000000)
  eden space 73728K, 100% used [0x00000000eaa80000,0x00000000ef280000,0x00000000ef280000)
  from space 7168K, 11% used [0x00000000ef980000,0x00000000efa50010,0x00000000f0080000)
  to   space 7168K, 0% used [0x00000000ef280000,0x00000000ef280000,0x00000000ef980000)
 ParOldGen       total 40960K, used 12339K [0x00000000c0000000, 0x00000000c2800000, 0x00000000eaa80000)
  object space 40960K, 30% used [0x00000000c0000000,0x00000000c0c0cc18,0x00000000c2800000)
 PSPermGen       total 25600K, used 25574K [0x00000000b0000000, 0x00000000b1900000, 0x00000000c0000000)
  object space 25600K, 99% used [0x00000000b0000000,0x00000000b18f98d8,0x00000000b1900000)
Event: 12.966 GC heap after
Heap after GC invocations=13 (full 0):
 PSYoungGen      total 80896K, used 7163K [0x00000000eaa80000, 0x00000000f3000000, 0x0000000100000000)
  eden space 73728K, 0% used [0x00000000eaa80000,0x00000000eaa80000,0x00000000ef280000)
  from space 7168K, 99% used [0x00000000ef280000,0x00000000ef97ed68,0x00000000ef980000)
  to   space 9216K, 0% used [0x00000000f2700000,0x00000000f2700000,0x00000000f3000000)
 ParOldGen       total 40960K, used 14615K [0x00000000c0000000, 0x00000000c2800000, 0x00000000eaa80000)
  object space 40960K, 35% used [0x00000000c0000000,0x00000000c0e45c38,0x00000000c2800000)
 PSPermGen       total 25600K, used 25574K [0x00000000b0000000, 0x00000000b1900000, 0x00000000c0000000)
  object space 25600K, 99% used [0x00000000b0000000,0x00000000b18f98d8,0x00000000b1900000)
}
Event: 15.501 GC heap before
{Heap before GC invocations=14 (full 0):
 PSYoungGen      total 80896K, used 80891K [0x00000000eaa80000, 0x00000000f3000000, 0x0000000100000000)
  eden space 73728K, 100% used [0x00000000eaa80000,0x00000000ef280000,0x00000000ef280000)
  from space 7168K, 99% used [0x00000000ef280000,0x00000000ef97ed68,0x00000000ef980000)
  to   space 9216K, 0% used [0x00000000f2700000,0x00000000f2700000,0x00000000f3000000)
 ParOldGen       total 40960K, used 14615K [0x00000000c0000000, 0x00000000c2800000, 0x00000000eaa80000)
  object space 40960K, 35% used [0x00000000c0000000,0x00000000c0e45c38,0x00000000c2800000)
 PSPermGen       total 30720K, used 30264K [0x00000000b0000000, 0x00000000b1e00000, 0x00000000c0000000)
  object space 30720K, 98% used [0x00000000b0000000,0x00000000b1d8e298,0x00000000b1e00000)
Event: 15.516 GC heap after
Heap after GC invocations=14 (full 0):
 PSYoungGen      total 127488K, used 5272K [0x00000000eaa80000, 0x00000000f3000000, 0x0000000100000000)
  eden space 118272K, 0% used [0x00000000eaa80000,0x00000000eaa80000,0x00000000f1e00000)
  from space 9216K, 57% used [0x00000000f2700000,0x00000000f2c26220,0x00000000f3000000)
  to   space 9216K, 0% used [0x00000000f1e00000,0x00000000f1e00000,0x00000000f2700000)
 ParOldGen       total 40960K, used 19439K [0x00000000c0000000, 0x00000000c2800000, 0x00000000eaa80000)
  object space 40960K, 47% used [0x00000000c0000000,0x00000000c12fbc88,0x00000000c2800000)
 PSPermGen       total 30720K, used 30264K [0x00000000b0000000, 0x00000000b1e00000, 0x00000000c0000000)
  object space 30720K, 98% used [0x00000000b0000000,0x00000000b1d8e298,0x00000000b1e00000)
}
Event: 21.367 GC heap before
{Heap before GC invocations=15 (full 0):
 PSYoungGen      total 127488K, used 123518K [0x00000000eaa80000, 0x00000000f3000000, 0x0000000100000000)
  eden space 118272K, 99% used [0x00000000eaa80000,0x00000000f1df9748,0x00000000f1e00000)
  from space 9216K, 57% used [0x00000000f2700000,0x00000000f2c26220,0x00000000f3000000)
  to   space 9216K, 0% used [0x00000000f1e00000,0x00000000f1e00000,0x00000000f2700000)
 ParOldGen       total 40960K, used 19439K [0x00000000c0000000, 0x00000000c2800000, 0x00000000eaa80000)
  object space 40960K, 47% used [0x00000000c0000000,0x00000000c12fbc88,0x00000000c2800000)
 PSPermGen       total 36864K, used 36577K [0x00000000b0000000, 0x00000000b2400000, 0x00000000c0000000)
  object space 36864K, 99% used [0x00000000b0000000,0x00000000b23b8740,0x00000000b2400000)

