# JRE version: OpenJDK Runtime Environment (7.0_91-b02) (build 1.7.0_91-b02)
# Java VM: OpenJDK 64-Bit Server VM (24.91-b01 mixed mode linux-amd64 compressed oops)
Heap
 PSYoungGen      total 208384K, used 8675K [0x00000000eaa80000, 0x00000000f7f00000, 0x0000000100000000)
  eden space 199680K, 0% used [0x00000000eaa80000,0x00000000eaa80000,0x00000000f6d80000)
  from space 8704K, 99% used [0x00000000f6d80000,0x00000000f75f8cc0,0x00000000f7600000)
  to   space 8192K, 0% used [0x00000000f7600000,0x00000000f7600000,0x00000000f7e00000)
 ParOldGen       total 40960K, used 31782K [0x00000000c0000000, 0x00000000c2800000, 0x00000000eaa80000)
  object space 40960K, 77% used [0x00000000c0000000,0x00000000c1f09890,0x00000000c2800000)
 PSPermGen       total 35840K, used 35528K [0x00000000b0000000, 0x00000000b2300000, 0x00000000c0000000)
  object space 35840K, 99% used [0x00000000b0000000,0x00000000b22b22d0,0x00000000b2300000)
GC Heap History (10 events):
Event: 4.840 GC heap after
Heap after GC invocations=6 (full 0):
 PSYoungGen      total 70144K, used 6507K [0x00000000eaa80000, 0x00000000ef980000, 0x0000000100000000)
  eden space 62464K, 0% used [0x00000000eaa80000,0x00000000eaa80000,0x00000000ee780000)
  from space 7680K, 84% used [0x00000000ef000000,0x00000000ef65af08,0x00000000ef780000)
  to   space 8704K, 0% used [0x00000000ee780000,0x00000000ee780000,0x00000000ef000000)
 ParOldGen       total 40960K, used 8447K [0x00000000c0000000, 0x00000000c2800000, 0x00000000eaa80000)
  object space 40960K, 20% used [0x00000000c0000000,0x00000000c083fd78,0x00000000c2800000)
 PSPermGen       total 22016K, used 21752K [0x00000000b0000000, 0x00000000b1580000, 0x00000000c0000000)
  object space 22016K, 98% used [0x00000000b0000000,0x00000000b153e280,0x00000000b1580000)
}
Event: 5.237 GC heap before
{Heap before GC invocations=7 (full 0):
 PSYoungGen      total 70144K, used 68971K [0x00000000eaa80000, 0x00000000ef980000, 0x0000000100000000)
  eden space 62464K, 100% used [0x00000000eaa80000,0x00000000ee780000,0x00000000ee780000)
  from space 7680K, 84% used [0x00000000ef000000,0x00000000ef65af08,0x00000000ef780000)
  to   space 8704K, 0% used [0x00000000ee780000,0x00000000ee780000,0x00000000ef000000)
 ParOldGen       total 40960K, used 8447K [0x00000000c0000000, 0x00000000c2800000, 0x00000000eaa80000)
  object space 40960K, 20% used [0x00000000c0000000,0x00000000c083fd78,0x00000000c2800000)
 PSPermGen       total 22016K, used 21881K [0x00000000b0000000, 0x00000000b1580000, 0x00000000c0000000)
  object space 22016K, 99% used [0x00000000b0000000,0x00000000b155e530,0x00000000b1580000)
Event: 5.245 GC heap after
Heap after GC invocations=7 (full 0):
 PSYoungGen      total 71168K, used 3992K [0x00000000eaa80000, 0x00000000f3480000, 0x0000000100000000)
  eden space 62464K, 0% used [0x00000000eaa80000,0x00000000eaa80000,0x00000000ee780000)
  from space 8704K, 45% used [0x00000000ee780000,0x00000000eeb661d8,0x00000000ef000000)
  to   space 8192K, 0% used [0x00000000f2c80000,0x00000000f2c80000,0x00000000f3480000)
 ParOldGen       total 40960K, used 9342K [0x00000000c0000000, 0x00000000c2800000, 0x00000000eaa80000)
  object space 40960K, 22% used [0x00000000c0000000,0x00000000c091f8a8,0x00000000c2800000)
 PSPermGen       total 22016K, used 21881K [0x00000000b0000000, 0x00000000b1580000, 0x00000000c0000000)
  object space 22016K, 99% used [0x00000000b0000000,0x00000000b155e530,0x00000000b1580000)
}
Event: 5.431 GC heap before
{Heap before GC invocations=8 (full 0):
 PSYoungGen      total 71168K, used 66456K [0x00000000eaa80000, 0x00000000f3480000, 0x0000000100000000)
  eden space 62464K, 100% used [0x00000000eaa80000,0x00000000ee780000,0x00000000ee780000)
  from space 8704K, 45% used [0x00000000ee780000,0x00000000eeb661d8,0x00000000ef000000)
  to   space 8192K, 0% used [0x00000000f2c80000,0x00000000f2c80000,0x00000000f3480000)
 ParOldGen       total 40960K, used 9342K [0x00000000c0000000, 0x00000000c2800000, 0x00000000eaa80000)
  object space 40960K, 22% used [0x00000000c0000000,0x00000000c091f8a8,0x00000000c2800000)
 PSPermGen       total 22016K, used 21892K [0x00000000b0000000, 0x00000000b1580000, 0x00000000c0000000)
  object space 22016K, 99% used [0x00000000b0000000,0x00000000b1561130,0x00000000b1580000)
Event: 5.437 GC heap after
Heap after GC invocations=8 (full 0):
 PSYoungGen      total 132096K, used 3412K [0x00000000eaa80000, 0x00000000f3380000, 0x0000000100000000)
  eden space 124928K, 0% used [0x00000000eaa80000,0x00000000eaa80000,0x00000000f2480000)
  from space 7168K, 47% used [0x00000000f2c80000,0x00000000f2fd50d0,0x00000000f3380000)
  to   space 7680K, 0% used [0x00000000f2480000,0x00000000f2480000,0x00000000f2c00000)
 ParOldGen       total 40960K, used 10090K [0x00000000c0000000, 0x00000000c2800000, 0x00000000eaa80000)
  object space 40960K, 24% used [0x00000000c0000000,0x00000000c09dabd8,0x00000000c2800000)
 PSPermGen       total 22016K, used 21892K [0x00000000b0000000, 0x00000000b1580000, 0x00000000c0000000)
  object space 22016K, 99% used [0x00000000b0000000,0x00000000b1561130,0x00000000b1580000)
}
Event: 5.906 GC heap before
{Heap before GC invocations=9 (full 0):
 PSYoungGen      total 132096K, used 128340K [0x00000000eaa80000, 0x00000000f3380000, 0x0000000100000000)
  eden space 124928K, 100% used [0x00000000eaa80000,0x00000000f2480000,0x00000000f2480000)
  from space 7168K, 47% used [0x00000000f2c80000,0x00000000f2fd50d0,0x00000000f3380000)
  to   space 7680K, 0% used [0x00000000f2480000,0x00000000f2480000,0x00000000f2c00000)
 ParOldGen       total 40960K, used 10090K [0x00000000c0000000, 0x00000000c2800000, 0x00000000eaa80000)
  object space 40960K, 24% used [0x00000000c0000000,0x00000000c09dabd8,0x00000000c2800000)
 PSPermGen       total 22016K, used 21919K [0x00000000b0000000, 0x00000000b1580000, 0x00000000c0000000)
  object space 22016K, 99% used [0x00000000b0000000,0x00000000b1567c60,0x00000000b1580000)
Event: 5.912 GC heap after
Heap after GC invocations=9 (full 0):
 PSYoungGen      total 132608K, used 1440K [0x00000000eaa80000, 0x00000000f7e00000, 0x0000000100000000)
  eden space 124928K, 0% used [0x00000000eaa80000,0x00000000eaa80000,0x00000000f2480000)
  from space 7680K, 18% used [0x00000000f2480000,0x00000000f25e8020,0x00000000f2c00000)
  to   space 8192K, 0% used [0x00000000f7600000,0x00000000f7600000,0x00000000f7e00000)
 ParOldGen       total 40960K, used 12643K [0x00000000c0000000, 0x00000000c2800000, 0x00000000eaa80000)
  object space 40960K, 30% used [0x00000000c0000000,0x00000000c0c58f10,0x00000000c2800000)
 PSPermGen       total 22016K, used 21919K [0x00000000b0000000, 0x00000000b1580000, 0x00000000c0000000)
  object space 22016K, 99% used [0x00000000b0000000,0x00000000b1567c60,0x00000000b1580000)
}
Event: 7.376 GC heap before
{Heap before GC invocations=10 (full 0):
 PSYoungGen      total 132608K, used 126368K [0x00000000eaa80000, 0x00000000f7e00000, 0x0000000100000000)
  eden space 124928K, 100% used [0x00000000eaa80000,0x00000000f2480000,0x00000000f2480000)
  from space 7680K, 18% used [0x00000000f2480000,0x00000000f25e8020,0x00000000f2c00000)
  to   space 8192K, 0% used [0x00000000f7600000,0x00000000f7600000,0x00000000f7e00000)
 ParOldGen       total 40960K, used 12643K [0x00000000c0000000, 0x00000000c2800000, 0x00000000eaa80000)
  object space 40960K, 30% used [0x00000000c0000000,0x00000000c0c58f10,0x00000000c2800000)
 PSPermGen       total 24576K, used 24368K [0x00000000b0000000, 0x00000000b1800000, 0x00000000c0000000)
  object space 24576K, 99% used [0x00000000b0000000,0x00000000b17cc070,0x00000000b1800000)
Event: 7.385 GC heap after
Heap after GC invocations=10 (full 0):
 PSYoungGen      total 207872K, used 7399K [0x00000000eaa80000, 0x00000000f7f00000, 0x0000000100000000)
  eden space 199680K, 0% used [0x00000000eaa80000,0x00000000eaa80000,0x00000000f6d80000)
  from space 8192K, 90% used [0x00000000f7600000,0x00000000f7d39d20,0x00000000f7e00000)
  to   space 8704K, 0% used [0x00000000f6d80000,0x00000000f6d80000,0x00000000f7600000)
 ParOldGen       total 40960K, used 13427K [0x00000000c0000000, 0x00000000c2800000, 0x00000000eaa80000)
  object space 40960K, 32% used [0x00000000c0000000,0x00000000c0d1cf30,0x00000000c2800000)
 PSPermGen       total 24576K, used 24368K [0x00000000b0000000, 0x00000000b1800000, 0x00000000c0000000)
  object space 24576K, 99% used [0x00000000b0000000,0x00000000b17cc070,0x00000000b1800000)
}
Event: 20.423 GC heap before
{Heap before GC invocations=11 (full 0):
 PSYoungGen      total 207872K, used 207079K [0x00000000eaa80000, 0x00000000f7f00000, 0x0000000100000000)
  eden space 199680K, 100% used [0x00000000eaa80000,0x00000000f6d80000,0x00000000f6d80000)
  from space 8192K, 90% used [0x00000000f7600000,0x00000000f7d39d20,0x00000000f7e00000)
  to   space 8704K, 0% used [0x00000000f6d80000,0x00000000f6d80000,0x00000000f7600000)
 ParOldGen       total 40960K, used 13427K [0x00000000c0000000, 0x00000000c2800000, 0x00000000eaa80000)
  object space 40960K, 32% used [0x00000000c0000000,0x00000000c0d1cf30,0x00000000c2800000)
 PSPermGen       total 35840K, used 35528K [0x00000000b0000000, 0x00000000b2300000, 0x00000000c0000000)
  object space 35840K, 99% used [0x00000000b0000000,0x00000000b22b22d0,0x00000000b2300000)

