# JRE version: OpenJDK Runtime Environment (7.0_91-b02) (build 1.7.0_91-b02)
# Java VM: OpenJDK 64-Bit Server VM (24.91-b01 mixed mode linux-amd64 compressed oops)
Heap
 PSYoungGen      total 214016K, used 15355K [0x00000000eaa80000, 0x00000000f8b00000, 0x0000000100000000)
  eden space 198656K, 0% used [0x00000000eaa80000,0x00000000eaa80000,0x00000000f6c80000)
  from space 15360K, 99% used [0x00000000f6c80000,0x00000000f7b7edc8,0x00000000f7b80000)
  to   space 14848K, 0% used [0x00000000f7b80000,0x00000000f7b80000,0x00000000f8a00000)
 ParOldGen       total 56832K, used 43429K [0x00000000c0000000, 0x00000000c3780000, 0x00000000eaa80000)
  object space 56832K, 76% used [0x00000000c0000000,0x00000000c2a69490,0x00000000c3780000)
 PSPermGen       total 21504K, used 7709K [0x00000000b5a00000, 0x00000000b6f00000, 0x00000000c0000000)
  object space 21504K, 35% used [0x00000000b5a00000,0x00000000b6187470,0x00000000b6f00000)
GC Heap History (10 events):
Event: 8.293 GC heap after
Heap after GC invocations=7 (full 0):
 PSYoungGen      total 72192K, used 9696K [0x00000000eaa80000, 0x00000000f4180000, 0x0000000100000000)
  eden space 62464K, 0% used [0x00000000eaa80000,0x00000000eaa80000,0x00000000ee780000)
  from space 9728K, 99% used [0x00000000ee780000,0x00000000ef0f83d8,0x00000000ef100000)
  to   space 14848K, 0% used [0x00000000f3300000,0x00000000f3300000,0x00000000f4180000)
 ParOldGen       total 40960K, used 26035K [0x00000000c0000000, 0x00000000c2800000, 0x00000000eaa80000)
  object space 40960K, 63% used [0x00000000c0000000,0x00000000c196cf80,0x00000000c2800000)
 PSPermGen       total 21504K, used 7516K [0x00000000b5a00000, 0x00000000b6f00000, 0x00000000c0000000)
  object space 21504K, 34% used [0x00000000b5a00000,0x00000000b61573e8,0x00000000b6f00000)
}
Event: 8.694 GC heap before
{Heap before GC invocations=8 (full 0):
 PSYoungGen      total 72192K, used 72160K [0x00000000eaa80000, 0x00000000f4180000, 0x0000000100000000)
  eden space 62464K, 100% used [0x00000000eaa80000,0x00000000ee780000,0x00000000ee780000)
  from space 9728K, 99% used [0x00000000ee780000,0x00000000ef0f83d8,0x00000000ef100000)
  to   space 14848K, 0% used [0x00000000f3300000,0x00000000f3300000,0x00000000f4180000)
 ParOldGen       total 40960K, used 26035K [0x00000000c0000000, 0x00000000c2800000, 0x00000000eaa80000)
  object space 40960K, 63% used [0x00000000c0000000,0x00000000c196cf80,0x00000000c2800000)
 PSPermGen       total 21504K, used 7583K [0x00000000b5a00000, 0x00000000b6f00000, 0x00000000c0000000)
  object space 21504K, 35% used [0x00000000b5a00000,0x00000000b6167c78,0x00000000b6f00000)
Event: 8.707 GC heap after
Heap after GC invocations=8 (full 0):
 PSYoungGen      total 139264K, used 10987K [0x00000000eaa80000, 0x00000000f4280000, 0x0000000100000000)
  eden space 124416K, 0% used [0x00000000eaa80000,0x00000000eaa80000,0x00000000f2400000)
  from space 14848K, 73% used [0x00000000f3300000,0x00000000f3dbac70,0x00000000f4180000)
  to   space 15360K, 0% used [0x00000000f2400000,0x00000000f2400000,0x00000000f3300000)
 ParOldGen       total 40960K, used 26315K [0x00000000c0000000, 0x00000000c2800000, 0x00000000eaa80000)
  object space 40960K, 64% used [0x00000000c0000000,0x00000000c19b2f80,0x00000000c2800000)
 PSPermGen       total 21504K, used 7583K [0x00000000b5a00000, 0x00000000b6f00000, 0x00000000c0000000)
  object space 21504K, 35% used [0x00000000b5a00000,0x00000000b6167c78,0x00000000b6f00000)
}
Event: 9.869 GC heap before
{Heap before GC invocations=9 (full 0):
 PSYoungGen      total 139264K, used 133840K [0x00000000eaa80000, 0x00000000f4280000, 0x0000000100000000)
  eden space 124416K, 98% used [0x00000000eaa80000,0x00000000f22793a8,0x00000000f2400000)
  from space 14848K, 73% used [0x00000000f3300000,0x00000000f3dbac70,0x00000000f4180000)
  to   space 15360K, 0% used [0x00000000f2400000,0x00000000f2400000,0x00000000f3300000)
 ParOldGen       total 40960K, used 26315K [0x00000000c0000000, 0x00000000c2800000, 0x00000000eaa80000)
  object space 40960K, 64% used [0x00000000c0000000,0x00000000c19b2f80,0x00000000c2800000)
 PSPermGen       total 21504K, used 7694K [0x00000000b5a00000, 0x00000000b6f00000, 0x00000000c0000000)
  object space 21504K, 35% used [0x00000000b5a00000,0x00000000b61838f0,0x00000000b6f00000)
Event: 9.880 GC heap after
Heap after GC invocations=9 (full 0):
 PSYoungGen      total 139776K, used 9251K [0x00000000eaa80000, 0x00000000f8a00000, 0x0000000100000000)
  eden space 124416K, 0% used [0x00000000eaa80000,0x00000000eaa80000,0x00000000f2400000)
  from space 15360K, 60% used [0x00000000f2400000,0x00000000f2d08f98,0x00000000f3300000)
  to   space 14848K, 0% used [0x00000000f7b80000,0x00000000f7b80000,0x00000000f8a00000)
 ParOldGen       total 40960K, used 27876K [0x00000000c0000000, 0x00000000c2800000, 0x00000000eaa80000)
  object space 40960K, 68% used [0x00000000c0000000,0x00000000c1b39030,0x00000000c2800000)
 PSPermGen       total 21504K, used 7694K [0x00000000b5a00000, 0x00000000b6f00000, 0x00000000c0000000)
  object space 21504K, 35% used [0x00000000b5a00000,0x00000000b61838f0,0x00000000b6f00000)
}
Event: 10.250 GC heap before
{Heap before GC invocations=10 (full 0):
 PSYoungGen      total 139776K, used 133667K [0x00000000eaa80000, 0x00000000f8a00000, 0x0000000100000000)
  eden space 124416K, 100% used [0x00000000eaa80000,0x00000000f2400000,0x00000000f2400000)
  from space 15360K, 60% used [0x00000000f2400000,0x00000000f2d08f98,0x00000000f3300000)
  to   space 14848K, 0% used [0x00000000f7b80000,0x00000000f7b80000,0x00000000f8a00000)
 ParOldGen       total 40960K, used 27876K [0x00000000c0000000, 0x00000000c2800000, 0x00000000eaa80000)
  object space 40960K, 68% used [0x00000000c0000000,0x00000000c1b39030,0x00000000c2800000)
 PSPermGen       total 21504K, used 7703K [0x00000000b5a00000, 0x00000000b6f00000, 0x00000000c0000000)
  object space 21504K, 35% used [0x00000000b5a00000,0x00000000b6185d10,0x00000000b6f00000)
Event: 10.278 GC heap after
Heap after GC invocations=10 (full 0):
 PSYoungGen      total 213504K, used 11318K [0x00000000eaa80000, 0x00000000f8b00000, 0x0000000100000000)
  eden space 198656K, 0% used [0x00000000eaa80000,0x00000000eaa80000,0x00000000f6c80000)
  from space 14848K, 76% used [0x00000000f7b80000,0x00000000f868da28,0x00000000f8a00000)
  to   space 15360K, 0% used [0x00000000f6c80000,0x00000000f6c80000,0x00000000f7b80000)
 ParOldGen       total 40960K, used 35899K [0x00000000c0000000, 0x00000000c2800000, 0x00000000eaa80000)
  object space 40960K, 87% used [0x00000000c0000000,0x00000000c230ecc8,0x00000000c2800000)
 PSPermGen       total 21504K, used 7703K [0x00000000b5a00000, 0x00000000b6f00000, 0x00000000c0000000)
  object space 21504K, 35% used [0x00000000b5a00000,0x00000000b6185d10,0x00000000b6f00000)
}
Event: 10.278 GC heap before
{Heap before GC invocations=11 (full 1):
 PSYoungGen      total 213504K, used 11318K [0x00000000eaa80000, 0x00000000f8b00000, 0x0000000100000000)
  eden space 198656K, 0% used [0x00000000eaa80000,0x00000000eaa80000,0x00000000f6c80000)
  from space 14848K, 76% used [0x00000000f7b80000,0x00000000f868da28,0x00000000f8a00000)
  to   space 15360K, 0% used [0x00000000f6c80000,0x00000000f6c80000,0x00000000f7b80000)
 ParOldGen       total 40960K, used 35899K [0x00000000c0000000, 0x00000000c2800000, 0x00000000eaa80000)
  object space 40960K, 87% used [0x00000000c0000000,0x00000000c230ecc8,0x00000000c2800000)
 PSPermGen       total 21504K, used 7703K [0x00000000b5a00000, 0x00000000b6f00000, 0x00000000c0000000)
  object space 21504K, 35% used [0x00000000b5a00000,0x00000000b6185d10,0x00000000b6f00000)
Event: 10.481 GC heap after
Heap after GC invocations=11 (full 1):
 PSYoungGen      total 213504K, used 0K [0x00000000eaa80000, 0x00000000f8b00000, 0x0000000100000000)
  eden space 198656K, 0% used [0x00000000eaa80000,0x00000000eaa80000,0x00000000f6c80000)
  from space 14848K, 0% used [0x00000000f7b80000,0x00000000f7b80000,0x00000000f8a00000)
  to   space 15360K, 0% used [0x00000000f6c80000,0x00000000f6c80000,0x00000000f7b80000)
 ParOldGen       total 56832K, used 26813K [0x00000000c0000000, 0x00000000c3780000, 0x00000000eaa80000)
  object space 56832K, 47% used [0x00000000c0000000,0x00000000c1a2f670,0x00000000c3780000)
 PSPermGen       total 21504K, used 7699K [0x00000000b5a00000, 0x00000000b6f00000, 0x00000000c0000000)
  object space 21504K, 35% used [0x00000000b5a00000,0x00000000b6184e70,0x00000000b6f00000)
}
Event: 10.917 GC heap before
{Heap before GC invocations=12 (full 1):
 PSYoungGen      total 213504K, used 198656K [0x00000000eaa80000, 0x00000000f8b00000, 0x0000000100000000)
  eden space 198656K, 100% used [0x00000000eaa80000,0x00000000f6c80000,0x00000000f6c80000)
  from space 14848K, 0% used [0x00000000f7b80000,0x00000000f7b80000,0x00000000f8a00000)
  to   space 15360K, 0% used [0x00000000f6c80000,0x00000000f6c80000,0x00000000f7b80000)
 ParOldGen       total 56832K, used 26813K [0x00000000c0000000, 0x00000000c3780000, 0x00000000eaa80000)
  object space 56832K, 47% used [0x00000000c0000000,0x00000000c1a2f670,0x00000000c3780000)
 PSPermGen       total 21504K, used 7709K [0x00000000b5a00000, 0x00000000b6f00000, 0x00000000c0000000)
  object space 21504K, 35% used [0x00000000b5a00000,0x00000000b6187470,0x00000000b6f00000)

