# JRE version: OpenJDK Runtime Environment (7.0_91-b02) (build 1.7.0_91-b02)
# Java VM: OpenJDK 64-Bit Server VM (24.91-b01 mixed mode linux-amd64 compressed oops)
Heap
 PSYoungGen      total 230912K, used 13569K [0x00000000eaa80000, 0x00000000fac00000, 0x0000000100000000)
  eden space 210944K, 0% used [0x00000000eaa80000,0x00000000eaa80000,0x00000000f7880000)
  from space 19968K, 67% used [0x00000000f7880000,0x00000000f85c0700,0x00000000f8c00000)
  to   space 18432K, 0% used [0x00000000f8c00000,0x00000000f8c00000,0x00000000f9e00000)
 ParOldGen       total 74240K, used 36484K [0x00000000c0000000, 0x00000000c4880000, 0x00000000eaa80000)
  object space 74240K, 49% used [0x00000000c0000000,0x00000000c23a1338,0x00000000c4880000)
 PSPermGen       total 21504K, used 7756K [0x00000000b5a00000, 0x00000000b6f00000, 0x00000000c0000000)
  object space 21504K, 36% used [0x00000000b5a00000,0x00000000b6193060,0x00000000b6f00000)
GC Heap History (10 events):
Event: 5.968 GC heap after
Heap after GC invocations=7 (full 1):
 PSYoungGen      total 136192K, used 0K [0x00000000eaa80000, 0x00000000f4a80000, 0x0000000100000000)
  eden space 122368K, 0% used [0x00000000eaa80000,0x00000000eaa80000,0x00000000f2200000)
  from space 13824K, 0% used [0x00000000f3400000,0x00000000f3400000,0x00000000f4180000)
  to   space 18432K, 0% used [0x00000000f2200000,0x00000000f2200000,0x00000000f3400000)
 ParOldGen       total 74240K, used 36468K [0x00000000c0000000, 0x00000000c4880000, 0x00000000eaa80000)
  object space 74240K, 49% used [0x00000000c0000000,0x00000000c239d338,0x00000000c4880000)
 PSPermGen       total 21504K, used 6281K [0x00000000b5a00000, 0x00000000b6f00000, 0x00000000c0000000)
  object space 21504K, 29% used [0x00000000b5a00000,0x00000000b60226a0,0x00000000b6f00000)
}
Event: 8.793 GC heap before
{Heap before GC invocations=8 (full 1):
 PSYoungGen      total 136192K, used 122368K [0x00000000eaa80000, 0x00000000f4a80000, 0x0000000100000000)
  eden space 122368K, 100% used [0x00000000eaa80000,0x00000000f2200000,0x00000000f2200000)
  from space 13824K, 0% used [0x00000000f3400000,0x00000000f3400000,0x00000000f4180000)
  to   space 18432K, 0% used [0x00000000f2200000,0x00000000f2200000,0x00000000f3400000)
 ParOldGen       total 74240K, used 36468K [0x00000000c0000000, 0x00000000c4880000, 0x00000000eaa80000)
  object space 74240K, 49% used [0x00000000c0000000,0x00000000c239d338,0x00000000c4880000)
 PSPermGen       total 21504K, used 7632K [0x00000000b5a00000, 0x00000000b6f00000, 0x00000000c0000000)
  object space 21504K, 35% used [0x00000000b5a00000,0x00000000b6174140,0x00000000b6f00000)
Event: 8.804 GC heap after
Heap after GC invocations=8 (full 1):
 PSYoungGen      total 140800K, used 13347K [0x00000000eaa80000, 0x00000000f6600000, 0x0000000100000000)
  eden space 122368K, 0% used [0x00000000eaa80000,0x00000000eaa80000,0x00000000f2200000)
  from space 18432K, 72% used [0x00000000f2200000,0x00000000f2f08e20,0x00000000f3400000)
  to   space 18944K, 0% used [0x00000000f5380000,0x00000000f5380000,0x00000000f6600000)
 ParOldGen       total 74240K, used 36468K [0x00000000c0000000, 0x00000000c4880000, 0x00000000eaa80000)
  object space 74240K, 49% used [0x00000000c0000000,0x00000000c239d338,0x00000000c4880000)
 PSPermGen       total 21504K, used 7632K [0x00000000b5a00000, 0x00000000b6f00000, 0x00000000c0000000)
  object space 21504K, 35% used [0x00000000b5a00000,0x00000000b6174140,0x00000000b6f00000)
}
Event: 9.224 GC heap before
{Heap before GC invocations=9 (full 1):
 PSYoungGen      total 140800K, used 135715K [0x00000000eaa80000, 0x00000000f6600000, 0x0000000100000000)
  eden space 122368K, 100% used [0x00000000eaa80000,0x00000000f2200000,0x00000000f2200000)
  from space 18432K, 72% used [0x00000000f2200000,0x00000000f2f08e20,0x00000000f3400000)
  to   space 18944K, 0% used [0x00000000f5380000,0x00000000f5380000,0x00000000f6600000)
 ParOldGen       total 74240K, used 36468K [0x00000000c0000000, 0x00000000c4880000, 0x00000000eaa80000)
  object space 74240K, 49% used [0x00000000c0000000,0x00000000c239d338,0x00000000c4880000)
 PSPermGen       total 21504K, used 7736K [0x00000000b5a00000, 0x00000000b6f00000, 0x00000000c0000000)
  object space 21504K, 35% used [0x00000000b5a00000,0x00000000b618e3b8,0x00000000b6f00000)
Event: 9.232 GC heap after
Heap after GC invocations=9 (full 1):
 PSYoungGen      total 173568K, used 10561K [0x00000000eaa80000, 0x00000000f6680000, 0x0000000100000000)
  eden space 154624K, 0% used [0x00000000eaa80000,0x00000000eaa80000,0x00000000f4180000)
  from space 18944K, 55% used [0x00000000f5380000,0x00000000f5dd05c8,0x00000000f6600000)
  to   space 18432K, 0% used [0x00000000f4180000,0x00000000f4180000,0x00000000f5380000)
 ParOldGen       total 74240K, used 36468K [0x00000000c0000000, 0x00000000c4880000, 0x00000000eaa80000)
  object space 74240K, 49% used [0x00000000c0000000,0x00000000c239d338,0x00000000c4880000)
 PSPermGen       total 21504K, used 7736K [0x00000000b5a00000, 0x00000000b6f00000, 0x00000000c0000000)
  object space 21504K, 35% used [0x00000000b5a00000,0x00000000b618e3b8,0x00000000b6f00000)
}
Event: 9.654 GC heap before
{Heap before GC invocations=10 (full 1):
 PSYoungGen      total 173568K, used 165185K [0x00000000eaa80000, 0x00000000f6680000, 0x0000000100000000)
  eden space 154624K, 100% used [0x00000000eaa80000,0x00000000f4180000,0x00000000f4180000)
  from space 18944K, 55% used [0x00000000f5380000,0x00000000f5dd05c8,0x00000000f6600000)
  to   space 18432K, 0% used [0x00000000f4180000,0x00000000f4180000,0x00000000f5380000)
 ParOldGen       total 74240K, used 36468K [0x00000000c0000000, 0x00000000c4880000, 0x00000000eaa80000)
  object space 74240K, 49% used [0x00000000c0000000,0x00000000c239d338,0x00000000c4880000)
 PSPermGen       total 21504K, used 7750K [0x00000000b5a00000, 0x00000000b6f00000, 0x00000000c0000000)
  object space 21504K, 36% used [0x00000000b5a00000,0x00000000b61919d0,0x00000000b6f00000)
Event: 9.780 GC heap after
Heap after GC invocations=10 (full 1):
 PSYoungGen      total 173056K, used 12015K [0x00000000eaa80000, 0x00000000f9e00000, 0x0000000100000000)
  eden space 154624K, 0% used [0x00000000eaa80000,0x00000000eaa80000,0x00000000f4180000)
  from space 18432K, 65% used [0x00000000f4180000,0x00000000f4d3bc70,0x00000000f5380000)
  to   space 18432K, 0% used [0x00000000f8c00000,0x00000000f8c00000,0x00000000f9e00000)
 ParOldGen       total 74240K, used 36476K [0x00000000c0000000, 0x00000000c4880000, 0x00000000eaa80000)
  object space 74240K, 49% used [0x00000000c0000000,0x00000000c239f338,0x00000000c4880000)
 PSPermGen       total 21504K, used 7750K [0x00000000b5a00000, 0x00000000b6f00000, 0x00000000c0000000)
  object space 21504K, 36% used [0x00000000b5a00000,0x00000000b61919d0,0x00000000b6f00000)
}
Event: 10.344 GC heap before
{Heap before GC invocations=11 (full 1):
 PSYoungGen      total 173056K, used 166639K [0x00000000eaa80000, 0x00000000f9e00000, 0x0000000100000000)
  eden space 154624K, 100% used [0x00000000eaa80000,0x00000000f4180000,0x00000000f4180000)
  from space 18432K, 65% used [0x00000000f4180000,0x00000000f4d3bc70,0x00000000f5380000)
  to   space 18432K, 0% used [0x00000000f8c00000,0x00000000f8c00000,0x00000000f9e00000)
 ParOldGen       total 74240K, used 36476K [0x00000000c0000000, 0x00000000c4880000, 0x00000000eaa80000)
  object space 74240K, 49% used [0x00000000c0000000,0x00000000c239f338,0x00000000c4880000)
 PSPermGen       total 21504K, used 7753K [0x00000000b5a00000, 0x00000000b6f00000, 0x00000000c0000000)
  object space 21504K, 36% used [0x00000000b5a00000,0x00000000b61925e8,0x00000000b6f00000)
Event: 10.558 GC heap after
Heap after GC invocations=11 (full 1):
 PSYoungGen      total 229376K, used 16908K [0x00000000eaa80000, 0x00000000fac00000, 0x0000000100000000)
  eden space 210944K, 0% used [0x00000000eaa80000,0x00000000eaa80000,0x00000000f7880000)
  from space 18432K, 91% used [0x00000000f8c00000,0x00000000f9c83348,0x00000000f9e00000)
  to   space 19968K, 0% used [0x00000000f7880000,0x00000000f7880000,0x00000000f8c00000)
 ParOldGen       total 74240K, used 36484K [0x00000000c0000000, 0x00000000c4880000, 0x00000000eaa80000)
  object space 74240K, 49% used [0x00000000c0000000,0x00000000c23a1338,0x00000000c4880000)
 PSPermGen       total 21504K, used 7753K [0x00000000b5a00000, 0x00000000b6f00000, 0x00000000c0000000)
  object space 21504K, 36% used [0x00000000b5a00000,0x00000000b61925e8,0x00000000b6f00000)
}
Event: 10.973 GC heap before
{Heap before GC invocations=12 (full 1):
 PSYoungGen      total 229376K, used 226894K [0x00000000eaa80000, 0x00000000fac00000, 0x0000000100000000)
  eden space 210944K, 99% used [0x00000000eaa80000,0x00000000f77904b8,0x00000000f7880000)
  from space 18432K, 91% used [0x00000000f8c00000,0x00000000f9c83348,0x00000000f9e00000)
  to   space 19968K, 0% used [0x00000000f7880000,0x00000000f7880000,0x00000000f8c00000)
 ParOldGen       total 74240K, used 36484K [0x00000000c0000000, 0x00000000c4880000, 0x00000000eaa80000)
  object space 74240K, 49% used [0x00000000c0000000,0x00000000c23a1338,0x00000000c4880000)
 PSPermGen       total 21504K, used 7756K [0x00000000b5a00000, 0x00000000b6f00000, 0x00000000c0000000)
  object space 21504K, 36% used [0x00000000b5a00000,0x00000000b6193060,0x00000000b6f00000)

