# JRE version: OpenJDK Runtime Environment (7.0_91-b02) (build 1.7.0_91-b02)
# Java VM: OpenJDK 64-Bit Server VM (24.91-b01 mixed mode linux-amd64 compressed oops)
Heap
 PSYoungGen      total 214528K, used 19158K [0x00000000eaa80000, 0x00000000f9080000, 0x0000000100000000)
  eden space 194048K, 0% used [0x00000000eaa80000,0x00000000eaa80000,0x00000000f6800000)
  from space 20480K, 93% used [0x00000000f6800000,0x00000000f7ab5828,0x00000000f7c00000)
  to   space 19968K, 0% used [0x00000000f7c00000,0x00000000f7c00000,0x00000000f8f80000)
 ParOldGen       total 62976K, used 33471K [0x00000000c0000000, 0x00000000c3d80000, 0x00000000eaa80000)
  object space 62976K, 53% used [0x00000000c0000000,0x00000000c20afd60,0x00000000c3d80000)
 PSPermGen       total 21504K, used 7746K [0x00000000b5a00000, 0x00000000b6f00000, 0x00000000c0000000)
  object space 21504K, 36% used [0x00000000b5a00000,0x00000000b6190898,0x00000000b6f00000)
GC Heap History (10 events):
Event: 4.851 GC heap after
Heap after GC invocations=7 (full 0):
 PSYoungGen      total 71680K, used 8688K [0x00000000eaa80000, 0x00000000f4080000, 0x0000000100000000)
  eden space 62976K, 0% used [0x00000000eaa80000,0x00000000eaa80000,0x00000000ee800000)
  from space 8704K, 99% used [0x00000000ee800000,0x00000000ef07c008,0x00000000ef080000)
  to   space 13824K, 0% used [0x00000000f3300000,0x00000000f3300000,0x00000000f4080000)
 ParOldGen       total 40960K, used 24904K [0x00000000c0000000, 0x00000000c2800000, 0x00000000eaa80000)
  object space 40960K, 60% used [0x00000000c0000000,0x00000000c1852398,0x00000000c2800000)
 PSPermGen       total 21504K, used 5685K [0x00000000b5a00000, 0x00000000b6f00000, 0x00000000c0000000)
  object space 21504K, 26% used [0x00000000b5a00000,0x00000000b5f8d7d8,0x00000000b6f00000)
}
Event: 8.852 GC heap before
{Heap before GC invocations=8 (full 0):
 PSYoungGen      total 71680K, used 71664K [0x00000000eaa80000, 0x00000000f4080000, 0x0000000100000000)
  eden space 62976K, 100% used [0x00000000eaa80000,0x00000000ee800000,0x00000000ee800000)
  from space 8704K, 99% used [0x00000000ee800000,0x00000000ef07c008,0x00000000ef080000)
  to   space 13824K, 0% used [0x00000000f3300000,0x00000000f3300000,0x00000000f4080000)
 ParOldGen       total 40960K, used 24904K [0x00000000c0000000, 0x00000000c2800000, 0x00000000eaa80000)
  object space 40960K, 60% used [0x00000000c0000000,0x00000000c1852398,0x00000000c2800000)
 PSPermGen       total 21504K, used 7565K [0x00000000b5a00000, 0x00000000b6f00000, 0x00000000c0000000)
  object space 21504K, 35% used [0x00000000b5a00000,0x00000000b61637d8,0x00000000b6f00000)
Event: 8.887 GC heap after
Heap after GC invocations=8 (full 0):
 PSYoungGen      total 135168K, used 13796K [0x00000000eaa80000, 0x00000000f4980000, 0x0000000100000000)
  eden space 121344K, 0% used [0x00000000eaa80000,0x00000000eaa80000,0x00000000f2100000)
  from space 13824K, 99% used [0x00000000f3300000,0x00000000f40790a8,0x00000000f4080000)
  to   space 18432K, 0% used [0x00000000f2100000,0x00000000f2100000,0x00000000f3300000)
 ParOldGen       total 40960K, used 31144K [0x00000000c0000000, 0x00000000c2800000, 0x00000000eaa80000)
  object space 40960K, 76% used [0x00000000c0000000,0x00000000c1e6a0b0,0x00000000c2800000)
 PSPermGen       total 21504K, used 7565K [0x00000000b5a00000, 0x00000000b6f00000, 0x00000000c0000000)
  object space 21504K, 35% used [0x00000000b5a00000,0x00000000b61637d8,0x00000000b6f00000)
}
Event: 9.585 GC heap before
{Heap before GC invocations=9 (full 0):
 PSYoungGen      total 135168K, used 135140K [0x00000000eaa80000, 0x00000000f4980000, 0x0000000100000000)
  eden space 121344K, 100% used [0x00000000eaa80000,0x00000000f2100000,0x00000000f2100000)
  from space 13824K, 99% used [0x00000000f3300000,0x00000000f40790a8,0x00000000f4080000)
  to   space 18432K, 0% used [0x00000000f2100000,0x00000000f2100000,0x00000000f3300000)
 ParOldGen       total 40960K, used 31144K [0x00000000c0000000, 0x00000000c2800000, 0x00000000eaa80000)
  object space 40960K, 76% used [0x00000000c0000000,0x00000000c1e6a0b0,0x00000000c2800000)
 PSPermGen       total 21504K, used 7723K [0x00000000b5a00000, 0x00000000b6f00000, 0x00000000c0000000)
  object space 21504K, 35% used [0x00000000b5a00000,0x00000000b618ae98,0x00000000b6f00000)
Event: 9.599 GC heap after
Heap after GC invocations=9 (full 0):
 PSYoungGen      total 139776K, used 15391K [0x00000000eaa80000, 0x00000000f8f80000, 0x0000000100000000)
  eden space 121344K, 0% used [0x00000000eaa80000,0x00000000eaa80000,0x00000000f2100000)
  from space 18432K, 83% used [0x00000000f2100000,0x00000000f3007e78,0x00000000f3300000)
  to   space 19968K, 0% used [0x00000000f7c00000,0x00000000f7c00000,0x00000000f8f80000)
 ParOldGen       total 40960K, used 32207K [0x00000000c0000000, 0x00000000c2800000, 0x00000000eaa80000)
  object space 40960K, 78% used [0x00000000c0000000,0x00000000c1f73f20,0x00000000c2800000)
 PSPermGen       total 21504K, used 7723K [0x00000000b5a00000, 0x00000000b6f00000, 0x00000000c0000000)
  object space 21504K, 35% used [0x00000000b5a00000,0x00000000b618ae98,0x00000000b6f00000)
}
Event: 10.007 GC heap before
{Heap before GC invocations=10 (full 0):
 PSYoungGen      total 139776K, used 136735K [0x00000000eaa80000, 0x00000000f8f80000, 0x0000000100000000)
  eden space 121344K, 100% used [0x00000000eaa80000,0x00000000f2100000,0x00000000f2100000)
  from space 18432K, 83% used [0x00000000f2100000,0x00000000f3007e78,0x00000000f3300000)
  to   space 19968K, 0% used [0x00000000f7c00000,0x00000000f7c00000,0x00000000f8f80000)
 ParOldGen       total 40960K, used 32207K [0x00000000c0000000, 0x00000000c2800000, 0x00000000eaa80000)
  object space 40960K, 78% used [0x00000000c0000000,0x00000000c1f73f20,0x00000000c2800000)
 PSPermGen       total 21504K, used 7739K [0x00000000b5a00000, 0x00000000b6f00000, 0x00000000c0000000)
  object space 21504K, 35% used [0x00000000b5a00000,0x00000000b618eda0,0x00000000b6f00000)
Event: 10.017 GC heap after
Heap after GC invocations=10 (full 0):
 PSYoungGen      total 214016K, used 3008K [0x00000000eaa80000, 0x00000000f9080000, 0x0000000100000000)
  eden space 194048K, 0% used [0x00000000eaa80000,0x00000000eaa80000,0x00000000f6800000)
  from space 19968K, 15% used [0x00000000f7c00000,0x00000000f7ef0090,0x00000000f8f80000)
  to   space 20480K, 0% used [0x00000000f6800000,0x00000000f6800000,0x00000000f7c00000)
 ParOldGen       total 45568K, used 44954K [0x00000000c0000000, 0x00000000c2c80000, 0x00000000eaa80000)
  object space 45568K, 98% used [0x00000000c0000000,0x00000000c2be6858,0x00000000c2c80000)
 PSPermGen       total 21504K, used 7739K [0x00000000b5a00000, 0x00000000b6f00000, 0x00000000c0000000)
  object space 21504K, 35% used [0x00000000b5a00000,0x00000000b618eda0,0x00000000b6f00000)
}
Event: 10.017 GC heap before
{Heap before GC invocations=11 (full 1):
 PSYoungGen      total 214016K, used 3008K [0x00000000eaa80000, 0x00000000f9080000, 0x0000000100000000)
  eden space 194048K, 0% used [0x00000000eaa80000,0x00000000eaa80000,0x00000000f6800000)
  from space 19968K, 15% used [0x00000000f7c00000,0x00000000f7ef0090,0x00000000f8f80000)
  to   space 20480K, 0% used [0x00000000f6800000,0x00000000f6800000,0x00000000f7c00000)
 ParOldGen       total 45568K, used 44954K [0x00000000c0000000, 0x00000000c2c80000, 0x00000000eaa80000)
  object space 45568K, 98% used [0x00000000c0000000,0x00000000c2be6858,0x00000000c2c80000)
 PSPermGen       total 21504K, used 7739K [0x00000000b5a00000, 0x00000000b6f00000, 0x00000000c0000000)
  object space 21504K, 35% used [0x00000000b5a00000,0x00000000b618eda0,0x00000000b6f00000)
Event: 10.195 GC heap after
Heap after GC invocations=11 (full 1):
 PSYoungGen      total 214016K, used 0K [0x00000000eaa80000, 0x00000000f9080000, 0x0000000100000000)
  eden space 194048K, 0% used [0x00000000eaa80000,0x00000000eaa80000,0x00000000f6800000)
  from space 19968K, 0% used [0x00000000f7c00000,0x00000000f7c00000,0x00000000f8f80000)
  to   space 20480K, 0% used [0x00000000f6800000,0x00000000f6800000,0x00000000f7c00000)
 ParOldGen       total 62976K, used 29409K [0x00000000c0000000, 0x00000000c3d80000, 0x00000000eaa80000)
  object space 62976K, 46% used [0x00000000c0000000,0x00000000c1cb85c0,0x00000000c3d80000)
 PSPermGen       total 21504K, used 7735K [0x00000000b5a00000, 0x00000000b6f00000, 0x00000000c0000000)
  object space 21504K, 35% used [0x00000000b5a00000,0x00000000b618dce0,0x00000000b6f00000)
}
Event: 10.673 GC heap before
{Heap before GC invocations=12 (full 1):
 PSYoungGen      total 214016K, used 194048K [0x00000000eaa80000, 0x00000000f9080000, 0x0000000100000000)
  eden space 194048K, 100% used [0x00000000eaa80000,0x00000000f6800000,0x00000000f6800000)
  from space 19968K, 0% used [0x00000000f7c00000,0x00000000f7c00000,0x00000000f8f80000)
  to   space 20480K, 0% used [0x00000000f6800000,0x00000000f6800000,0x00000000f7c00000)
 ParOldGen       total 62976K, used 29409K [0x00000000c0000000, 0x00000000c3d80000, 0x00000000eaa80000)
  object space 62976K, 46% used [0x00000000c0000000,0x00000000c1cb85c0,0x00000000c3d80000)
 PSPermGen       total 21504K, used 7746K [0x00000000b5a00000, 0x00000000b6f00000, 0x00000000c0000000)
  object space 21504K, 36% used [0x00000000b5a00000,0x00000000b6190898,0x00000000b6f00000)

