# JRE version: OpenJDK Runtime Environment (7.0_91-b02) (build 1.7.0_91-b02)
# Java VM: OpenJDK 64-Bit Server VM (24.91-b01 mixed mode linux-amd64 compressed oops)
Heap
 PSYoungGen      total 240128K, used 15316K [0x00000000eaa80000, 0x00000000fbd00000, 0x0000000100000000)
  eden space 221184K, 0% used [0x00000000eaa80000,0x00000000eaa80000,0x00000000f8280000)
  from space 18944K, 80% used [0x00000000f8280000,0x00000000f91753a0,0x00000000f9500000)
  to   space 19456K, 0% used [0x00000000f9500000,0x00000000f9500000,0x00000000fa800000)
 ParOldGen       total 58880K, used 34695K [0x00000000c0000000, 0x00000000c3980000, 0x00000000eaa80000)
  object space 58880K, 58% used [0x00000000c0000000,0x00000000c21e1f98,0x00000000c3980000)
 PSPermGen       total 21504K, used 7752K [0x00000000b5a00000, 0x00000000b6f00000, 0x00000000c0000000)
  object space 21504K, 36% used [0x00000000b5a00000,0x00000000b6192320,0x00000000b6f00000)
GC Heap History (10 events):
Event: 8.683 GC heap after
Heap after GC invocations=9 (full 1):
 PSYoungGen      total 134144K, used 0K [0x00000000eaa80000, 0x00000000f4b80000, 0x0000000100000000)
  eden space 120320K, 0% used [0x00000000eaa80000,0x00000000eaa80000,0x00000000f2000000)
  from space 13824K, 0% used [0x00000000f3300000,0x00000000f3300000,0x00000000f4080000)
  to   space 19456K, 0% used [0x00000000f2000000,0x00000000f2000000,0x00000000f3300000)
 ParOldGen       total 58880K, used 29646K [0x00000000c0000000, 0x00000000c3980000, 0x00000000eaa80000)
  object space 58880K, 50% used [0x00000000c0000000,0x00000000c1cf3bc0,0x00000000c3980000)
 PSPermGen       total 21504K, used 7553K [0x00000000b5a00000, 0x00000000b6f00000, 0x00000000c0000000)
  object space 21504K, 35% used [0x00000000b5a00000,0x00000000b61607d8,0x00000000b6f00000)
}
Event: 9.365 GC heap before
{Heap before GC invocations=10 (full 1):
 PSYoungGen      total 134144K, used 120320K [0x00000000eaa80000, 0x00000000f4b80000, 0x0000000100000000)
  eden space 120320K, 100% used [0x00000000eaa80000,0x00000000f2000000,0x00000000f2000000)
  from space 13824K, 0% used [0x00000000f3300000,0x00000000f3300000,0x00000000f4080000)
  to   space 19456K, 0% used [0x00000000f2000000,0x00000000f2000000,0x00000000f3300000)
 ParOldGen       total 58880K, used 29646K [0x00000000c0000000, 0x00000000c3980000, 0x00000000eaa80000)
  object space 58880K, 50% used [0x00000000c0000000,0x00000000c1cf3bc0,0x00000000c3980000)
 PSPermGen       total 21504K, used 7721K [0x00000000b5a00000, 0x00000000b6f00000, 0x00000000c0000000)
  object space 21504K, 35% used [0x00000000b5a00000,0x00000000b618a668,0x00000000b6f00000)
Event: 9.367 GC heap after
Heap after GC invocations=10 (full 1):
 PSYoungGen      total 139776K, used 2036K [0x00000000eaa80000, 0x00000000f7480000, 0x0000000100000000)
  eden space 120320K, 0% used [0x00000000eaa80000,0x00000000eaa80000,0x00000000f2000000)
  from space 19456K, 10% used [0x00000000f2000000,0x00000000f21fd0b0,0x00000000f3300000)
  to   space 19456K, 0% used [0x00000000f6180000,0x00000000f6180000,0x00000000f7480000)
 ParOldGen       total 58880K, used 29646K [0x00000000c0000000, 0x00000000c3980000, 0x00000000eaa80000)
  object space 58880K, 50% used [0x00000000c0000000,0x00000000c1cf3bc0,0x00000000c3980000)
 PSPermGen       total 21504K, used 7721K [0x00000000b5a00000, 0x00000000b6f00000, 0x00000000c0000000)
  object space 21504K, 35% used [0x00000000b5a00000,0x00000000b618a668,0x00000000b6f00000)
}
Event: 9.826 GC heap before
{Heap before GC invocations=11 (full 1):
 PSYoungGen      total 139776K, used 122356K [0x00000000eaa80000, 0x00000000f7480000, 0x0000000100000000)
  eden space 120320K, 100% used [0x00000000eaa80000,0x00000000f2000000,0x00000000f2000000)
  from space 19456K, 10% used [0x00000000f2000000,0x00000000f21fd0b0,0x00000000f3300000)
  to   space 19456K, 0% used [0x00000000f6180000,0x00000000f6180000,0x00000000f7480000)
 ParOldGen       total 58880K, used 29646K [0x00000000c0000000, 0x00000000c3980000, 0x00000000eaa80000)
  object space 58880K, 50% used [0x00000000c0000000,0x00000000c1cf3bc0,0x00000000c3980000)
 PSPermGen       total 21504K, used 7737K [0x00000000b5a00000, 0x00000000b6f00000, 0x00000000c0000000)
  object space 21504K, 35% used [0x00000000b5a00000,0x00000000b618e570,0x00000000b6f00000)
Event: 9.830 GC heap after
Heap after GC invocations=11 (full 1):
 PSYoungGen      total 180224K, used 11171K [0x00000000eaa80000, 0x00000000f7100000, 0x0000000100000000)
  eden space 164352K, 0% used [0x00000000eaa80000,0x00000000eaa80000,0x00000000f4b00000)
  from space 15872K, 70% used [0x00000000f6180000,0x00000000f6c68c90,0x00000000f7100000)
  to   space 19456K, 0% used [0x00000000f4b00000,0x00000000f4b00000,0x00000000f5e00000)
 ParOldGen       total 58880K, used 29646K [0x00000000c0000000, 0x00000000c3980000, 0x00000000eaa80000)
  object space 58880K, 50% used [0x00000000c0000000,0x00000000c1cf3bc0,0x00000000c3980000)
 PSPermGen       total 21504K, used 7737K [0x00000000b5a00000, 0x00000000b6f00000, 0x00000000c0000000)
  object space 21504K, 35% used [0x00000000b5a00000,0x00000000b618e570,0x00000000b6f00000)
}
Event: 10.208 GC heap before
{Heap before GC invocations=12 (full 1):
 PSYoungGen      total 180224K, used 175523K [0x00000000eaa80000, 0x00000000f7100000, 0x0000000100000000)
  eden space 164352K, 100% used [0x00000000eaa80000,0x00000000f4b00000,0x00000000f4b00000)
  from space 15872K, 70% used [0x00000000f6180000,0x00000000f6c68c90,0x00000000f7100000)
  to   space 19456K, 0% used [0x00000000f4b00000,0x00000000f4b00000,0x00000000f5e00000)
 ParOldGen       total 58880K, used 29646K [0x00000000c0000000, 0x00000000c3980000, 0x00000000eaa80000)
  object space 58880K, 50% used [0x00000000c0000000,0x00000000c1cf3bc0,0x00000000c3980000)
 PSPermGen       total 21504K, used 7747K [0x00000000b5a00000, 0x00000000b6f00000, 0x00000000c0000000)
  object space 21504K, 36% used [0x00000000b5a00000,0x00000000b6190d98,0x00000000b6f00000)
Event: 10.213 GC heap after
Heap after GC invocations=12 (full 1):
 PSYoungGen      total 183808K, used 11751K [0x00000000eaa80000, 0x00000000fa800000, 0x0000000100000000)
  eden space 164352K, 0% used [0x00000000eaa80000,0x00000000eaa80000,0x00000000f4b00000)
  from space 19456K, 60% used [0x00000000f4b00000,0x00000000f5679f70,0x00000000f5e00000)
  to   space 19456K, 0% used [0x00000000f9500000,0x00000000f9500000,0x00000000fa800000)
 ParOldGen       total 58880K, used 29654K [0x00000000c0000000, 0x00000000c3980000, 0x00000000eaa80000)
  object space 58880K, 50% used [0x00000000c0000000,0x00000000c1cf5bc0,0x00000000c3980000)
 PSPermGen       total 21504K, used 7747K [0x00000000b5a00000, 0x00000000b6f00000, 0x00000000c0000000)
  object space 21504K, 36% used [0x00000000b5a00000,0x00000000b6190d98,0x00000000b6f00000)
}
Event: 10.511 GC heap before
{Heap before GC invocations=13 (full 1):
 PSYoungGen      total 183808K, used 175811K [0x00000000eaa80000, 0x00000000fa800000, 0x0000000100000000)
  eden space 164352K, 99% used [0x00000000eaa80000,0x00000000f4ab6ed0,0x00000000f4b00000)
  from space 19456K, 60% used [0x00000000f4b00000,0x00000000f5679f70,0x00000000f5e00000)
  to   space 19456K, 0% used [0x00000000f9500000,0x00000000f9500000,0x00000000fa800000)
 ParOldGen       total 58880K, used 29654K [0x00000000c0000000, 0x00000000c3980000, 0x00000000eaa80000)
  object space 58880K, 50% used [0x00000000c0000000,0x00000000c1cf5bc0,0x00000000c3980000)
 PSPermGen       total 21504K, used 7750K [0x00000000b5a00000, 0x00000000b6f00000, 0x00000000c0000000)
  object space 21504K, 36% used [0x00000000b5a00000,0x00000000b6191898,0x00000000b6f00000)
Event: 10.611 GC heap after
Heap after GC invocations=13 (full 1):
 PSYoungGen      total 240640K, used 7531K [0x00000000eaa80000, 0x00000000fbd00000, 0x0000000100000000)
  eden space 221184K, 0% used [0x00000000eaa80000,0x00000000eaa80000,0x00000000f8280000)
  from space 19456K, 38% used [0x00000000f9500000,0x00000000f9c5acb8,0x00000000fa800000)
  to   space 18944K, 0% used [0x00000000f8280000,0x00000000f8280000,0x00000000f9500000)
 ParOldGen       total 58880K, used 29654K [0x00000000c0000000, 0x00000000c3980000, 0x00000000eaa80000)
  object space 58880K, 50% used [0x00000000c0000000,0x00000000c1cf5bc0,0x00000000c3980000)
 PSPermGen       total 21504K, used 7750K [0x00000000b5a00000, 0x00000000b6f00000, 0x00000000c0000000)
  object space 21504K, 36% used [0x00000000b5a00000,0x00000000b6191898,0x00000000b6f00000)
}
Event: 12.936 GC heap before
{Heap before GC invocations=14 (full 1):
 PSYoungGen      total 240640K, used 228715K [0x00000000eaa80000, 0x00000000fbd00000, 0x0000000100000000)
  eden space 221184K, 100% used [0x00000000eaa80000,0x00000000f8280000,0x00000000f8280000)
  from space 19456K, 38% used [0x00000000f9500000,0x00000000f9c5acb8,0x00000000fa800000)
  to   space 18944K, 0% used [0x00000000f8280000,0x00000000f8280000,0x00000000f9500000)
 ParOldGen       total 58880K, used 29654K [0x00000000c0000000, 0x00000000c3980000, 0x00000000eaa80000)
  object space 58880K, 50% used [0x00000000c0000000,0x00000000c1cf5bc0,0x00000000c3980000)
 PSPermGen       total 21504K, used 7752K [0x00000000b5a00000, 0x00000000b6f00000, 0x00000000c0000000)
  object space 21504K, 36% used [0x00000000b5a00000,0x00000000b6192320,0x00000000b6f00000)

