# JRE version: OpenJDK Runtime Environment (7.0_91-b02) (build 1.7.0_91-b02)
# Java VM: OpenJDK 64-Bit Server VM (24.91-b01 mixed mode linux-amd64 compressed oops)
Heap
 PSYoungGen      total 216064K, used 14847K [0x00000000eaa80000, 0x00000000f8e00000, 0x0000000100000000)
  eden space 199168K, 0% used [0x00000000eaa80000,0x00000000eaa80000,0x00000000f6d00000)
  from space 16896K, 87% used [0x00000000f6d00000,0x00000000f7b7fcc0,0x00000000f7d80000)
  to   space 16384K, 0% used [0x00000000f7e00000,0x00000000f7e00000,0x00000000f8e00000)
 ParOldGen       total 53248K, used 42572K [0x00000000c0000000, 0x00000000c3400000, 0x00000000eaa80000)
  object space 53248K, 79% used [0x00000000c0000000,0x00000000c29932f8,0x00000000c3400000)
 PSPermGen       total 21504K, used 7710K [0x00000000b5a00000, 0x00000000b6f00000, 0x00000000c0000000)
  object space 21504K, 35% used [0x00000000b5a00000,0x00000000b6187838,0x00000000b6f00000)
GC Heap History (10 events):
Event: 6.970 GC heap after
Heap after GC invocations=7 (full 0):
 PSYoungGen      total 72192K, used 9196K [0x00000000eaa80000, 0x00000000f4280000, 0x0000000100000000)
  eden space 62976K, 0% used [0x00000000eaa80000,0x00000000eaa80000,0x00000000ee800000)
  from space 9216K, 99% used [0x00000000ee800000,0x00000000ef0fb2b8,0x00000000ef100000)
  to   space 14848K, 0% used [0x00000000f3400000,0x00000000f3400000,0x00000000f4280000)
 ParOldGen       total 40960K, used 26699K [0x00000000c0000000, 0x00000000c2800000, 0x00000000eaa80000)
  object space 40960K, 65% used [0x00000000c0000000,0x00000000c1a12c68,0x00000000c2800000)
 PSPermGen       total 21504K, used 7507K [0x00000000b5a00000, 0x00000000b6f00000, 0x00000000c0000000)
  object space 21504K, 34% used [0x00000000b5a00000,0x00000000b6154e38,0x00000000b6f00000)
}
Event: 7.415 GC heap before
{Heap before GC invocations=8 (full 0):
 PSYoungGen      total 72192K, used 72172K [0x00000000eaa80000, 0x00000000f4280000, 0x0000000100000000)
  eden space 62976K, 100% used [0x00000000eaa80000,0x00000000ee800000,0x00000000ee800000)
  from space 9216K, 99% used [0x00000000ee800000,0x00000000ef0fb2b8,0x00000000ef100000)
  to   space 14848K, 0% used [0x00000000f3400000,0x00000000f3400000,0x00000000f4280000)
 ParOldGen       total 40960K, used 26699K [0x00000000c0000000, 0x00000000c2800000, 0x00000000eaa80000)
  object space 40960K, 65% used [0x00000000c0000000,0x00000000c1a12c68,0x00000000c2800000)
 PSPermGen       total 21504K, used 7584K [0x00000000b5a00000, 0x00000000b6f00000, 0x00000000c0000000)
  object space 21504K, 35% used [0x00000000b5a00000,0x00000000b6168048,0x00000000b6f00000)
Event: 7.428 GC heap after
Heap after GC invocations=8 (full 0):
 PSYoungGen      total 139264K, used 13248K [0x00000000eaa80000, 0x00000000f4580000, 0x0000000100000000)
  eden space 124416K, 0% used [0x00000000eaa80000,0x00000000eaa80000,0x00000000f2400000)
  from space 14848K, 89% used [0x00000000f3400000,0x00000000f40f03a8,0x00000000f4280000)
  to   space 16384K, 0% used [0x00000000f2400000,0x00000000f2400000,0x00000000f3400000)
 ParOldGen       total 40960K, used 27117K [0x00000000c0000000, 0x00000000c2800000, 0x00000000eaa80000)
  object space 40960K, 66% used [0x00000000c0000000,0x00000000c1a7b698,0x00000000c2800000)
 PSPermGen       total 21504K, used 7584K [0x00000000b5a00000, 0x00000000b6f00000, 0x00000000c0000000)
  object space 21504K, 35% used [0x00000000b5a00000,0x00000000b6168048,0x00000000b6f00000)
}
Event: 7.962 GC heap before
{Heap before GC invocations=9 (full 0):
 PSYoungGen      total 139264K, used 137664K [0x00000000eaa80000, 0x00000000f4580000, 0x0000000100000000)
  eden space 124416K, 100% used [0x00000000eaa80000,0x00000000f2400000,0x00000000f2400000)
  from space 14848K, 89% used [0x00000000f3400000,0x00000000f40f03a8,0x00000000f4280000)
  to   space 16384K, 0% used [0x00000000f2400000,0x00000000f2400000,0x00000000f3400000)
 ParOldGen       total 40960K, used 27117K [0x00000000c0000000, 0x00000000c2800000, 0x00000000eaa80000)
  object space 40960K, 66% used [0x00000000c0000000,0x00000000c1a7b698,0x00000000c2800000)
 PSPermGen       total 21504K, used 7694K [0x00000000b5a00000, 0x00000000b6f00000, 0x00000000c0000000)
  object space 21504K, 35% used [0x00000000b5a00000,0x00000000b61839b0,0x00000000b6f00000)
Event: 8.379 GC heap after
Heap after GC invocations=9 (full 0):
 PSYoungGen      total 140800K, used 13655K [0x00000000eaa80000, 0x00000000f8f00000, 0x0000000100000000)
  eden space 124416K, 0% used [0x00000000eaa80000,0x00000000eaa80000,0x00000000f2400000)
  from space 16384K, 83% used [0x00000000f2400000,0x00000000f3155e90,0x00000000f3400000)
  to   space 17408K, 0% used [0x00000000f7e00000,0x00000000f7e00000,0x00000000f8f00000)
 ParOldGen       total 40960K, used 29429K [0x00000000c0000000, 0x00000000c2800000, 0x00000000eaa80000)
  object space 40960K, 71% used [0x00000000c0000000,0x00000000c1cbd6b8,0x00000000c2800000)
 PSPermGen       total 21504K, used 7694K [0x00000000b5a00000, 0x00000000b6f00000, 0x00000000c0000000)
  object space 21504K, 35% used [0x00000000b5a00000,0x00000000b61839b0,0x00000000b6f00000)
}
Event: 8.821 GC heap before
{Heap before GC invocations=10 (full 0):
 PSYoungGen      total 140800K, used 138071K [0x00000000eaa80000, 0x00000000f8f00000, 0x0000000100000000)
  eden space 124416K, 100% used [0x00000000eaa80000,0x00000000f2400000,0x00000000f2400000)
  from space 16384K, 83% used [0x00000000f2400000,0x00000000f3155e90,0x00000000f3400000)
  to   space 17408K, 0% used [0x00000000f7e00000,0x00000000f7e00000,0x00000000f8f00000)
 ParOldGen       total 40960K, used 29429K [0x00000000c0000000, 0x00000000c2800000, 0x00000000eaa80000)
  object space 40960K, 71% used [0x00000000c0000000,0x00000000c1cbd6b8,0x00000000c2800000)
 PSPermGen       total 21504K, used 7704K [0x00000000b5a00000, 0x00000000b6f00000, 0x00000000c0000000)
  object space 21504K, 35% used [0x00000000b5a00000,0x00000000b61860c8,0x00000000b6f00000)
Event: 8.833 GC heap after
Heap after GC invocations=10 (full 0):
 PSYoungGen      total 215552K, used 8559K [0x00000000eaa80000, 0x00000000f8e00000, 0x0000000100000000)
  eden space 199168K, 0% used [0x00000000eaa80000,0x00000000eaa80000,0x00000000f6d00000)
  from space 16384K, 52% used [0x00000000f7e00000,0x00000000f865bd08,0x00000000f8e00000)
  to   space 16896K, 0% used [0x00000000f6d00000,0x00000000f6d00000,0x00000000f7d80000)
 ParOldGen       total 40960K, used 35904K [0x00000000c0000000, 0x00000000c2800000, 0x00000000eaa80000)
  object space 40960K, 87% used [0x00000000c0000000,0x00000000c23102f8,0x00000000c2800000)
 PSPermGen       total 21504K, used 7704K [0x00000000b5a00000, 0x00000000b6f00000, 0x00000000c0000000)
  object space 21504K, 35% used [0x00000000b5a00000,0x00000000b61860c8,0x00000000b6f00000)
}
Event: 9.010 GC heap before
{Heap before GC invocations=11 (full 1):
 PSYoungGen      total 215552K, used 8559K [0x00000000eaa80000, 0x00000000f8e00000, 0x0000000100000000)
  eden space 199168K, 0% used [0x00000000eaa80000,0x00000000eaa80000,0x00000000f6d00000)
  from space 16384K, 52% used [0x00000000f7e00000,0x00000000f865bd08,0x00000000f8e00000)
  to   space 16896K, 0% used [0x00000000f6d00000,0x00000000f6d00000,0x00000000f7d80000)
 ParOldGen       total 40960K, used 35904K [0x00000000c0000000, 0x00000000c2800000, 0x00000000eaa80000)
  object space 40960K, 87% used [0x00000000c0000000,0x00000000c23102f8,0x00000000c2800000)
 PSPermGen       total 21504K, used 7704K [0x00000000b5a00000, 0x00000000b6f00000, 0x00000000c0000000)
  object space 21504K, 35% used [0x00000000b5a00000,0x00000000b61860c8,0x00000000b6f00000)
Event: 9.212 GC heap after
Heap after GC invocations=11 (full 1):
 PSYoungGen      total 215552K, used 0K [0x00000000eaa80000, 0x00000000f8e00000, 0x0000000100000000)
  eden space 199168K, 0% used [0x00000000eaa80000,0x00000000eaa80000,0x00000000f6d00000)
  from space 16384K, 0% used [0x00000000f7e00000,0x00000000f7e00000,0x00000000f8e00000)
  to   space 16896K, 0% used [0x00000000f6d00000,0x00000000f6d00000,0x00000000f7d80000)
 ParOldGen       total 53248K, used 26135K [0x00000000c0000000, 0x00000000c3400000, 0x00000000eaa80000)
  object space 53248K, 49% used [0x00000000c0000000,0x00000000c1985d08,0x00000000c3400000)
 PSPermGen       total 21504K, used 7700K [0x00000000b5a00000, 0x00000000b6f00000, 0x00000000c0000000)
  object space 21504K, 35% used [0x00000000b5a00000,0x00000000b6185368,0x00000000b6f00000)
}
Event: 9.681 GC heap before
{Heap before GC invocations=12 (full 1):
 PSYoungGen      total 215552K, used 199168K [0x00000000eaa80000, 0x00000000f8e00000, 0x0000000100000000)
  eden space 199168K, 100% used [0x00000000eaa80000,0x00000000f6d00000,0x00000000f6d00000)
  from space 16384K, 0% used [0x00000000f7e00000,0x00000000f7e00000,0x00000000f8e00000)
  to   space 16896K, 0% used [0x00000000f6d00000,0x00000000f6d00000,0x00000000f7d80000)
 ParOldGen       total 53248K, used 26135K [0x00000000c0000000, 0x00000000c3400000, 0x00000000eaa80000)
  object space 53248K, 49% used [0x00000000c0000000,0x00000000c1985d08,0x00000000c3400000)
 PSPermGen       total 21504K, used 7710K [0x00000000b5a00000, 0x00000000b6f00000, 0x00000000c0000000)
  object space 21504K, 35% used [0x00000000b5a00000,0x00000000b6187838,0x00000000b6f00000)

