# JRE version: OpenJDK Runtime Environment (7.0_91-b02) (build 1.7.0_91-b02)
# Java VM: OpenJDK 64-Bit Server VM (24.91-b01 mixed mode linux-amd64 compressed oops)
Heap
 PSYoungGen      total 215040K, used 23035K [0x00000000eaa80000, 0x00000000f9a00000, 0x0000000100000000)
  eden space 192000K, 0% used [0x00000000eaa80000,0x00000000eaa80000,0x00000000f6600000)
  from space 23040K, 99% used [0x00000000f6600000,0x00000000f7c7edb0,0x00000000f7c80000)
  to   space 19456K, 0% used [0x00000000f7c80000,0x00000000f7c80000,0x00000000f8f80000)
 ParOldGen       total 73728K, used 51189K [0x00000000c0000000, 0x00000000c4800000, 0x00000000eaa80000)
  object space 73728K, 69% used [0x00000000c0000000,0x00000000c31fd7b0,0x00000000c4800000)
 PSPermGen       total 21504K, used 7758K [0x00000000b5a00000, 0x00000000b6f00000, 0x00000000c0000000)
  object space 21504K, 36% used [0x00000000b5a00000,0x00000000b61939e8,0x00000000b6f00000)
GC Heap History (10 events):
Event: 5.626 GC heap after
Heap after GC invocations=7 (full 1):
 PSYoungGen      total 137216K, used 0K [0x00000000eaa80000, 0x00000000f4a80000, 0x0000000100000000)
  eden space 122880K, 0% used [0x00000000eaa80000,0x00000000eaa80000,0x00000000f2280000)
  from space 14336K, 0% used [0x00000000f3480000,0x00000000f3480000,0x00000000f4280000)
  to   space 18432K, 0% used [0x00000000f2280000,0x00000000f2280000,0x00000000f3480000)
 ParOldGen       total 73728K, used 35980K [0x00000000c0000000, 0x00000000c4800000, 0x00000000eaa80000)
  object space 73728K, 48% used [0x00000000c0000000,0x00000000c2323330,0x00000000c4800000)
 PSPermGen       total 21504K, used 6136K [0x00000000b5a00000, 0x00000000b6f00000, 0x00000000c0000000)
  object space 21504K, 28% used [0x00000000b5a00000,0x00000000b5ffe250,0x00000000b6f00000)
}
Event: 8.581 GC heap before
{Heap before GC invocations=8 (full 1):
 PSYoungGen      total 137216K, used 122086K [0x00000000eaa80000, 0x00000000f4a80000, 0x0000000100000000)
  eden space 122880K, 99% used [0x00000000eaa80000,0x00000000f21b9b20,0x00000000f2280000)
  from space 14336K, 0% used [0x00000000f3480000,0x00000000f3480000,0x00000000f4280000)
  to   space 18432K, 0% used [0x00000000f2280000,0x00000000f2280000,0x00000000f3480000)
 ParOldGen       total 73728K, used 35980K [0x00000000c0000000, 0x00000000c4800000, 0x00000000eaa80000)
  object space 73728K, 48% used [0x00000000c0000000,0x00000000c2323330,0x00000000c4800000)
 PSPermGen       total 21504K, used 7630K [0x00000000b5a00000, 0x00000000b6f00000, 0x00000000c0000000)
  object space 21504K, 35% used [0x00000000b5a00000,0x00000000b6173bf0,0x00000000b6f00000)
Event: 8.596 GC heap after
Heap after GC invocations=8 (full 1):
 PSYoungGen      total 141312K, used 10841K [0x00000000eaa80000, 0x00000000f6d00000, 0x0000000100000000)
  eden space 122880K, 0% used [0x00000000eaa80000,0x00000000eaa80000,0x00000000f2280000)
  from space 18432K, 58% used [0x00000000f2280000,0x00000000f2d164a0,0x00000000f3480000)
  to   space 17920K, 0% used [0x00000000f5b80000,0x00000000f5b80000,0x00000000f6d00000)
 ParOldGen       total 73728K, used 35980K [0x00000000c0000000, 0x00000000c4800000, 0x00000000eaa80000)
  object space 73728K, 48% used [0x00000000c0000000,0x00000000c2323330,0x00000000c4800000)
 PSPermGen       total 21504K, used 7630K [0x00000000b5a00000, 0x00000000b6f00000, 0x00000000c0000000)
  object space 21504K, 35% used [0x00000000b5a00000,0x00000000b6173bf0,0x00000000b6f00000)
}
Event: 9.132 GC heap before
{Heap before GC invocations=9 (full 1):
 PSYoungGen      total 141312K, used 132071K [0x00000000eaa80000, 0x00000000f6d00000, 0x0000000100000000)
  eden space 122880K, 98% used [0x00000000eaa80000,0x00000000f20e39f0,0x00000000f2280000)
  from space 18432K, 58% used [0x00000000f2280000,0x00000000f2d164a0,0x00000000f3480000)
  to   space 17920K, 0% used [0x00000000f5b80000,0x00000000f5b80000,0x00000000f6d00000)
 ParOldGen       total 73728K, used 35980K [0x00000000c0000000, 0x00000000c4800000, 0x00000000eaa80000)
  object space 73728K, 48% used [0x00000000c0000000,0x00000000c2323330,0x00000000c4800000)
 PSPermGen       total 21504K, used 7738K [0x00000000b5a00000, 0x00000000b6f00000, 0x00000000c0000000)
  object space 21504K, 35% used [0x00000000b5a00000,0x00000000b618e990,0x00000000b6f00000)
Event: 9.143 GC heap after
Heap after GC invocations=9 (full 1):
 PSYoungGen      total 180736K, used 13486K [0x00000000eaa80000, 0x00000000f6e00000, 0x0000000100000000)
  eden space 162816K, 0% used [0x00000000eaa80000,0x00000000eaa80000,0x00000000f4980000)
  from space 17920K, 75% used [0x00000000f5b80000,0x00000000f68ab870,0x00000000f6d00000)
  to   space 18432K, 0% used [0x00000000f4980000,0x00000000f4980000,0x00000000f5b80000)
 ParOldGen       total 73728K, used 35980K [0x00000000c0000000, 0x00000000c4800000, 0x00000000eaa80000)
  object space 73728K, 48% used [0x00000000c0000000,0x00000000c2323330,0x00000000c4800000)
 PSPermGen       total 21504K, used 7738K [0x00000000b5a00000, 0x00000000b6f00000, 0x00000000c0000000)
  object space 21504K, 35% used [0x00000000b5a00000,0x00000000b618e990,0x00000000b6f00000)
}
Event: 9.539 GC heap before
{Heap before GC invocations=10 (full 1):
 PSYoungGen      total 180736K, used 176302K [0x00000000eaa80000, 0x00000000f6e00000, 0x0000000100000000)
  eden space 162816K, 100% used [0x00000000eaa80000,0x00000000f4980000,0x00000000f4980000)
  from space 17920K, 75% used [0x00000000f5b80000,0x00000000f68ab870,0x00000000f6d00000)
  to   space 18432K, 0% used [0x00000000f4980000,0x00000000f4980000,0x00000000f5b80000)
 ParOldGen       total 73728K, used 35980K [0x00000000c0000000, 0x00000000c4800000, 0x00000000eaa80000)
  object space 73728K, 48% used [0x00000000c0000000,0x00000000c2323330,0x00000000c4800000)
 PSPermGen       total 21504K, used 7753K [0x00000000b5a00000, 0x00000000b6f00000, 0x00000000c0000000)
  object space 21504K, 36% used [0x00000000b5a00000,0x00000000b61924c8,0x00000000b6f00000)
Event: 9.549 GC heap after
Heap after GC invocations=10 (full 1):
 PSYoungGen      total 181248K, used 14615K [0x00000000eaa80000, 0x00000000f8f80000, 0x0000000100000000)
  eden space 162816K, 0% used [0x00000000eaa80000,0x00000000eaa80000,0x00000000f4980000)
  from space 18432K, 79% used [0x00000000f4980000,0x00000000f57c5fa0,0x00000000f5b80000)
  to   space 19456K, 0% used [0x00000000f7c80000,0x00000000f7c80000,0x00000000f8f80000)
 ParOldGen       total 73728K, used 35980K [0x00000000c0000000, 0x00000000c4800000, 0x00000000eaa80000)
  object space 73728K, 48% used [0x00000000c0000000,0x00000000c2323330,0x00000000c4800000)
 PSPermGen       total 21504K, used 7753K [0x00000000b5a00000, 0x00000000b6f00000, 0x00000000c0000000)
  object space 21504K, 36% used [0x00000000b5a00000,0x00000000b61924c8,0x00000000b6f00000)
}
Event: 9.860 GC heap before
{Heap before GC invocations=11 (full 1):
 PSYoungGen      total 181248K, used 177431K [0x00000000eaa80000, 0x00000000f8f80000, 0x0000000100000000)
  eden space 162816K, 100% used [0x00000000eaa80000,0x00000000f4980000,0x00000000f4980000)
  from space 18432K, 79% used [0x00000000f4980000,0x00000000f57c5fa0,0x00000000f5b80000)
  to   space 19456K, 0% used [0x00000000f7c80000,0x00000000f7c80000,0x00000000f8f80000)
 ParOldGen       total 73728K, used 35980K [0x00000000c0000000, 0x00000000c4800000, 0x00000000eaa80000)
  object space 73728K, 48% used [0x00000000c0000000,0x00000000c2323330,0x00000000c4800000)
 PSPermGen       total 21504K, used 7756K [0x00000000b5a00000, 0x00000000b6f00000, 0x00000000c0000000)
  object space 21504K, 36% used [0x00000000b5a00000,0x00000000b61933f0,0x00000000b6f00000)
Event: 9.872 GC heap after
Heap after GC invocations=11 (full 1):
 PSYoungGen      total 211456K, used 19455K [0x00000000eaa80000, 0x00000000f9a00000, 0x0000000100000000)
  eden space 192000K, 0% used [0x00000000eaa80000,0x00000000eaa80000,0x00000000f6600000)
  from space 19456K, 99% used [0x00000000f7c80000,0x00000000f8f7ff38,0x00000000f8f80000)
  to   space 23040K, 0% used [0x00000000f6600000,0x00000000f6600000,0x00000000f7c80000)
 ParOldGen       total 73728K, used 38811K [0x00000000c0000000, 0x00000000c4800000, 0x00000000eaa80000)
  object space 73728K, 52% used [0x00000000c0000000,0x00000000c25e6fb0,0x00000000c4800000)
 PSPermGen       total 21504K, used 7756K [0x00000000b5a00000, 0x00000000b6f00000, 0x00000000c0000000)
  object space 21504K, 36% used [0x00000000b5a00000,0x00000000b61933f0,0x00000000b6f00000)
}
Event: 10.180 GC heap before
{Heap before GC invocations=12 (full 1):
 PSYoungGen      total 211456K, used 211455K [0x00000000eaa80000, 0x00000000f9a00000, 0x0000000100000000)
  eden space 192000K, 100% used [0x00000000eaa80000,0x00000000f6600000,0x00000000f6600000)
  from space 19456K, 99% used [0x00000000f7c80000,0x00000000f8f7ff38,0x00000000f8f80000)
  to   space 23040K, 0% used [0x00000000f6600000,0x00000000f6600000,0x00000000f7c80000)
 ParOldGen       total 73728K, used 38811K [0x00000000c0000000, 0x00000000c4800000, 0x00000000eaa80000)
  object space 73728K, 52% used [0x00000000c0000000,0x00000000c25e6fb0,0x00000000c4800000)
 PSPermGen       total 21504K, used 7758K [0x00000000b5a00000, 0x00000000b6f00000, 0x00000000c0000000)
  object space 21504K, 36% used [0x00000000b5a00000,0x00000000b61939e8,0x00000000b6f00000)

