# JRE version: OpenJDK Runtime Environment (7.0_91-b02) (build 1.7.0_91-b02)
# Java VM: OpenJDK 64-Bit Server VM (24.91-b01 mixed mode linux-amd64 compressed oops)
Heap
 PSYoungGen      total 292864K, used 20455K [0x00000000eaa80000, 0x00000000fe200000, 0x0000000100000000)
  eden space 272384K, 0% used [0x00000000eaa80000,0x00000000eaa80000,0x00000000fb480000)
  from space 20480K, 99% used [0x00000000fb480000,0x00000000fc879f40,0x00000000fc880000)
  to   space 19456K, 0% used [0x00000000fc880000,0x00000000fc880000,0x00000000fdb80000)
 ParOldGen       total 54784K, used 41097K [0x00000000c0000000, 0x00000000c3580000, 0x00000000eaa80000)
  object space 54784K, 75% used [0x00000000c0000000,0x00000000c2822520,0x00000000c3580000)
 PSPermGen       total 21504K, used 7733K [0x00000000b5a00000, 0x00000000b6f00000, 0x00000000c0000000)
  object space 21504K, 35% used [0x00000000b5a00000,0x00000000b618d6d8,0x00000000b6f00000)
GC Heap History (10 events):
Event: 11.855 GC heap after
Heap after GC invocations=9 (full 0):
 PSYoungGen      total 141824K, used 16407K [0x00000000eaa80000, 0x00000000f9300000, 0x0000000100000000)
  eden space 124416K, 0% used [0x00000000eaa80000,0x00000000eaa80000,0x00000000f2400000)
  from space 17408K, 94% used [0x00000000f2400000,0x00000000f3405cc8,0x00000000f3500000)
  to   space 19456K, 0% used [0x00000000f8000000,0x00000000f8000000,0x00000000f9300000)
 ParOldGen       total 40960K, used 31889K [0x00000000c0000000, 0x00000000c2800000, 0x00000000eaa80000)
  object space 40960K, 77% used [0x00000000c0000000,0x00000000c1f24508,0x00000000c2800000)
 PSPermGen       total 21504K, used 7708K [0x00000000b5a00000, 0x00000000b6f00000, 0x00000000c0000000)
  object space 21504K, 35% used [0x00000000b5a00000,0x00000000b6187270,0x00000000b6f00000)
}
Event: 11.856 GC heap before
{Heap before GC invocations=10 (full 1):
 PSYoungGen      total 141824K, used 16407K [0x00000000eaa80000, 0x00000000f9300000, 0x0000000100000000)
  eden space 124416K, 0% used [0x00000000eaa80000,0x00000000eaa80000,0x00000000f2400000)
  from space 17408K, 94% used [0x00000000f2400000,0x00000000f3405cc8,0x00000000f3500000)
  to   space 19456K, 0% used [0x00000000f8000000,0x00000000f8000000,0x00000000f9300000)
 ParOldGen       total 40960K, used 31889K [0x00000000c0000000, 0x00000000c2800000, 0x00000000eaa80000)
  object space 40960K, 77% used [0x00000000c0000000,0x00000000c1f24508,0x00000000c2800000)
 PSPermGen       total 21504K, used 7708K [0x00000000b5a00000, 0x00000000b6f00000, 0x00000000c0000000)
  object space 21504K, 35% used [0x00000000b5a00000,0x00000000b6187270,0x00000000b6f00000)
Event: 12.064 GC heap after
Heap after GC invocations=10 (full 1):
 PSYoungGen      total 141824K, used 0K [0x00000000eaa80000, 0x00000000f9300000, 0x0000000100000000)
  eden space 124416K, 0% used [0x00000000eaa80000,0x00000000eaa80000,0x00000000f2400000)
  from space 17408K, 0% used [0x00000000f2400000,0x00000000f2400000,0x00000000f3500000)
  to   space 19456K, 0% used [0x00000000f8000000,0x00000000f8000000,0x00000000f9300000)
 ParOldGen       total 54784K, used 27139K [0x00000000c0000000, 0x00000000c3580000, 0x00000000eaa80000)
  object space 54784K, 49% used [0x00000000c0000000,0x00000000c1a80dc8,0x00000000c3580000)
 PSPermGen       total 21504K, used 7704K [0x00000000b5a00000, 0x00000000b6f00000, 0x00000000c0000000)
  object space 21504K, 35% used [0x00000000b5a00000,0x00000000b61863f0,0x00000000b6f00000)
}
Event: 12.505 GC heap before
{Heap before GC invocations=11 (full 1):
 PSYoungGen      total 141824K, used 124416K [0x00000000eaa80000, 0x00000000f9300000, 0x0000000100000000)
  eden space 124416K, 100% used [0x00000000eaa80000,0x00000000f2400000,0x00000000f2400000)
  from space 17408K, 0% used [0x00000000f2400000,0x00000000f2400000,0x00000000f3500000)
  to   space 19456K, 0% used [0x00000000f8000000,0x00000000f8000000,0x00000000f9300000)
 ParOldGen       total 54784K, used 27139K [0x00000000c0000000, 0x00000000c3580000, 0x00000000eaa80000)
  object space 54784K, 49% used [0x00000000c0000000,0x00000000c1a80dc8,0x00000000c3580000)
 PSPermGen       total 21504K, used 7719K [0x00000000b5a00000, 0x00000000b6f00000, 0x00000000c0000000)
  object space 21504K, 35% used [0x00000000b5a00000,0x00000000b6189da8,0x00000000b6f00000)
Event: 12.510 GC heap after
Heap after GC invocations=11 (full 1):
 PSYoungGen      total 196096K, used 9937K [0x00000000eaa80000, 0x00000000f8a00000, 0x0000000100000000)
  eden space 185856K, 0% used [0x00000000eaa80000,0x00000000eaa80000,0x00000000f6000000)
  from space 10240K, 97% used [0x00000000f8000000,0x00000000f89b44e8,0x00000000f8a00000)
  to   space 18432K, 0% used [0x00000000f6600000,0x00000000f6600000,0x00000000f7800000)
 ParOldGen       total 54784K, used 27139K [0x00000000c0000000, 0x00000000c3580000, 0x00000000eaa80000)
  object space 54784K, 49% used [0x00000000c0000000,0x00000000c1a80dc8,0x00000000c3580000)
 PSPermGen       total 21504K, used 7719K [0x00000000b5a00000, 0x00000000b6f00000, 0x00000000c0000000)
  object space 21504K, 35% used [0x00000000b5a00000,0x00000000b6189da8,0x00000000b6f00000)
}
Event: 13.046 GC heap before
{Heap before GC invocations=12 (full 1):
 PSYoungGen      total 196096K, used 193511K [0x00000000eaa80000, 0x00000000f8a00000, 0x0000000100000000)
  eden space 185856K, 98% used [0x00000000eaa80000,0x00000000f5dc5a20,0x00000000f6000000)
  from space 10240K, 97% used [0x00000000f8000000,0x00000000f89b44e8,0x00000000f8a00000)
  to   space 18432K, 0% used [0x00000000f6600000,0x00000000f6600000,0x00000000f7800000)
 ParOldGen       total 54784K, used 27139K [0x00000000c0000000, 0x00000000c3580000, 0x00000000eaa80000)
  object space 54784K, 49% used [0x00000000c0000000,0x00000000c1a80dc8,0x00000000c3580000)
 PSPermGen       total 21504K, used 7726K [0x00000000b5a00000, 0x00000000b6f00000, 0x00000000c0000000)
  object space 21504K, 35% used [0x00000000b5a00000,0x00000000b618ba00,0x00000000b6f00000)
Event: 13.055 GC heap after
Heap after GC invocations=12 (full 1):
 PSYoungGen      total 210432K, used 14587K [0x00000000eaa80000, 0x00000000fdb80000, 0x0000000100000000)
  eden space 192000K, 0% used [0x00000000eaa80000,0x00000000eaa80000,0x00000000f6600000)
  from space 18432K, 79% used [0x00000000f6600000,0x00000000f743edd0,0x00000000f7800000)
  to   space 19456K, 0% used [0x00000000fc880000,0x00000000fc880000,0x00000000fdb80000)
 ParOldGen       total 54784K, used 27379K [0x00000000c0000000, 0x00000000c3580000, 0x00000000eaa80000)
  object space 54784K, 49% used [0x00000000c0000000,0x00000000c1abcde8,0x00000000c3580000)
 PSPermGen       total 21504K, used 7726K [0x00000000b5a00000, 0x00000000b6f00000, 0x00000000c0000000)
  object space 21504K, 35% used [0x00000000b5a00000,0x00000000b618ba00,0x00000000b6f00000)
}
Event: 13.602 GC heap before
{Heap before GC invocations=13 (full 1):
 PSYoungGen      total 210432K, used 206587K [0x00000000eaa80000, 0x00000000fdb80000, 0x0000000100000000)
  eden space 192000K, 100% used [0x00000000eaa80000,0x00000000f6600000,0x00000000f6600000)
  from space 18432K, 79% used [0x00000000f6600000,0x00000000f743edd0,0x00000000f7800000)
  to   space 19456K, 0% used [0x00000000fc880000,0x00000000fc880000,0x00000000fdb80000)
 ParOldGen       total 54784K, used 27379K [0x00000000c0000000, 0x00000000c3580000, 0x00000000eaa80000)
  object space 54784K, 49% used [0x00000000c0000000,0x00000000c1abcde8,0x00000000c3580000)
 PSPermGen       total 21504K, used 7730K [0x00000000b5a00000, 0x00000000b6f00000, 0x00000000c0000000)
  object space 21504K, 35% used [0x00000000b5a00000,0x00000000b618ca30,0x00000000b6f00000)
Event: 13.610 GC heap after
Heap after GC invocations=13 (full 1):
 PSYoungGen      total 291840K, used 15335K [0x00000000eaa80000, 0x00000000fe200000, 0x0000000100000000)
  eden space 272384K, 0% used [0x00000000eaa80000,0x00000000eaa80000,0x00000000fb480000)
  from space 19456K, 78% used [0x00000000fc880000,0x00000000fd779e30,0x00000000fdb80000)
  to   space 20480K, 0% used [0x00000000fb480000,0x00000000fb480000,0x00000000fc880000)
 ParOldGen       total 54784K, used 31692K [0x00000000c0000000, 0x00000000c3580000, 0x00000000eaa80000)
  object space 54784K, 57% used [0x00000000c0000000,0x00000000c1ef3350,0x00000000c3580000)
 PSPermGen       total 21504K, used 7730K [0x00000000b5a00000, 0x00000000b6f00000, 0x00000000c0000000)
  object space 21504K, 35% used [0x00000000b5a00000,0x00000000b618ca30,0x00000000b6f00000)
}
Event: 14.302 GC heap before
{Heap before GC invocations=14 (full 1):
 PSYoungGen      total 291840K, used 287719K [0x00000000eaa80000, 0x00000000fe200000, 0x0000000100000000)
  eden space 272384K, 100% used [0x00000000eaa80000,0x00000000fb480000,0x00000000fb480000)
  from space 19456K, 78% used [0x00000000fc880000,0x00000000fd779e30,0x00000000fdb80000)
  to   space 20480K, 0% used [0x00000000fb480000,0x00000000fb480000,0x00000000fc880000)
 ParOldGen       total 54784K, used 31692K [0x00000000c0000000, 0x00000000c3580000, 0x00000000eaa80000)
  object space 54784K, 57% used [0x00000000c0000000,0x00000000c1ef3350,0x00000000c3580000)
 PSPermGen       total 21504K, used 7733K [0x00000000b5a00000, 0x00000000b6f00000, 0x00000000c0000000)
  object space 21504K, 35% used [0x00000000b5a00000,0x00000000b618d6d8,0x00000000b6f00000)

