# JRE version: OpenJDK Runtime Environment (7.0_91-b02) (build 1.7.0_91-b02)
# Java VM: OpenJDK 64-Bit Server VM (24.91-b01 mixed mode linux-amd64 compressed oops)
Heap
 PSYoungGen      total 175104K, used 18456K [0x00000000eaa80000, 0x00000000f6880000, 0x0000000100000000)
  eden space 155648K, 0% used [0x00000000eaa80000,0x00000000eaa80000,0x00000000f4280000)
  from space 19456K, 94% used [0x00000000f4280000,0x00000000f54863c0,0x00000000f5580000)
  to   space 14848K, 0% used [0x00000000f5a00000,0x00000000f5a00000,0x00000000f6880000)
 ParOldGen       total 61440K, used 29758K [0x00000000c0000000, 0x00000000c3c00000, 0x00000000eaa80000)
  object space 61440K, 48% used [0x00000000c0000000,0x00000000c1d0fa38,0x00000000c3c00000)
 PSPermGen       total 21504K, used 7754K [0x00000000b5a00000, 0x00000000b6f00000, 0x00000000c0000000)
  object space 21504K, 36% used [0x00000000b5a00000,0x00000000b6192b00,0x00000000b6f00000)
GC Heap History (10 events):
Event: 4.566 GC heap after
Heap after GC invocations=7 (full 0):
 PSYoungGen      total 71680K, used 8692K [0x00000000eaa80000, 0x00000000f4080000, 0x0000000100000000)
  eden space 62976K, 0% used [0x00000000eaa80000,0x00000000eaa80000,0x00000000ee800000)
  from space 8704K, 99% used [0x00000000ee800000,0x00000000ef07d258,0x00000000ef080000)
  to   space 13824K, 0% used [0x00000000f3300000,0x00000000f3300000,0x00000000f4080000)
 ParOldGen       total 40960K, used 25670K [0x00000000c0000000, 0x00000000c2800000, 0x00000000eaa80000)
  object space 40960K, 62% used [0x00000000c0000000,0x00000000c1911be0,0x00000000c2800000)
 PSPermGen       total 21504K, used 5685K [0x00000000b5a00000, 0x00000000b6f00000, 0x00000000c0000000)
  object space 21504K, 26% used [0x00000000b5a00000,0x00000000b5f8d6f8,0x00000000b6f00000)
}
Event: 8.452 GC heap before
{Heap before GC invocations=8 (full 0):
 PSYoungGen      total 71680K, used 71668K [0x00000000eaa80000, 0x00000000f4080000, 0x0000000100000000)
  eden space 62976K, 100% used [0x00000000eaa80000,0x00000000ee800000,0x00000000ee800000)
  from space 8704K, 99% used [0x00000000ee800000,0x00000000ef07d258,0x00000000ef080000)
  to   space 13824K, 0% used [0x00000000f3300000,0x00000000f3300000,0x00000000f4080000)
 ParOldGen       total 40960K, used 25670K [0x00000000c0000000, 0x00000000c2800000, 0x00000000eaa80000)
  object space 40960K, 62% used [0x00000000c0000000,0x00000000c1911be0,0x00000000c2800000)
 PSPermGen       total 21504K, used 7572K [0x00000000b5a00000, 0x00000000b6f00000, 0x00000000c0000000)
  object space 21504K, 35% used [0x00000000b5a00000,0x00000000b61650b8,0x00000000b6f00000)
Event: 8.472 GC heap after
Heap after GC invocations=8 (full 0):
 PSYoungGen      total 134144K, used 13821K [0x00000000eaa80000, 0x00000000f4b80000, 0x0000000100000000)
  eden space 120320K, 0% used [0x00000000eaa80000,0x00000000eaa80000,0x00000000f2000000)
  from space 13824K, 99% used [0x00000000f3300000,0x00000000f407f718,0x00000000f4080000)
  to   space 19456K, 0% used [0x00000000f2000000,0x00000000f2000000,0x00000000f3300000)
 ParOldGen       total 40960K, used 34135K [0x00000000c0000000, 0x00000000c2800000, 0x00000000eaa80000)
  object space 40960K, 83% used [0x00000000c0000000,0x00000000c2155ff8,0x00000000c2800000)
 PSPermGen       total 21504K, used 7572K [0x00000000b5a00000, 0x00000000b6f00000, 0x00000000c0000000)
  object space 21504K, 35% used [0x00000000b5a00000,0x00000000b61650b8,0x00000000b6f00000)
}
Event: 8.472 GC heap before
{Heap before GC invocations=9 (full 1):
 PSYoungGen      total 134144K, used 13821K [0x00000000eaa80000, 0x00000000f4b80000, 0x0000000100000000)
  eden space 120320K, 0% used [0x00000000eaa80000,0x00000000eaa80000,0x00000000f2000000)
  from space 13824K, 99% used [0x00000000f3300000,0x00000000f407f718,0x00000000f4080000)
  to   space 19456K, 0% used [0x00000000f2000000,0x00000000f2000000,0x00000000f3300000)
 ParOldGen       total 40960K, used 34135K [0x00000000c0000000, 0x00000000c2800000, 0x00000000eaa80000)
  object space 40960K, 83% used [0x00000000c0000000,0x00000000c2155ff8,0x00000000c2800000)
 PSPermGen       total 21504K, used 7572K [0x00000000b5a00000, 0x00000000b6f00000, 0x00000000c0000000)
  object space 21504K, 35% used [0x00000000b5a00000,0x00000000b61650b8,0x00000000b6f00000)
Event: 8.632 GC heap after
Heap after GC invocations=9 (full 1):
 PSYoungGen      total 134144K, used 0K [0x00000000eaa80000, 0x00000000f4b80000, 0x0000000100000000)
  eden space 120320K, 0% used [0x00000000eaa80000,0x00000000eaa80000,0x00000000f2000000)
  from space 13824K, 0% used [0x00000000f3300000,0x00000000f3300000,0x00000000f4080000)
  to   space 19456K, 0% used [0x00000000f2000000,0x00000000f2000000,0x00000000f3300000)
 ParOldGen       total 61440K, used 29734K [0x00000000c0000000, 0x00000000c3c00000, 0x00000000eaa80000)
  object space 61440K, 48% used [0x00000000c0000000,0x00000000c1d09a38,0x00000000c3c00000)
 PSPermGen       total 21504K, used 7568K [0x00000000b5a00000, 0x00000000b6f00000, 0x00000000c0000000)
  object space 21504K, 35% used [0x00000000b5a00000,0x00000000b61642f8,0x00000000b6f00000)
}
Event: 9.333 GC heap before
{Heap before GC invocations=10 (full 1):
 PSYoungGen      total 134144K, used 120320K [0x00000000eaa80000, 0x00000000f4b80000, 0x0000000100000000)
  eden space 120320K, 100% used [0x00000000eaa80000,0x00000000f2000000,0x00000000f2000000)
  from space 13824K, 0% used [0x00000000f3300000,0x00000000f3300000,0x00000000f4080000)
  to   space 19456K, 0% used [0x00000000f2000000,0x00000000f2000000,0x00000000f3300000)
 ParOldGen       total 61440K, used 29734K [0x00000000c0000000, 0x00000000c3c00000, 0x00000000eaa80000)
  object space 61440K, 48% used [0x00000000c0000000,0x00000000c1d09a38,0x00000000c3c00000)
 PSPermGen       total 21504K, used 7726K [0x00000000b5a00000, 0x00000000b6f00000, 0x00000000c0000000)
  object space 21504K, 35% used [0x00000000b5a00000,0x00000000b618bad8,0x00000000b6f00000)
Event: 9.336 GC heap after
Heap after GC invocations=10 (full 1):
 PSYoungGen      total 139776K, used 2612K [0x00000000eaa80000, 0x00000000f6d00000, 0x0000000100000000)
  eden space 120320K, 0% used [0x00000000eaa80000,0x00000000eaa80000,0x00000000f2000000)
  from space 19456K, 13% used [0x00000000f2000000,0x00000000f228d230,0x00000000f3300000)
  to   space 19456K, 0% used [0x00000000f5a00000,0x00000000f5a00000,0x00000000f6d00000)
 ParOldGen       total 61440K, used 29734K [0x00000000c0000000, 0x00000000c3c00000, 0x00000000eaa80000)
  object space 61440K, 48% used [0x00000000c0000000,0x00000000c1d09a38,0x00000000c3c00000)
 PSPermGen       total 21504K, used 7726K [0x00000000b5a00000, 0x00000000b6f00000, 0x00000000c0000000)
  object space 21504K, 35% used [0x00000000b5a00000,0x00000000b618bad8,0x00000000b6f00000)
}
Event: 9.751 GC heap before
{Heap before GC invocations=11 (full 1):
 PSYoungGen      total 139776K, used 122447K [0x00000000eaa80000, 0x00000000f6d00000, 0x0000000100000000)
  eden space 120320K, 99% used [0x00000000eaa80000,0x00000000f1f86da8,0x00000000f2000000)
  from space 19456K, 13% used [0x00000000f2000000,0x00000000f228d230,0x00000000f3300000)
  to   space 19456K, 0% used [0x00000000f5a00000,0x00000000f5a00000,0x00000000f6d00000)
 ParOldGen       total 61440K, used 29734K [0x00000000c0000000, 0x00000000c3c00000, 0x00000000eaa80000)
  object space 61440K, 48% used [0x00000000c0000000,0x00000000c1d09a38,0x00000000c3c00000)
 PSPermGen       total 21504K, used 7743K [0x00000000b5a00000, 0x00000000b6f00000, 0x00000000c0000000)
  object space 21504K, 36% used [0x00000000b5a00000,0x00000000b618fcd8,0x00000000b6f00000)
Event: 9.752 GC heap after
Heap after GC invocations=11 (full 1):
 PSYoungGen      total 170496K, used 2454K [0x00000000eaa80000, 0x00000000f6880000, 0x0000000100000000)
  eden space 155648K, 0% used [0x00000000eaa80000,0x00000000eaa80000,0x00000000f4280000)
  from space 14848K, 16% used [0x00000000f5a00000,0x00000000f5c659a0,0x00000000f6880000)
  to   space 19456K, 0% used [0x00000000f4280000,0x00000000f4280000,0x00000000f5580000)
 ParOldGen       total 61440K, used 29734K [0x00000000c0000000, 0x00000000c3c00000, 0x00000000eaa80000)
  object space 61440K, 48% used [0x00000000c0000000,0x00000000c1d09a38,0x00000000c3c00000)
 PSPermGen       total 21504K, used 7743K [0x00000000b5a00000, 0x00000000b6f00000, 0x00000000c0000000)
  object space 21504K, 36% used [0x00000000b5a00000,0x00000000b618fcd8,0x00000000b6f00000)
}
Event: 10.119 GC heap before
{Heap before GC invocations=12 (full 1):
 PSYoungGen      total 170496K, used 158102K [0x00000000eaa80000, 0x00000000f6880000, 0x0000000100000000)
  eden space 155648K, 100% used [0x00000000eaa80000,0x00000000f4280000,0x00000000f4280000)
  from space 14848K, 16% used [0x00000000f5a00000,0x00000000f5c659a0,0x00000000f6880000)
  to   space 19456K, 0% used [0x00000000f4280000,0x00000000f4280000,0x00000000f5580000)
 ParOldGen       total 61440K, used 29734K [0x00000000c0000000, 0x00000000c3c00000, 0x00000000eaa80000)
  object space 61440K, 48% used [0x00000000c0000000,0x00000000c1d09a38,0x00000000c3c00000)
 PSPermGen       total 21504K, used 7754K [0x00000000b5a00000, 0x00000000b6f00000, 0x00000000c0000000)
  object space 21504K, 36% used [0x00000000b5a00000,0x00000000b6192b00,0x00000000b6f00000)

