# JRE version: OpenJDK Runtime Environment (7.0_91-b02) (build 1.7.0_91-b02)
# Java VM: OpenJDK 64-Bit Server VM (24.91-b01 mixed mode linux-amd64 compressed oops)
Heap
 PSYoungGen      total 253952K, used 17538K [0x00000000eaa80000, 0x00000000fb700000, 0x0000000100000000)
  eden space 233984K, 0% used [0x00000000eaa80000,0x00000000eaa80000,0x00000000f8f00000)
  from space 19968K, 87% used [0x00000000f9000000,0x00000000fa120b98,0x00000000fa380000)
  to   space 9216K, 0% used [0x00000000fae00000,0x00000000fae00000,0x00000000fb700000)
 ParOldGen       total 57344K, used 29328K [0x00000000c0000000, 0x00000000c3800000, 0x00000000eaa80000)
  object space 57344K, 51% used [0x00000000c0000000,0x00000000c1ca41f8,0x00000000c3800000)
 PSPermGen       total 21504K, used 7726K [0x00000000b5a00000, 0x00000000b6f00000, 0x00000000c0000000)
  object space 21504K, 35% used [0x00000000b5a00000,0x00000000b618ba28,0x00000000b6f00000)
GC Heap History (10 events):
Event: 6.827 GC heap after
Heap after GC invocations=5 (full 0):
 PSYoungGen      total 66048K, used 2529K [0x00000000eaa80000, 0x00000000f4080000, 0x0000000100000000)
  eden space 63488K, 0% used [0x00000000eaa80000,0x00000000eaa80000,0x00000000ee880000)
  from space 2560K, 98% used [0x00000000ee880000,0x00000000eeaf8468,0x00000000eeb00000)
  to   space 13312K, 0% used [0x00000000f3380000,0x00000000f3380000,0x00000000f4080000)
 ParOldGen       total 40960K, used 26096K [0x00000000c0000000, 0x00000000c2800000, 0x00000000eaa80000)
  object space 40960K, 63% used [0x00000000c0000000,0x00000000c197c080,0x00000000c2800000)
 PSPermGen       total 21504K, used 5664K [0x00000000b5a00000, 0x00000000b6f00000, 0x00000000c0000000)
  object space 21504K, 26% used [0x00000000b5a00000,0x00000000b5f88218,0x00000000b6f00000)
}
Event: 17.609 GC heap before
{Heap before GC invocations=6 (full 0):
 PSYoungGen      total 66048K, used 66017K [0x00000000eaa80000, 0x00000000f4080000, 0x0000000100000000)
  eden space 63488K, 100% used [0x00000000eaa80000,0x00000000ee880000,0x00000000ee880000)
  from space 2560K, 98% used [0x00000000ee880000,0x00000000eeaf8468,0x00000000eeb00000)
  to   space 13312K, 0% used [0x00000000f3380000,0x00000000f3380000,0x00000000f4080000)
 ParOldGen       total 40960K, used 26096K [0x00000000c0000000, 0x00000000c2800000, 0x00000000eaa80000)
  object space 40960K, 63% used [0x00000000c0000000,0x00000000c197c080,0x00000000c2800000)
 PSPermGen       total 21504K, used 7528K [0x00000000b5a00000, 0x00000000b6f00000, 0x00000000c0000000)
  object space 21504K, 35% used [0x00000000b5a00000,0x00000000b615a120,0x00000000b6f00000)
Event: 17.649 GC heap after
Heap after GC invocations=6 (full 0):
 PSYoungGen      total 135680K, used 13303K [0x00000000eaa80000, 0x00000000f4980000, 0x0000000100000000)
  eden space 122368K, 0% used [0x00000000eaa80000,0x00000000eaa80000,0x00000000f2200000)
  from space 13312K, 99% used [0x00000000f3380000,0x00000000f407dd40,0x00000000f4080000)
  to   space 17920K, 0% used [0x00000000f2200000,0x00000000f2200000,0x00000000f3380000)
 ParOldGen       total 40960K, used 30110K [0x00000000c0000000, 0x00000000c2800000, 0x00000000eaa80000)
  object space 40960K, 73% used [0x00000000c0000000,0x00000000c1d67908,0x00000000c2800000)
 PSPermGen       total 21504K, used 7528K [0x00000000b5a00000, 0x00000000b6f00000, 0x00000000c0000000)
  object space 21504K, 35% used [0x00000000b5a00000,0x00000000b615a120,0x00000000b6f00000)
}
Event: 18.422 GC heap before
{Heap before GC invocations=7 (full 0):
 PSYoungGen      total 135680K, used 135671K [0x00000000eaa80000, 0x00000000f4980000, 0x0000000100000000)
  eden space 122368K, 100% used [0x00000000eaa80000,0x00000000f2200000,0x00000000f2200000)
  from space 13312K, 99% used [0x00000000f3380000,0x00000000f407dd40,0x00000000f4080000)
  to   space 17920K, 0% used [0x00000000f2200000,0x00000000f2200000,0x00000000f3380000)
 ParOldGen       total 40960K, used 30110K [0x00000000c0000000, 0x00000000c2800000, 0x00000000eaa80000)
  object space 40960K, 73% used [0x00000000c0000000,0x00000000c1d67908,0x00000000c2800000)
 PSPermGen       total 21504K, used 7704K [0x00000000b5a00000, 0x00000000b6f00000, 0x00000000c0000000)
  object space 21504K, 35% used [0x00000000b5a00000,0x00000000b6186190,0x00000000b6f00000)
Event: 18.454 GC heap after
Heap after GC invocations=7 (full 0):
 PSYoungGen      total 140288K, used 17529K [0x00000000eaa80000, 0x00000000fc280000, 0x0000000100000000)
  eden space 122368K, 0% used [0x00000000eaa80000,0x00000000eaa80000,0x00000000f2200000)
  from space 17920K, 97% used [0x00000000f2200000,0x00000000f331e420,0x00000000f3380000)
  to   space 20992K, 0% used [0x00000000fae00000,0x00000000fae00000,0x00000000fc280000)
 ParOldGen       total 40960K, used 31178K [0x00000000c0000000, 0x00000000c2800000, 0x00000000eaa80000)
  object space 40960K, 76% used [0x00000000c0000000,0x00000000c1e72ac0,0x00000000c2800000)
 PSPermGen       total 21504K, used 7704K [0x00000000b5a00000, 0x00000000b6f00000, 0x00000000c0000000)
  object space 21504K, 35% used [0x00000000b5a00000,0x00000000b6186190,0x00000000b6f00000)
}
Event: 18.454 GC heap before
{Heap before GC invocations=8 (full 1):
 PSYoungGen      total 140288K, used 17529K [0x00000000eaa80000, 0x00000000fc280000, 0x0000000100000000)
  eden space 122368K, 0% used [0x00000000eaa80000,0x00000000eaa80000,0x00000000f2200000)
  from space 17920K, 97% used [0x00000000f2200000,0x00000000f331e420,0x00000000f3380000)
  to   space 20992K, 0% used [0x00000000fae00000,0x00000000fae00000,0x00000000fc280000)
 ParOldGen       total 40960K, used 31178K [0x00000000c0000000, 0x00000000c2800000, 0x00000000eaa80000)
  object space 40960K, 76% used [0x00000000c0000000,0x00000000c1e72ac0,0x00000000c2800000)
 PSPermGen       total 21504K, used 7704K [0x00000000b5a00000, 0x00000000b6f00000, 0x00000000c0000000)
  object space 21504K, 35% used [0x00000000b5a00000,0x00000000b6186190,0x00000000b6f00000)
Event: 18.606 GC heap after
Heap after GC invocations=8 (full 1):
 PSYoungGen      total 140288K, used 0K [0x00000000eaa80000, 0x00000000fc280000, 0x0000000100000000)
  eden space 122368K, 0% used [0x00000000eaa80000,0x00000000eaa80000,0x00000000f2200000)
  from space 17920K, 0% used [0x00000000f2200000,0x00000000f2200000,0x00000000f3380000)
  to   space 20992K, 0% used [0x00000000fae00000,0x00000000fae00000,0x00000000fc280000)
 ParOldGen       total 57344K, used 29328K [0x00000000c0000000, 0x00000000c3800000, 0x00000000eaa80000)
  object space 57344K, 51% used [0x00000000c0000000,0x00000000c1ca41f8,0x00000000c3800000)
 PSPermGen       total 21504K, used 7700K [0x00000000b5a00000, 0x00000000b6f00000, 0x00000000c0000000)
  object space 21504K, 35% used [0x00000000b5a00000,0x00000000b6185110,0x00000000b6f00000)
}
Event: 18.943 GC heap before
{Heap before GC invocations=9 (full 1):
 PSYoungGen      total 140288K, used 122368K [0x00000000eaa80000, 0x00000000fc280000, 0x0000000100000000)
  eden space 122368K, 100% used [0x00000000eaa80000,0x00000000f2200000,0x00000000f2200000)
  from space 17920K, 0% used [0x00000000f2200000,0x00000000f2200000,0x00000000f3380000)
  to   space 20992K, 0% used [0x00000000fae00000,0x00000000fae00000,0x00000000fc280000)
 ParOldGen       total 57344K, used 29328K [0x00000000c0000000, 0x00000000c3800000, 0x00000000eaa80000)
  object space 57344K, 51% used [0x00000000c0000000,0x00000000c1ca41f8,0x00000000c3800000)
 PSPermGen       total 21504K, used 7714K [0x00000000b5a00000, 0x00000000b6f00000, 0x00000000c0000000)
  object space 21504K, 35% used [0x00000000b5a00000,0x00000000b61889b0,0x00000000b6f00000)
Event: 18.949 GC heap after
Heap after GC invocations=9 (full 1):
 PSYoungGen      total 243200K, used 8708K [0x00000000eaa80000, 0x00000000fb700000, 0x0000000100000000)
  eden space 233984K, 0% used [0x00000000eaa80000,0x00000000eaa80000,0x00000000f8f00000)
  from space 9216K, 94% used [0x00000000fae00000,0x00000000fb6812b8,0x00000000fb700000)
  to   space 19968K, 0% used [0x00000000f9000000,0x00000000f9000000,0x00000000fa380000)
 ParOldGen       total 57344K, used 29328K [0x00000000c0000000, 0x00000000c3800000, 0x00000000eaa80000)
  object space 57344K, 51% used [0x00000000c0000000,0x00000000c1ca41f8,0x00000000c3800000)
 PSPermGen       total 21504K, used 7714K [0x00000000b5a00000, 0x00000000b6f00000, 0x00000000c0000000)
  object space 21504K, 35% used [0x00000000b5a00000,0x00000000b61889b0,0x00000000b6f00000)
}
Event: 19.446 GC heap before
{Heap before GC invocations=10 (full 1):
 PSYoungGen      total 243200K, used 242692K [0x00000000eaa80000, 0x00000000fb700000, 0x0000000100000000)
  eden space 233984K, 100% used [0x00000000eaa80000,0x00000000f8f00000,0x00000000f8f00000)
  from space 9216K, 94% used [0x00000000fae00000,0x00000000fb6812b8,0x00000000fb700000)
  to   space 19968K, 0% used [0x00000000f9000000,0x00000000f9000000,0x00000000fa380000)
 ParOldGen       total 57344K, used 29328K [0x00000000c0000000, 0x00000000c3800000, 0x00000000eaa80000)
  object space 57344K, 51% used [0x00000000c0000000,0x00000000c1ca41f8,0x00000000c3800000)
 PSPermGen       total 21504K, used 7726K [0x00000000b5a00000, 0x00000000b6f00000, 0x00000000c0000000)
  object space 21504K, 35% used [0x00000000b5a00000,0x00000000b618ba28,0x00000000b6f00000)

