# JRE version: OpenJDK Runtime Environment (7.0_91-b02) (build 1.7.0_91-b02)
# Java VM: OpenJDK 64-Bit Server VM (24.91-b01 mixed mode linux-amd64 compressed oops)
Heap
 PSYoungGen      total 214528K, used 15002K [0x00000000eaa80000, 0x00000000f8c80000, 0x0000000100000000)
  eden space 197632K, 0% used [0x00000000eaa80000,0x00000000eaa80000,0x00000000f6b80000)
  from space 16896K, 88% used [0x00000000f6b80000,0x00000000f7a26a78,0x00000000f7c00000)
  to   space 16896K, 0% used [0x00000000f7c00000,0x00000000f7c00000,0x00000000f8c80000)
 ParOldGen       total 56320K, used 50792K [0x00000000c0000000, 0x00000000c3700000, 0x00000000eaa80000)
  object space 56320K, 90% used [0x00000000c0000000,0x00000000c319a208,0x00000000c3700000)
 PSPermGen       total 21504K, used 7712K [0x00000000b5a00000, 0x00000000b6f00000, 0x00000000c0000000)
  object space 21504K, 35% used [0x00000000b5a00000,0x00000000b6188170,0x00000000b6f00000)
GC Heap History (10 events):
Event: 7.002 GC heap after
Heap after GC invocations=7 (full 0):
 PSYoungGen      total 71680K, used 9202K [0x00000000eaa80000, 0x00000000f4080000, 0x0000000100000000)
  eden space 62464K, 0% used [0x00000000eaa80000,0x00000000eaa80000,0x00000000ee780000)
  from space 9216K, 99% used [0x00000000ee780000,0x00000000ef07c8b8,0x00000000ef080000)
  to   space 14336K, 0% used [0x00000000f3280000,0x00000000f3280000,0x00000000f4080000)
 ParOldGen       total 40960K, used 25821K [0x00000000c0000000, 0x00000000c2800000, 0x00000000eaa80000)
  object space 40960K, 63% used [0x00000000c0000000,0x00000000c1937498,0x00000000c2800000)
 PSPermGen       total 21504K, used 7508K [0x00000000b5a00000, 0x00000000b6f00000, 0x00000000c0000000)
  object space 21504K, 34% used [0x00000000b5a00000,0x00000000b6155300,0x00000000b6f00000)
}
Event: 7.522 GC heap before
{Heap before GC invocations=8 (full 0):
 PSYoungGen      total 71680K, used 71666K [0x00000000eaa80000, 0x00000000f4080000, 0x0000000100000000)
  eden space 62464K, 100% used [0x00000000eaa80000,0x00000000ee780000,0x00000000ee780000)
  from space 9216K, 99% used [0x00000000ee780000,0x00000000ef07c8b8,0x00000000ef080000)
  to   space 14336K, 0% used [0x00000000f3280000,0x00000000f3280000,0x00000000f4080000)
 ParOldGen       total 40960K, used 25821K [0x00000000c0000000, 0x00000000c2800000, 0x00000000eaa80000)
  object space 40960K, 63% used [0x00000000c0000000,0x00000000c1937498,0x00000000c2800000)
 PSPermGen       total 21504K, used 7587K [0x00000000b5a00000, 0x00000000b6f00000, 0x00000000c0000000)
  object space 21504K, 35% used [0x00000000b5a00000,0x00000000b6168f68,0x00000000b6f00000)
Event: 7.536 GC heap after
Heap after GC invocations=8 (full 0):
 PSYoungGen      total 137728K, used 12848K [0x00000000eaa80000, 0x00000000f4380000, 0x0000000100000000)
  eden space 123392K, 0% used [0x00000000eaa80000,0x00000000eaa80000,0x00000000f2300000)
  from space 14336K, 89% used [0x00000000f3280000,0x00000000f3f0c098,0x00000000f4080000)
  to   space 15872K, 0% used [0x00000000f2300000,0x00000000f2300000,0x00000000f3280000)
 ParOldGen       total 40960K, used 26113K [0x00000000c0000000, 0x00000000c2800000, 0x00000000eaa80000)
  object space 40960K, 63% used [0x00000000c0000000,0x00000000c19804e8,0x00000000c2800000)
 PSPermGen       total 21504K, used 7587K [0x00000000b5a00000, 0x00000000b6f00000, 0x00000000c0000000)
  object space 21504K, 35% used [0x00000000b5a00000,0x00000000b6168f68,0x00000000b6f00000)
}
Event: 8.019 GC heap before
{Heap before GC invocations=9 (full 0):
 PSYoungGen      total 137728K, used 136240K [0x00000000eaa80000, 0x00000000f4380000, 0x0000000100000000)
  eden space 123392K, 100% used [0x00000000eaa80000,0x00000000f2300000,0x00000000f2300000)
  from space 14336K, 89% used [0x00000000f3280000,0x00000000f3f0c098,0x00000000f4080000)
  to   space 15872K, 0% used [0x00000000f2300000,0x00000000f2300000,0x00000000f3280000)
 ParOldGen       total 40960K, used 26113K [0x00000000c0000000, 0x00000000c2800000, 0x00000000eaa80000)
  object space 40960K, 63% used [0x00000000c0000000,0x00000000c19804e8,0x00000000c2800000)
 PSPermGen       total 21504K, used 7697K [0x00000000b5a00000, 0x00000000b6f00000, 0x00000000c0000000)
  object space 21504K, 35% used [0x00000000b5a00000,0x00000000b6184740,0x00000000b6f00000)
Event: 8.045 GC heap after
Heap after GC invocations=9 (full 0):
 PSYoungGen      total 139264K, used 12342K [0x00000000eaa80000, 0x00000000f8c80000, 0x0000000100000000)
  eden space 123392K, 0% used [0x00000000eaa80000,0x00000000eaa80000,0x00000000f2300000)
  from space 15872K, 77% used [0x00000000f2300000,0x00000000f2f0d898,0x00000000f3280000)
  to   space 16896K, 0% used [0x00000000f7c00000,0x00000000f7c00000,0x00000000f8c80000)
 ParOldGen       total 40960K, used 28771K [0x00000000c0000000, 0x00000000c2800000, 0x00000000eaa80000)
  object space 40960K, 70% used [0x00000000c0000000,0x00000000c1c18d30,0x00000000c2800000)
 PSPermGen       total 21504K, used 7697K [0x00000000b5a00000, 0x00000000b6f00000, 0x00000000c0000000)
  object space 21504K, 35% used [0x00000000b5a00000,0x00000000b6184740,0x00000000b6f00000)
}
Event: 8.413 GC heap before
{Heap before GC invocations=10 (full 0):
 PSYoungGen      total 139264K, used 135734K [0x00000000eaa80000, 0x00000000f8c80000, 0x0000000100000000)
  eden space 123392K, 100% used [0x00000000eaa80000,0x00000000f2300000,0x00000000f2300000)
  from space 15872K, 77% used [0x00000000f2300000,0x00000000f2f0d898,0x00000000f3280000)
  to   space 16896K, 0% used [0x00000000f7c00000,0x00000000f7c00000,0x00000000f8c80000)
 ParOldGen       total 40960K, used 28771K [0x00000000c0000000, 0x00000000c2800000, 0x00000000eaa80000)
  object space 40960K, 70% used [0x00000000c0000000,0x00000000c1c18d30,0x00000000c2800000)
 PSPermGen       total 21504K, used 7707K [0x00000000b5a00000, 0x00000000b6f00000, 0x00000000c0000000)
  object space 21504K, 35% used [0x00000000b5a00000,0x00000000b6186da0,0x00000000b6f00000)
Event: 8.427 GC heap after
Heap after GC invocations=10 (full 0):
 PSYoungGen      total 214528K, used 11384K [0x00000000eaa80000, 0x00000000f8c80000, 0x0000000100000000)
  eden space 197632K, 0% used [0x00000000eaa80000,0x00000000eaa80000,0x00000000f6b80000)
  from space 16896K, 67% used [0x00000000f7c00000,0x00000000f871e258,0x00000000f8c80000)
  to   space 16896K, 0% used [0x00000000f6b80000,0x00000000f6b80000,0x00000000f7c00000)
 ParOldGen       total 40960K, used 35070K [0x00000000c0000000, 0x00000000c2800000, 0x00000000eaa80000)
  object space 40960K, 85% used [0x00000000c0000000,0x00000000c223f890,0x00000000c2800000)
 PSPermGen       total 21504K, used 7707K [0x00000000b5a00000, 0x00000000b6f00000, 0x00000000c0000000)
  object space 21504K, 35% used [0x00000000b5a00000,0x00000000b6186da0,0x00000000b6f00000)
}
Event: 8.444 GC heap before
{Heap before GC invocations=11 (full 1):
 PSYoungGen      total 214528K, used 11384K [0x00000000eaa80000, 0x00000000f8c80000, 0x0000000100000000)
  eden space 197632K, 0% used [0x00000000eaa80000,0x00000000eaa80000,0x00000000f6b80000)
  from space 16896K, 67% used [0x00000000f7c00000,0x00000000f871e258,0x00000000f8c80000)
  to   space 16896K, 0% used [0x00000000f6b80000,0x00000000f6b80000,0x00000000f7c00000)
 ParOldGen       total 40960K, used 35070K [0x00000000c0000000, 0x00000000c2800000, 0x00000000eaa80000)
  object space 40960K, 85% used [0x00000000c0000000,0x00000000c223f890,0x00000000c2800000)
 PSPermGen       total 21504K, used 7707K [0x00000000b5a00000, 0x00000000b6f00000, 0x00000000c0000000)
  object space 21504K, 35% used [0x00000000b5a00000,0x00000000b6186da0,0x00000000b6f00000)
Event: 8.601 GC heap after
Heap after GC invocations=11 (full 1):
 PSYoungGen      total 214528K, used 0K [0x00000000eaa80000, 0x00000000f8c80000, 0x0000000100000000)
  eden space 197632K, 0% used [0x00000000eaa80000,0x00000000eaa80000,0x00000000f6b80000)
  from space 16896K, 0% used [0x00000000f7c00000,0x00000000f7c00000,0x00000000f8c80000)
  to   space 16896K, 0% used [0x00000000f6b80000,0x00000000f6b80000,0x00000000f7c00000)
 ParOldGen       total 56320K, used 26135K [0x00000000c0000000, 0x00000000c3700000, 0x00000000eaa80000)
  object space 56320K, 46% used [0x00000000c0000000,0x00000000c1985cd0,0x00000000c3700000)
 PSPermGen       total 21504K, used 7703K [0x00000000b5a00000, 0x00000000b6f00000, 0x00000000c0000000)
  object space 21504K, 35% used [0x00000000b5a00000,0x00000000b6185f40,0x00000000b6f00000)
}
Event: 9.006 GC heap before
{Heap before GC invocations=12 (full 1):
 PSYoungGen      total 214528K, used 197632K [0x00000000eaa80000, 0x00000000f8c80000, 0x0000000100000000)
  eden space 197632K, 100% used [0x00000000eaa80000,0x00000000f6b80000,0x00000000f6b80000)
  from space 16896K, 0% used [0x00000000f7c00000,0x00000000f7c00000,0x00000000f8c80000)
  to   space 16896K, 0% used [0x00000000f6b80000,0x00000000f6b80000,0x00000000f7c00000)
 ParOldGen       total 56320K, used 26135K [0x00000000c0000000, 0x00000000c3700000, 0x00000000eaa80000)
  object space 56320K, 46% used [0x00000000c0000000,0x00000000c1985cd0,0x00000000c3700000)
 PSPermGen       total 21504K, used 7712K [0x00000000b5a00000, 0x00000000b6f00000, 0x00000000c0000000)
  object space 21504K, 35% used [0x00000000b5a00000,0x00000000b6188170,0x00000000b6f00000)

