# JRE version: OpenJDK Runtime Environment (7.0_91-b02) (build 1.7.0_91-b02)
# Java VM: OpenJDK 64-Bit Server VM (24.91-b01 mixed mode linux-amd64 compressed oops)
Heap
 PSYoungGen      total 250880K, used 19325K [0x00000000eaa80000, 0x00000000fb500000, 0x0000000100000000)
  eden space 229376K, 0% used [0x00000000eaa80000,0x00000000eaa80000,0x00000000f8a80000)
  from space 21504K, 89% used [0x00000000fa000000,0x00000000fb2df530,0x00000000fb500000)
  to   space 8192K, 0% used [0x00000000f8a80000,0x00000000f8a80000,0x00000000f9280000)
 ParOldGen       total 63488K, used 34049K [0x00000000c0000000, 0x00000000c3e00000, 0x00000000eaa80000)
  object space 63488K, 53% used [0x00000000c0000000,0x00000000c21405a0,0x00000000c3e00000)
 PSPermGen       total 21504K, used 7743K [0x00000000b5a00000, 0x00000000b6f00000, 0x00000000c0000000)
  object space 21504K, 36% used [0x00000000b5a00000,0x00000000b618fed8,0x00000000b6f00000)
GC Heap History (10 events):
Event: 5.206 GC heap after
Heap after GC invocations=6 (full 0):
 PSYoungGen      total 137216K, used 13823K [0x00000000eaa80000, 0x00000000f4880000, 0x0000000100000000)
  eden space 123392K, 0% used [0x00000000eaa80000,0x00000000eaa80000,0x00000000f2300000)
  from space 13824K, 99% used [0x00000000f3400000,0x00000000f417ff28,0x00000000f4180000)
  to   space 17408K, 0% used [0x00000000f2300000,0x00000000f2300000,0x00000000f3400000)
 ParOldGen       total 40960K, used 29207K [0x00000000c0000000, 0x00000000c2800000, 0x00000000eaa80000)
  object space 40960K, 71% used [0x00000000c0000000,0x00000000c1c85de8,0x00000000c2800000)
 PSPermGen       total 21504K, used 6128K [0x00000000b5a00000, 0x00000000b6f00000, 0x00000000c0000000)
  object space 21504K, 28% used [0x00000000b5a00000,0x00000000b5ffc050,0x00000000b6f00000)
}
Event: 8.826 GC heap before
{Heap before GC invocations=7 (full 0):
 PSYoungGen      total 137216K, used 136259K [0x00000000eaa80000, 0x00000000f4880000, 0x0000000100000000)
  eden space 123392K, 99% used [0x00000000eaa80000,0x00000000f22110a8,0x00000000f2300000)
  from space 13824K, 99% used [0x00000000f3400000,0x00000000f417ff28,0x00000000f4180000)
  to   space 17408K, 0% used [0x00000000f2300000,0x00000000f2300000,0x00000000f3400000)
 ParOldGen       total 40960K, used 29207K [0x00000000c0000000, 0x00000000c2800000, 0x00000000eaa80000)
  object space 40960K, 71% used [0x00000000c0000000,0x00000000c1c85de8,0x00000000c2800000)
 PSPermGen       total 21504K, used 7623K [0x00000000b5a00000, 0x00000000b6f00000, 0x00000000c0000000)
  object space 21504K, 35% used [0x00000000b5a00000,0x00000000b6171fe0,0x00000000b6f00000)
Event: 8.851 GC heap after
Heap after GC invocations=7 (full 0):
 PSYoungGen      total 140800K, used 17393K [0x00000000eaa80000, 0x00000000fc780000, 0x0000000100000000)
  eden space 123392K, 0% used [0x00000000eaa80000,0x00000000eaa80000,0x00000000f2300000)
  from space 17408K, 99% used [0x00000000f2300000,0x00000000f33fc6d8,0x00000000f3400000)
  to   space 22528K, 0% used [0x00000000fb180000,0x00000000fb180000,0x00000000fc780000)
 ParOldGen       total 40960K, used 33160K [0x00000000c0000000, 0x00000000c2800000, 0x00000000eaa80000)
  object space 40960K, 80% used [0x00000000c0000000,0x00000000c20620e8,0x00000000c2800000)
 PSPermGen       total 21504K, used 7623K [0x00000000b5a00000, 0x00000000b6f00000, 0x00000000c0000000)
  object space 21504K, 35% used [0x00000000b5a00000,0x00000000b6171fe0,0x00000000b6f00000)
}
Event: 8.851 GC heap before
{Heap before GC invocations=8 (full 1):
 PSYoungGen      total 140800K, used 17393K [0x00000000eaa80000, 0x00000000fc780000, 0x0000000100000000)
  eden space 123392K, 0% used [0x00000000eaa80000,0x00000000eaa80000,0x00000000f2300000)
  from space 17408K, 99% used [0x00000000f2300000,0x00000000f33fc6d8,0x00000000f3400000)
  to   space 22528K, 0% used [0x00000000fb180000,0x00000000fb180000,0x00000000fc780000)
 ParOldGen       total 40960K, used 33160K [0x00000000c0000000, 0x00000000c2800000, 0x00000000eaa80000)
  object space 40960K, 80% used [0x00000000c0000000,0x00000000c20620e8,0x00000000c2800000)
 PSPermGen       total 21504K, used 7623K [0x00000000b5a00000, 0x00000000b6f00000, 0x00000000c0000000)
  object space 21504K, 35% used [0x00000000b5a00000,0x00000000b6171fe0,0x00000000b6f00000)
Event: 9.014 GC heap after
Heap after GC invocations=8 (full 1):
 PSYoungGen      total 140800K, used 0K [0x00000000eaa80000, 0x00000000fc780000, 0x0000000100000000)
  eden space 123392K, 0% used [0x00000000eaa80000,0x00000000eaa80000,0x00000000f2300000)
  from space 17408K, 0% used [0x00000000f2300000,0x00000000f2300000,0x00000000f3400000)
  to   space 22528K, 0% used [0x00000000fb180000,0x00000000fb180000,0x00000000fc780000)
 ParOldGen       total 63488K, used 29774K [0x00000000c0000000, 0x00000000c3e00000, 0x00000000eaa80000)
  object space 63488K, 46% used [0x00000000c0000000,0x00000000c1d13b60,0x00000000c3e00000)
 PSPermGen       total 21504K, used 7620K [0x00000000b5a00000, 0x00000000b6f00000, 0x00000000c0000000)
  object space 21504K, 35% used [0x00000000b5a00000,0x00000000b6171060,0x00000000b6f00000)
}
Event: 9.528 GC heap before
{Heap before GC invocations=9 (full 1):
 PSYoungGen      total 140800K, used 123077K [0x00000000eaa80000, 0x00000000fc780000, 0x0000000100000000)
  eden space 123392K, 99% used [0x00000000eaa80000,0x00000000f22b15b0,0x00000000f2300000)
  from space 17408K, 0% used [0x00000000f2300000,0x00000000f2300000,0x00000000f3400000)
  to   space 22528K, 0% used [0x00000000fb180000,0x00000000fb180000,0x00000000fc780000)
 ParOldGen       total 63488K, used 29774K [0x00000000c0000000, 0x00000000c3e00000, 0x00000000eaa80000)
  object space 63488K, 46% used [0x00000000c0000000,0x00000000c1d13b60,0x00000000c3e00000)
 PSPermGen       total 21504K, used 7724K [0x00000000b5a00000, 0x00000000b6f00000, 0x00000000c0000000)
  object space 21504K, 35% used [0x00000000b5a00000,0x00000000b618b3c0,0x00000000b6f00000)
Event: 9.531 GC heap after
Heap after GC invocations=9 (full 1):
 PSYoungGen      total 187392K, used 4665K [0x00000000eaa80000, 0x00000000fb680000, 0x0000000100000000)
  eden space 182272K, 0% used [0x00000000eaa80000,0x00000000eaa80000,0x00000000f5c80000)
  from space 5120K, 91% used [0x00000000fb180000,0x00000000fb60e428,0x00000000fb680000)
  to   space 22528K, 0% used [0x00000000f8a80000,0x00000000f8a80000,0x00000000fa080000)
 ParOldGen       total 63488K, used 29774K [0x00000000c0000000, 0x00000000c3e00000, 0x00000000eaa80000)
  object space 63488K, 46% used [0x00000000c0000000,0x00000000c1d13b60,0x00000000c3e00000)
 PSPermGen       total 21504K, used 7724K [0x00000000b5a00000, 0x00000000b6f00000, 0x00000000c0000000)
  object space 21504K, 35% used [0x00000000b5a00000,0x00000000b618b3c0,0x00000000b6f00000)
}
Event: 9.937 GC heap before
{Heap before GC invocations=10 (full 1):
 PSYoungGen      total 187392K, used 185724K [0x00000000eaa80000, 0x00000000fb680000, 0x0000000100000000)
  eden space 182272K, 99% used [0x00000000eaa80000,0x00000000f5b50cd0,0x00000000f5c80000)
  from space 5120K, 91% used [0x00000000fb180000,0x00000000fb60e428,0x00000000fb680000)
  to   space 22528K, 0% used [0x00000000f8a80000,0x00000000f8a80000,0x00000000fa080000)
 ParOldGen       total 63488K, used 29774K [0x00000000c0000000, 0x00000000c3e00000, 0x00000000eaa80000)
  object space 63488K, 46% used [0x00000000c0000000,0x00000000c1d13b60,0x00000000c3e00000)
 PSPermGen       total 21504K, used 7741K [0x00000000b5a00000, 0x00000000b6f00000, 0x00000000c0000000)
  object space 21504K, 36% used [0x00000000b5a00000,0x00000000b618f790,0x00000000b6f00000)
Event: 9.940 GC heap after
Heap after GC invocations=10 (full 1):
 PSYoungGen      total 237568K, used 7838K [0x00000000eaa80000, 0x00000000fb500000, 0x0000000100000000)
  eden space 229376K, 0% used [0x00000000eaa80000,0x00000000eaa80000,0x00000000f8a80000)
  from space 8192K, 95% used [0x00000000f8a80000,0x00000000f92278c8,0x00000000f9280000)
  to   space 21504K, 0% used [0x00000000fa000000,0x00000000fa000000,0x00000000fb500000)
 ParOldGen       total 63488K, used 29774K [0x00000000c0000000, 0x00000000c3e00000, 0x00000000eaa80000)
  object space 63488K, 46% used [0x00000000c0000000,0x00000000c1d13b60,0x00000000c3e00000)
 PSPermGen       total 21504K, used 7741K [0x00000000b5a00000, 0x00000000b6f00000, 0x00000000c0000000)
  object space 21504K, 36% used [0x00000000b5a00000,0x00000000b618f790,0x00000000b6f00000)
}
Event: 10.333 GC heap before
{Heap before GC invocations=11 (full 1):
 PSYoungGen      total 237568K, used 237214K [0x00000000eaa80000, 0x00000000fb500000, 0x0000000100000000)
  eden space 229376K, 100% used [0x00000000eaa80000,0x00000000f8a80000,0x00000000f8a80000)
  from space 8192K, 95% used [0x00000000f8a80000,0x00000000f92278c8,0x00000000f9280000)
  to   space 21504K, 0% used [0x00000000fa000000,0x00000000fa000000,0x00000000fb500000)
 ParOldGen       total 63488K, used 29774K [0x00000000c0000000, 0x00000000c3e00000, 0x00000000eaa80000)
  object space 63488K, 46% used [0x00000000c0000000,0x00000000c1d13b60,0x00000000c3e00000)
 PSPermGen       total 21504K, used 7743K [0x00000000b5a00000, 0x00000000b6f00000, 0x00000000c0000000)
  object space 21504K, 36% used [0x00000000b5a00000,0x00000000b618fed8,0x00000000b6f00000)

