# JRE version: OpenJDK Runtime Environment (7.0_91-b02) (build 1.7.0_91-b02)
# Java VM: OpenJDK 64-Bit Server VM (24.91-b01 mixed mode linux-amd64 compressed oops)
Heap
 PSYoungGen      total 214528K, used 14516K [0x00000000eaa80000, 0x00000000f8d80000, 0x0000000100000000)
  eden space 196608K, 0% used [0x00000000eaa80000,0x00000000eaa80000,0x00000000f6a80000)
  from space 17920K, 81% used [0x00000000f6a80000,0x00000000f78ad220,0x00000000f7c00000)
  to   space 17920K, 0% used [0x00000000f7c00000,0x00000000f7c00000,0x00000000f8d80000)
 ParOldGen       total 56832K, used 38809K [0x00000000c0000000, 0x00000000c3780000, 0x00000000eaa80000)
  object space 56832K, 68% used [0x00000000c0000000,0x00000000c25e6500,0x00000000c3780000)
 PSPermGen       total 21504K, used 7707K [0x00000000b5a00000, 0x00000000b6f00000, 0x00000000c0000000)
  object space 21504K, 35% used [0x00000000b5a00000,0x00000000b6186d30,0x00000000b6f00000)
GC Heap History (10 events):
Event: 6.544 GC heap after
Heap after GC invocations=7 (full 0):
 PSYoungGen      total 71680K, used 9200K [0x00000000eaa80000, 0x00000000f4080000, 0x0000000100000000)
  eden space 62464K, 0% used [0x00000000eaa80000,0x00000000eaa80000,0x00000000ee780000)
  from space 9216K, 99% used [0x00000000ee780000,0x00000000ef07c160,0x00000000ef080000)
  to   space 14336K, 0% used [0x00000000f3280000,0x00000000f3280000,0x00000000f4080000)
 ParOldGen       total 40960K, used 24728K [0x00000000c0000000, 0x00000000c2800000, 0x00000000eaa80000)
  object space 40960K, 60% used [0x00000000c0000000,0x00000000c18262c0,0x00000000c2800000)
 PSPermGen       total 21504K, used 7511K [0x00000000b5a00000, 0x00000000b6f00000, 0x00000000c0000000)
  object space 21504K, 34% used [0x00000000b5a00000,0x00000000b6155c98,0x00000000b6f00000)
}
Event: 6.981 GC heap before
{Heap before GC invocations=8 (full 0):
 PSYoungGen      total 71680K, used 71664K [0x00000000eaa80000, 0x00000000f4080000, 0x0000000100000000)
  eden space 62464K, 100% used [0x00000000eaa80000,0x00000000ee780000,0x00000000ee780000)
  from space 9216K, 99% used [0x00000000ee780000,0x00000000ef07c160,0x00000000ef080000)
  to   space 14336K, 0% used [0x00000000f3280000,0x00000000f3280000,0x00000000f4080000)
 ParOldGen       total 40960K, used 24728K [0x00000000c0000000, 0x00000000c2800000, 0x00000000eaa80000)
  object space 40960K, 60% used [0x00000000c0000000,0x00000000c18262c0,0x00000000c2800000)
 PSPermGen       total 21504K, used 7581K [0x00000000b5a00000, 0x00000000b6f00000, 0x00000000c0000000)
  object space 21504K, 35% used [0x00000000b5a00000,0x00000000b61675d0,0x00000000b6f00000)
Event: 6.995 GC heap after
Heap after GC invocations=8 (full 0):
 PSYoungGen      total 137216K, used 13717K [0x00000000eaa80000, 0x00000000f4480000, 0x0000000100000000)
  eden space 122880K, 0% used [0x00000000eaa80000,0x00000000eaa80000,0x00000000f2280000)
  from space 14336K, 95% used [0x00000000f3280000,0x00000000f3fe5498,0x00000000f4080000)
  to   space 16384K, 0% used [0x00000000f2280000,0x00000000f2280000,0x00000000f3280000)
 ParOldGen       total 40960K, used 25185K [0x00000000c0000000, 0x00000000c2800000, 0x00000000eaa80000)
  object space 40960K, 61% used [0x00000000c0000000,0x00000000c1898528,0x00000000c2800000)
 PSPermGen       total 21504K, used 7581K [0x00000000b5a00000, 0x00000000b6f00000, 0x00000000c0000000)
  object space 21504K, 35% used [0x00000000b5a00000,0x00000000b61675d0,0x00000000b6f00000)
}
Event: 7.569 GC heap before
{Heap before GC invocations=9 (full 0):
 PSYoungGen      total 137216K, used 136597K [0x00000000eaa80000, 0x00000000f4480000, 0x0000000100000000)
  eden space 122880K, 100% used [0x00000000eaa80000,0x00000000f2280000,0x00000000f2280000)
  from space 14336K, 95% used [0x00000000f3280000,0x00000000f3fe5498,0x00000000f4080000)
  to   space 16384K, 0% used [0x00000000f2280000,0x00000000f2280000,0x00000000f3280000)
 ParOldGen       total 40960K, used 25185K [0x00000000c0000000, 0x00000000c2800000, 0x00000000eaa80000)
  object space 40960K, 61% used [0x00000000c0000000,0x00000000c1898528,0x00000000c2800000)
 PSPermGen       total 21504K, used 7693K [0x00000000b5a00000, 0x00000000b6f00000, 0x00000000c0000000)
  object space 21504K, 35% used [0x00000000b5a00000,0x00000000b61835d8,0x00000000b6f00000)
Event: 7.588 GC heap after
Heap after GC invocations=9 (full 0):
 PSYoungGen      total 139264K, used 15140K [0x00000000eaa80000, 0x00000000f8d80000, 0x0000000100000000)
  eden space 122880K, 0% used [0x00000000eaa80000,0x00000000eaa80000,0x00000000f2280000)
  from space 16384K, 92% used [0x00000000f2280000,0x00000000f31492a8,0x00000000f3280000)
  to   space 17920K, 0% used [0x00000000f7c00000,0x00000000f7c00000,0x00000000f8d80000)
 ParOldGen       total 40960K, used 30153K [0x00000000c0000000, 0x00000000c2800000, 0x00000000eaa80000)
  object space 40960K, 73% used [0x00000000c0000000,0x00000000c1d727f8,0x00000000c2800000)
 PSPermGen       total 21504K, used 7693K [0x00000000b5a00000, 0x00000000b6f00000, 0x00000000c0000000)
  object space 21504K, 35% used [0x00000000b5a00000,0x00000000b61835d8,0x00000000b6f00000)
}
Event: 7.938 GC heap before
{Heap before GC invocations=10 (full 0):
 PSYoungGen      total 139264K, used 138020K [0x00000000eaa80000, 0x00000000f8d80000, 0x0000000100000000)
  eden space 122880K, 100% used [0x00000000eaa80000,0x00000000f2280000,0x00000000f2280000)
  from space 16384K, 92% used [0x00000000f2280000,0x00000000f31492a8,0x00000000f3280000)
  to   space 17920K, 0% used [0x00000000f7c00000,0x00000000f7c00000,0x00000000f8d80000)
 ParOldGen       total 40960K, used 30153K [0x00000000c0000000, 0x00000000c2800000, 0x00000000eaa80000)
  object space 40960K, 73% used [0x00000000c0000000,0x00000000c1d727f8,0x00000000c2800000)
 PSPermGen       total 21504K, used 7702K [0x00000000b5a00000, 0x00000000b6f00000, 0x00000000c0000000)
  object space 21504K, 35% used [0x00000000b5a00000,0x00000000b6185960,0x00000000b6f00000)
Event: 7.948 GC heap after
Heap after GC invocations=10 (full 0):
 PSYoungGen      total 214528K, used 11371K [0x00000000eaa80000, 0x00000000f8d80000, 0x0000000100000000)
  eden space 196608K, 0% used [0x00000000eaa80000,0x00000000eaa80000,0x00000000f6a80000)
  from space 17920K, 63% used [0x00000000f7c00000,0x00000000f871af68,0x00000000f8d80000)
  to   space 17920K, 0% used [0x00000000f6a80000,0x00000000f6a80000,0x00000000f7c00000)
 ParOldGen       total 40960K, used 35760K [0x00000000c0000000, 0x00000000c2800000, 0x00000000eaa80000)
  object space 40960K, 87% used [0x00000000c0000000,0x00000000c22ec318,0x00000000c2800000)
 PSPermGen       total 21504K, used 7702K [0x00000000b5a00000, 0x00000000b6f00000, 0x00000000c0000000)
  object space 21504K, 35% used [0x00000000b5a00000,0x00000000b6185960,0x00000000b6f00000)
}
Event: 7.948 GC heap before
{Heap before GC invocations=11 (full 1):
 PSYoungGen      total 214528K, used 11371K [0x00000000eaa80000, 0x00000000f8d80000, 0x0000000100000000)
  eden space 196608K, 0% used [0x00000000eaa80000,0x00000000eaa80000,0x00000000f6a80000)
  from space 17920K, 63% used [0x00000000f7c00000,0x00000000f871af68,0x00000000f8d80000)
  to   space 17920K, 0% used [0x00000000f6a80000,0x00000000f6a80000,0x00000000f7c00000)
 ParOldGen       total 40960K, used 35760K [0x00000000c0000000, 0x00000000c2800000, 0x00000000eaa80000)
  object space 40960K, 87% used [0x00000000c0000000,0x00000000c22ec318,0x00000000c2800000)
 PSPermGen       total 21504K, used 7702K [0x00000000b5a00000, 0x00000000b6f00000, 0x00000000c0000000)
  object space 21504K, 35% used [0x00000000b5a00000,0x00000000b6185960,0x00000000b6f00000)
Event: 8.085 GC heap after
Heap after GC invocations=11 (full 1):
 PSYoungGen      total 214528K, used 0K [0x00000000eaa80000, 0x00000000f8d80000, 0x0000000100000000)
  eden space 196608K, 0% used [0x00000000eaa80000,0x00000000eaa80000,0x00000000f6a80000)
  from space 17920K, 0% used [0x00000000f7c00000,0x00000000f7c00000,0x00000000f8d80000)
  to   space 17920K, 0% used [0x00000000f6a80000,0x00000000f6a80000,0x00000000f7c00000)
 ParOldGen       total 56832K, used 25918K [0x00000000c0000000, 0x00000000c3780000, 0x00000000eaa80000)
  object space 56832K, 45% used [0x00000000c0000000,0x00000000c194f8d0,0x00000000c3780000)
 PSPermGen       total 21504K, used 7698K [0x00000000b5a00000, 0x00000000b6f00000, 0x00000000c0000000)
  object space 21504K, 35% used [0x00000000b5a00000,0x00000000b6184b00,0x00000000b6f00000)
}
Event: 9.095 GC heap before
{Heap before GC invocations=12 (full 1):
 PSYoungGen      total 214528K, used 196608K [0x00000000eaa80000, 0x00000000f8d80000, 0x0000000100000000)
  eden space 196608K, 100% used [0x00000000eaa80000,0x00000000f6a80000,0x00000000f6a80000)
  from space 17920K, 0% used [0x00000000f7c00000,0x00000000f7c00000,0x00000000f8d80000)
  to   space 17920K, 0% used [0x00000000f6a80000,0x00000000f6a80000,0x00000000f7c00000)
 ParOldGen       total 56832K, used 25918K [0x00000000c0000000, 0x00000000c3780000, 0x00000000eaa80000)
  object space 56832K, 45% used [0x00000000c0000000,0x00000000c194f8d0,0x00000000c3780000)
 PSPermGen       total 21504K, used 7707K [0x00000000b5a00000, 0x00000000b6f00000, 0x00000000c0000000)
  object space 21504K, 35% used [0x00000000b5a00000,0x00000000b6186d30,0x00000000b6f00000)

