# JRE version: OpenJDK Runtime Environment (7.0_91-b02) (build 1.7.0_91-b02)
# Java VM: OpenJDK 64-Bit Server VM (24.91-b01 mixed mode linux-amd64 compressed oops)
Heap
 PSYoungGen      total 218624K, used 15595K [0x00000000eaa80000, 0x00000000f9400000, 0x0000000100000000)
  eden space 199168K, 0% used [0x00000000eaa80000,0x00000000eaa80000,0x00000000f6d00000)
  from space 19456K, 80% used [0x00000000f6d00000,0x00000000f7c3acf0,0x00000000f8000000)
  to   space 18432K, 0% used [0x00000000f8000000,0x00000000f8000000,0x00000000f9200000)
 ParOldGen       total 58880K, used 43586K [0x00000000c0000000, 0x00000000c3980000, 0x00000000eaa80000)
  object space 58880K, 74% used [0x00000000c0000000,0x00000000c2a909f8,0x00000000c3980000)
 PSPermGen       total 21504K, used 7709K [0x00000000b5a00000, 0x00000000b6f00000, 0x00000000c0000000)
  object space 21504K, 35% used [0x00000000b5a00000,0x00000000b6187438,0x00000000b6f00000)
GC Heap History (10 events):
Event: 7.385 GC heap after
Heap after GC invocations=7 (full 0):
 PSYoungGen      total 71680K, used 8690K [0x00000000eaa80000, 0x00000000f4180000, 0x0000000100000000)
  eden space 62976K, 0% used [0x00000000eaa80000,0x00000000eaa80000,0x00000000ee800000)
  from space 8704K, 99% used [0x00000000ee800000,0x00000000ef07c978,0x00000000ef080000)
  to   space 14336K, 0% used [0x00000000f3380000,0x00000000f3380000,0x00000000f4180000)
 ParOldGen       total 40960K, used 26829K [0x00000000c0000000, 0x00000000c2800000, 0x00000000eaa80000)
  object space 40960K, 65% used [0x00000000c0000000,0x00000000c1a33688,0x00000000c2800000)
 PSPermGen       total 21504K, used 7512K [0x00000000b5a00000, 0x00000000b6f00000, 0x00000000c0000000)
  object space 21504K, 34% used [0x00000000b5a00000,0x00000000b6156348,0x00000000b6f00000)
}
Event: 7.858 GC heap before
{Heap before GC invocations=8 (full 0):
 PSYoungGen      total 71680K, used 71666K [0x00000000eaa80000, 0x00000000f4180000, 0x0000000100000000)
  eden space 62976K, 100% used [0x00000000eaa80000,0x00000000ee800000,0x00000000ee800000)
  from space 8704K, 99% used [0x00000000ee800000,0x00000000ef07c978,0x00000000ef080000)
  to   space 14336K, 0% used [0x00000000f3380000,0x00000000f3380000,0x00000000f4180000)
 ParOldGen       total 40960K, used 26829K [0x00000000c0000000, 0x00000000c2800000, 0x00000000eaa80000)
  object space 40960K, 65% used [0x00000000c0000000,0x00000000c1a33688,0x00000000c2800000)
 PSPermGen       total 21504K, used 7581K [0x00000000b5a00000, 0x00000000b6f00000, 0x00000000c0000000)
  object space 21504K, 35% used [0x00000000b5a00000,0x00000000b6167710,0x00000000b6f00000)
Event: 7.872 GC heap after
Heap after GC invocations=8 (full 0):
 PSYoungGen      total 139264K, used 12295K [0x00000000eaa80000, 0x00000000f4380000, 0x0000000100000000)
  eden space 124928K, 0% used [0x00000000eaa80000,0x00000000eaa80000,0x00000000f2480000)
  from space 14336K, 85% used [0x00000000f3380000,0x00000000f3f81e70,0x00000000f4180000)
  to   space 15360K, 0% used [0x00000000f2480000,0x00000000f2480000,0x00000000f3380000)
 ParOldGen       total 40960K, used 27180K [0x00000000c0000000, 0x00000000c2800000, 0x00000000eaa80000)
  object space 40960K, 66% used [0x00000000c0000000,0x00000000c1a8b1b0,0x00000000c2800000)
 PSPermGen       total 21504K, used 7581K [0x00000000b5a00000, 0x00000000b6f00000, 0x00000000c0000000)
  object space 21504K, 35% used [0x00000000b5a00000,0x00000000b6167710,0x00000000b6f00000)
}
Event: 8.439 GC heap before
{Heap before GC invocations=9 (full 0):
 PSYoungGen      total 139264K, used 137223K [0x00000000eaa80000, 0x00000000f4380000, 0x0000000100000000)
  eden space 124928K, 100% used [0x00000000eaa80000,0x00000000f2480000,0x00000000f2480000)
  from space 14336K, 85% used [0x00000000f3380000,0x00000000f3f81e70,0x00000000f4180000)
  to   space 15360K, 0% used [0x00000000f2480000,0x00000000f2480000,0x00000000f3380000)
 ParOldGen       total 40960K, used 27180K [0x00000000c0000000, 0x00000000c2800000, 0x00000000eaa80000)
  object space 40960K, 66% used [0x00000000c0000000,0x00000000c1a8b1b0,0x00000000c2800000)
 PSPermGen       total 21504K, used 7695K [0x00000000b5a00000, 0x00000000b6f00000, 0x00000000c0000000)
  object space 21504K, 35% used [0x00000000b5a00000,0x00000000b6183d90,0x00000000b6f00000)
Event: 8.453 GC heap after
Heap after GC invocations=9 (full 0):
 PSYoungGen      total 140288K, used 15339K [0x00000000eaa80000, 0x00000000f9200000, 0x0000000100000000)
  eden space 124928K, 0% used [0x00000000eaa80000,0x00000000eaa80000,0x00000000f2480000)
  from space 15360K, 99% used [0x00000000f2480000,0x00000000f337ac90,0x00000000f3380000)
  to   space 18432K, 0% used [0x00000000f8000000,0x00000000f8000000,0x00000000f9200000)
 ParOldGen       total 40960K, used 29726K [0x00000000c0000000, 0x00000000c2800000, 0x00000000eaa80000)
  object space 40960K, 72% used [0x00000000c0000000,0x00000000c1d079a0,0x00000000c2800000)
 PSPermGen       total 21504K, used 7695K [0x00000000b5a00000, 0x00000000b6f00000, 0x00000000c0000000)
  object space 21504K, 35% used [0x00000000b5a00000,0x00000000b6183d90,0x00000000b6f00000)
}
Event: 8.819 GC heap before
{Heap before GC invocations=10 (full 0):
 PSYoungGen      total 140288K, used 140267K [0x00000000eaa80000, 0x00000000f9200000, 0x0000000100000000)
  eden space 124928K, 100% used [0x00000000eaa80000,0x00000000f2480000,0x00000000f2480000)
  from space 15360K, 99% used [0x00000000f2480000,0x00000000f337ac90,0x00000000f3380000)
  to   space 18432K, 0% used [0x00000000f8000000,0x00000000f8000000,0x00000000f9200000)
 ParOldGen       total 40960K, used 29726K [0x00000000c0000000, 0x00000000c2800000, 0x00000000eaa80000)
  object space 40960K, 72% used [0x00000000c0000000,0x00000000c1d079a0,0x00000000c2800000)
 PSPermGen       total 21504K, used 7704K [0x00000000b5a00000, 0x00000000b6f00000, 0x00000000c0000000)
  object space 21504K, 35% used [0x00000000b5a00000,0x00000000b6186118,0x00000000b6f00000)
Event: 8.839 GC heap after
Heap after GC invocations=10 (full 0):
 PSYoungGen      total 217600K, used 13821K [0x00000000eaa80000, 0x00000000f9400000, 0x0000000100000000)
  eden space 199168K, 0% used [0x00000000eaa80000,0x00000000eaa80000,0x00000000f6d00000)
  from space 18432K, 74% used [0x00000000f8000000,0x00000000f8d7f690,0x00000000f9200000)
  to   space 19456K, 0% used [0x00000000f6d00000,0x00000000f6d00000,0x00000000f8000000)
 ParOldGen       total 40960K, used 35924K [0x00000000c0000000, 0x00000000c2800000, 0x00000000eaa80000)
  object space 40960K, 87% used [0x00000000c0000000,0x00000000c2315308,0x00000000c2800000)
 PSPermGen       total 21504K, used 7704K [0x00000000b5a00000, 0x00000000b6f00000, 0x00000000c0000000)
  object space 21504K, 35% used [0x00000000b5a00000,0x00000000b6186118,0x00000000b6f00000)
}
Event: 8.858 GC heap before
{Heap before GC invocations=11 (full 1):
 PSYoungGen      total 217600K, used 13821K [0x00000000eaa80000, 0x00000000f9400000, 0x0000000100000000)
  eden space 199168K, 0% used [0x00000000eaa80000,0x00000000eaa80000,0x00000000f6d00000)
  from space 18432K, 74% used [0x00000000f8000000,0x00000000f8d7f690,0x00000000f9200000)
  to   space 19456K, 0% used [0x00000000f6d00000,0x00000000f6d00000,0x00000000f8000000)
 ParOldGen       total 40960K, used 35924K [0x00000000c0000000, 0x00000000c2800000, 0x00000000eaa80000)
  object space 40960K, 87% used [0x00000000c0000000,0x00000000c2315308,0x00000000c2800000)
 PSPermGen       total 21504K, used 7704K [0x00000000b5a00000, 0x00000000b6f00000, 0x00000000c0000000)
  object space 21504K, 35% used [0x00000000b5a00000,0x00000000b6186118,0x00000000b6f00000)
Event: 9.058 GC heap after
Heap after GC invocations=11 (full 1):
 PSYoungGen      total 217600K, used 0K [0x00000000eaa80000, 0x00000000f9400000, 0x0000000100000000)
  eden space 199168K, 0% used [0x00000000eaa80000,0x00000000eaa80000,0x00000000f6d00000)
  from space 18432K, 0% used [0x00000000f8000000,0x00000000f8000000,0x00000000f9200000)
  to   space 19456K, 0% used [0x00000000f6d00000,0x00000000f6d00000,0x00000000f8000000)
 ParOldGen       total 58880K, used 27153K [0x00000000c0000000, 0x00000000c3980000, 0x00000000eaa80000)
  object space 58880K, 46% used [0x00000000c0000000,0x00000000c1a84558,0x00000000c3980000)
 PSPermGen       total 21504K, used 7700K [0x00000000b5a00000, 0x00000000b6f00000, 0x00000000c0000000)
  object space 21504K, 35% used [0x00000000b5a00000,0x00000000b6185278,0x00000000b6f00000)
}
Event: 9.504 GC heap before
{Heap before GC invocations=12 (full 1):
 PSYoungGen      total 217600K, used 199168K [0x00000000eaa80000, 0x00000000f9400000, 0x0000000100000000)
  eden space 199168K, 100% used [0x00000000eaa80000,0x00000000f6d00000,0x00000000f6d00000)
  from space 18432K, 0% used [0x00000000f8000000,0x00000000f8000000,0x00000000f9200000)
  to   space 19456K, 0% used [0x00000000f6d00000,0x00000000f6d00000,0x00000000f8000000)
 ParOldGen       total 58880K, used 27153K [0x00000000c0000000, 0x00000000c3980000, 0x00000000eaa80000)
  object space 58880K, 46% used [0x00000000c0000000,0x00000000c1a84558,0x00000000c3980000)
 PSPermGen       total 21504K, used 7709K [0x00000000b5a00000, 0x00000000b6f00000, 0x00000000c0000000)
  object space 21504K, 35% used [0x00000000b5a00000,0x00000000b6187438,0x00000000b6f00000)

