# JRE version: OpenJDK Runtime Environment (7.0_91-b02) (build 1.7.0_91-b02)
# Java VM: OpenJDK 64-Bit Server VM (24.91-b01 mixed mode linux-amd64 compressed oops)
Heap
 PSYoungGen      total 213504K, used 16878K [0x00000000eaa80000, 0x00000000f8d80000, 0x0000000100000000)
  eden space 194560K, 0% used [0x00000000eaa80000,0x00000000eaa80000,0x00000000f6880000)
  from space 18944K, 89% used [0x00000000f6880000,0x00000000f78fb8b8,0x00000000f7b00000)
  to   space 18432K, 0% used [0x00000000f7b80000,0x00000000f7b80000,0x00000000f8d80000)
 ParOldGen       total 62464K, used 33092K [0x00000000c0000000, 0x00000000c3d00000, 0x00000000eaa80000)
  object space 62464K, 52% used [0x00000000c0000000,0x00000000c2051148,0x00000000c3d00000)
 PSPermGen       total 21504K, used 7749K [0x00000000b5a00000, 0x00000000b6f00000, 0x00000000c0000000)
  object space 21504K, 36% used [0x00000000b5a00000,0x00000000b6191780,0x00000000b6f00000)
GC Heap History (10 events):
Event: 4.777 GC heap after
Heap after GC invocations=7 (full 0):
 PSYoungGen      total 71680K, used 8703K [0x00000000eaa80000, 0x00000000f4080000, 0x0000000100000000)
  eden space 62976K, 0% used [0x00000000eaa80000,0x00000000eaa80000,0x00000000ee800000)
  from space 8704K, 99% used [0x00000000ee800000,0x00000000ef07fc18,0x00000000ef080000)
  to   space 13824K, 0% used [0x00000000f3300000,0x00000000f3300000,0x00000000f4080000)
 ParOldGen       total 40960K, used 24925K [0x00000000c0000000, 0x00000000c2800000, 0x00000000eaa80000)
  object space 40960K, 60% used [0x00000000c0000000,0x00000000c18575e8,0x00000000c2800000)
 PSPermGen       total 21504K, used 5685K [0x00000000b5a00000, 0x00000000b6f00000, 0x00000000c0000000)
  object space 21504K, 26% used [0x00000000b5a00000,0x00000000b5f8d5f8,0x00000000b6f00000)
}
Event: 9.778 GC heap before
{Heap before GC invocations=8 (full 0):
 PSYoungGen      total 71680K, used 70913K [0x00000000eaa80000, 0x00000000f4080000, 0x0000000100000000)
  eden space 62976K, 98% used [0x00000000eaa80000,0x00000000ee7408d8,0x00000000ee800000)
  from space 8704K, 99% used [0x00000000ee800000,0x00000000ef07fc18,0x00000000ef080000)
  to   space 13824K, 0% used [0x00000000f3300000,0x00000000f3300000,0x00000000f4080000)
 ParOldGen       total 40960K, used 24925K [0x00000000c0000000, 0x00000000c2800000, 0x00000000eaa80000)
  object space 40960K, 60% used [0x00000000c0000000,0x00000000c18575e8,0x00000000c2800000)
 PSPermGen       total 21504K, used 7562K [0x00000000b5a00000, 0x00000000b6f00000, 0x00000000c0000000)
  object space 21504K, 35% used [0x00000000b5a00000,0x00000000b6162ac0,0x00000000b6f00000)
Event: 9.798 GC heap after
Heap after GC invocations=8 (full 0):
 PSYoungGen      total 135168K, used 13807K [0x00000000eaa80000, 0x00000000f4980000, 0x0000000100000000)
  eden space 121344K, 0% used [0x00000000eaa80000,0x00000000eaa80000,0x00000000f2100000)
  from space 13824K, 99% used [0x00000000f3300000,0x00000000f407bed8,0x00000000f4080000)
  to   space 18432K, 0% used [0x00000000f2100000,0x00000000f2100000,0x00000000f3300000)
 ParOldGen       total 40960K, used 31009K [0x00000000c0000000, 0x00000000c2800000, 0x00000000eaa80000)
  object space 40960K, 75% used [0x00000000c0000000,0x00000000c1e48718,0x00000000c2800000)
 PSPermGen       total 21504K, used 7562K [0x00000000b5a00000, 0x00000000b6f00000, 0x00000000c0000000)
  object space 21504K, 35% used [0x00000000b5a00000,0x00000000b6162ac0,0x00000000b6f00000)
}
Event: 10.534 GC heap before
{Heap before GC invocations=9 (full 0):
 PSYoungGen      total 135168K, used 134149K [0x00000000eaa80000, 0x00000000f4980000, 0x0000000100000000)
  eden space 121344K, 99% used [0x00000000eaa80000,0x00000000f2005818,0x00000000f2100000)
  from space 13824K, 99% used [0x00000000f3300000,0x00000000f407bed8,0x00000000f4080000)
  to   space 18432K, 0% used [0x00000000f2100000,0x00000000f2100000,0x00000000f3300000)
 ParOldGen       total 40960K, used 31009K [0x00000000c0000000, 0x00000000c2800000, 0x00000000eaa80000)
  object space 40960K, 75% used [0x00000000c0000000,0x00000000c1e48718,0x00000000c2800000)
 PSPermGen       total 21504K, used 7727K [0x00000000b5a00000, 0x00000000b6f00000, 0x00000000c0000000)
  object space 21504K, 35% used [0x00000000b5a00000,0x00000000b618be78,0x00000000b6f00000)
Event: 10.578 GC heap after
Heap after GC invocations=9 (full 0):
 PSYoungGen      total 139776K, used 14211K [0x00000000eaa80000, 0x00000000f8e80000, 0x0000000100000000)
  eden space 121344K, 0% used [0x00000000eaa80000,0x00000000eaa80000,0x00000000f2100000)
  from space 18432K, 77% used [0x00000000f2100000,0x00000000f2ee0dc0,0x00000000f3300000)
  to   space 19456K, 0% used [0x00000000f7b80000,0x00000000f7b80000,0x00000000f8e80000)
 ParOldGen       total 40960K, used 32750K [0x00000000c0000000, 0x00000000c2800000, 0x00000000eaa80000)
  object space 40960K, 79% used [0x00000000c0000000,0x00000000c1ffb8a0,0x00000000c2800000)
 PSPermGen       total 21504K, used 7727K [0x00000000b5a00000, 0x00000000b6f00000, 0x00000000c0000000)
  object space 21504K, 35% used [0x00000000b5a00000,0x00000000b618be78,0x00000000b6f00000)
}
Event: 10.952 GC heap before
{Heap before GC invocations=10 (full 0):
 PSYoungGen      total 139776K, used 135555K [0x00000000eaa80000, 0x00000000f8e80000, 0x0000000100000000)
  eden space 121344K, 100% used [0x00000000eaa80000,0x00000000f2100000,0x00000000f2100000)
  from space 18432K, 77% used [0x00000000f2100000,0x00000000f2ee0dc0,0x00000000f3300000)
  to   space 19456K, 0% used [0x00000000f7b80000,0x00000000f7b80000,0x00000000f8e80000)
 ParOldGen       total 40960K, used 32750K [0x00000000c0000000, 0x00000000c2800000, 0x00000000eaa80000)
  object space 40960K, 79% used [0x00000000c0000000,0x00000000c1ffb8a0,0x00000000c2800000)
 PSPermGen       total 21504K, used 7743K [0x00000000b5a00000, 0x00000000b6f00000, 0x00000000c0000000)
  object space 21504K, 36% used [0x00000000b5a00000,0x00000000b618ffb8,0x00000000b6f00000)
Event: 11.152 GC heap after
Heap after GC invocations=10 (full 0):
 PSYoungGen      total 212992K, used 7521K [0x00000000eaa80000, 0x00000000f8d80000, 0x0000000100000000)
  eden space 194560K, 0% used [0x00000000eaa80000,0x00000000eaa80000,0x00000000f6880000)
  from space 18432K, 40% used [0x00000000f7b80000,0x00000000f82d8798,0x00000000f8d80000)
  to   space 18944K, 0% used [0x00000000f6880000,0x00000000f6880000,0x00000000f7b00000)
 ParOldGen       total 45056K, used 44846K [0x00000000c0000000, 0x00000000c2c00000, 0x00000000eaa80000)
  object space 45056K, 99% used [0x00000000c0000000,0x00000000c2bcba90,0x00000000c2c00000)
 PSPermGen       total 21504K, used 7743K [0x00000000b5a00000, 0x00000000b6f00000, 0x00000000c0000000)
  object space 21504K, 36% used [0x00000000b5a00000,0x00000000b618ffb8,0x00000000b6f00000)
}
Event: 11.153 GC heap before
{Heap before GC invocations=11 (full 1):
 PSYoungGen      total 212992K, used 7521K [0x00000000eaa80000, 0x00000000f8d80000, 0x0000000100000000)
  eden space 194560K, 0% used [0x00000000eaa80000,0x00000000eaa80000,0x00000000f6880000)
  from space 18432K, 40% used [0x00000000f7b80000,0x00000000f82d8798,0x00000000f8d80000)
  to   space 18944K, 0% used [0x00000000f6880000,0x00000000f6880000,0x00000000f7b00000)
 ParOldGen       total 45056K, used 44846K [0x00000000c0000000, 0x00000000c2c00000, 0x00000000eaa80000)
  object space 45056K, 99% used [0x00000000c0000000,0x00000000c2bcba90,0x00000000c2c00000)
 PSPermGen       total 21504K, used 7743K [0x00000000b5a00000, 0x00000000b6f00000, 0x00000000c0000000)
  object space 21504K, 36% used [0x00000000b5a00000,0x00000000b618ffb8,0x00000000b6f00000)
Event: 11.337 GC heap after
Heap after GC invocations=11 (full 1):
 PSYoungGen      total 212992K, used 0K [0x00000000eaa80000, 0x00000000f8d80000, 0x0000000100000000)
  eden space 194560K, 0% used [0x00000000eaa80000,0x00000000eaa80000,0x00000000f6880000)
  from space 18432K, 0% used [0x00000000f7b80000,0x00000000f7b80000,0x00000000f8d80000)
  to   space 18944K, 0% used [0x00000000f6880000,0x00000000f6880000,0x00000000f7b00000)
 ParOldGen       total 62464K, used 33092K [0x00000000c0000000, 0x00000000c3d00000, 0x00000000eaa80000)
  object space 62464K, 52% used [0x00000000c0000000,0x00000000c2051148,0x00000000c3d00000)
 PSPermGen       total 21504K, used 7739K [0x00000000b5a00000, 0x00000000b6f00000, 0x00000000c0000000)
  object space 21504K, 35% used [0x00000000b5a00000,0x00000000b618ef38,0x00000000b6f00000)
}
Event: 12.008 GC heap before
{Heap before GC invocations=12 (full 1):
 PSYoungGen      total 212992K, used 194560K [0x00000000eaa80000, 0x00000000f8d80000, 0x0000000100000000)
  eden space 194560K, 100% used [0x00000000eaa80000,0x00000000f6880000,0x00000000f6880000)
  from space 18432K, 0% used [0x00000000f7b80000,0x00000000f7b80000,0x00000000f8d80000)
  to   space 18944K, 0% used [0x00000000f6880000,0x00000000f6880000,0x00000000f7b00000)
 ParOldGen       total 62464K, used 33092K [0x00000000c0000000, 0x00000000c3d00000, 0x00000000eaa80000)
  object space 62464K, 52% used [0x00000000c0000000,0x00000000c2051148,0x00000000c3d00000)
 PSPermGen       total 21504K, used 7749K [0x00000000b5a00000, 0x00000000b6f00000, 0x00000000c0000000)
  object space 21504K, 36% used [0x00000000b5a00000,0x00000000b6191780,0x00000000b6f00000)

