# JRE version: OpenJDK Runtime Environment (7.0_91-b02) (build 1.7.0_91-b02)
# Java VM: OpenJDK 64-Bit Server VM (24.91-b01 mixed mode linux-amd64 compressed oops)
Heap
 PSYoungGen      total 313856K, used 306714K [0x00000000eaa80000, 0x00000000ff700000, 0x0000000100000000)
  eden space 298496K, 100% used [0x00000000eaa80000,0x00000000fce00000,0x00000000fce00000)
  from space 15360K, 53% used [0x00000000fe800000,0x00000000ff006820,0x00000000ff700000)
  to   space 20992K, 99% used [0x00000000fce00000,0x00000000fe27b748,0x00000000fe280000)
 ParOldGen       total 59392K, used 59388K [0x00000000c0000000, 0x00000000c3a00000, 0x00000000eaa80000)
  object space 59392K, 99% used [0x00000000c0000000,0x00000000c39ff178,0x00000000c3a00000)
 PSPermGen       total 21504K, used 7755K [0x00000000b5a00000, 0x00000000b6f00000, 0x00000000c0000000)
  object space 21504K, 36% used [0x00000000b5a00000,0x00000000b6192ca0,0x00000000b6f00000)
GC Heap History (10 events):
Event: 9.942 GC heap after
Heap after GC invocations=11 (full 1):
 PSYoungGen      total 185856K, used 12762K [0x00000000eaa80000, 0x00000000f7700000, 0x0000000100000000)
  eden space 168448K, 0% used [0x00000000eaa80000,0x00000000eaa80000,0x00000000f4f00000)
  from space 17408K, 73% used [0x00000000f6600000,0x00000000f7276950,0x00000000f7700000)
  to   space 20480K, 0% used [0x00000000f4f00000,0x00000000f4f00000,0x00000000f6300000)
 ParOldGen       total 59392K, used 29517K [0x00000000c0000000, 0x00000000c3a00000, 0x00000000eaa80000)
  object space 59392K, 49% used [0x00000000c0000000,0x00000000c1cd3590,0x00000000c3a00000)
 PSPermGen       total 21504K, used 7735K [0x00000000b5a00000, 0x00000000b6f00000, 0x00000000c0000000)
  object space 21504K, 35% used [0x00000000b5a00000,0x00000000b618ddf8,0x00000000b6f00000)
}
Event: 10.267 GC heap before
{Heap before GC invocations=12 (full 1):
 PSYoungGen      total 185856K, used 181210K [0x00000000eaa80000, 0x00000000f7700000, 0x0000000100000000)
  eden space 168448K, 100% used [0x00000000eaa80000,0x00000000f4f00000,0x00000000f4f00000)
  from space 17408K, 73% used [0x00000000f6600000,0x00000000f7276950,0x00000000f7700000)
  to   space 20480K, 0% used [0x00000000f4f00000,0x00000000f4f00000,0x00000000f6300000)
 ParOldGen       total 59392K, used 29517K [0x00000000c0000000, 0x00000000c3a00000, 0x00000000eaa80000)
  object space 59392K, 49% used [0x00000000c0000000,0x00000000c1cd3590,0x00000000c3a00000)
 PSPermGen       total 21504K, used 7746K [0x00000000b5a00000, 0x00000000b6f00000, 0x00000000c0000000)
  object space 21504K, 36% used [0x00000000b5a00000,0x00000000b6190be8,0x00000000b6f00000)
Event: 10.271 GC heap after
Heap after GC invocations=12 (full 1):
 PSYoungGen      total 188928K, used 9402K [0x00000000eaa80000, 0x00000000fb000000, 0x0000000100000000)
  eden space 168448K, 0% used [0x00000000eaa80000,0x00000000eaa80000,0x00000000f4f00000)
  from space 20480K, 45% used [0x00000000f4f00000,0x00000000f582eb50,0x00000000f6300000)
  to   space 18944K, 0% used [0x00000000f9d80000,0x00000000f9d80000,0x00000000fb000000)
 ParOldGen       total 59392K, used 29541K [0x00000000c0000000, 0x00000000c3a00000, 0x00000000eaa80000)
  object space 59392K, 49% used [0x00000000c0000000,0x00000000c1cd9590,0x00000000c3a00000)
 PSPermGen       total 21504K, used 7746K [0x00000000b5a00000, 0x00000000b6f00000, 0x00000000c0000000)
  object space 21504K, 36% used [0x00000000b5a00000,0x00000000b6190be8,0x00000000b6f00000)
}
Event: 10.552 GC heap before
{Heap before GC invocations=13 (full 1):
 PSYoungGen      total 188928K, used 177850K [0x00000000eaa80000, 0x00000000fb000000, 0x0000000100000000)
  eden space 168448K, 100% used [0x00000000eaa80000,0x00000000f4f00000,0x00000000f4f00000)
  from space 20480K, 45% used [0x00000000f4f00000,0x00000000f582eb50,0x00000000f6300000)
  to   space 18944K, 0% used [0x00000000f9d80000,0x00000000f9d80000,0x00000000fb000000)
 ParOldGen       total 59392K, used 29541K [0x00000000c0000000, 0x00000000c3a00000, 0x00000000eaa80000)
  object space 59392K, 49% used [0x00000000c0000000,0x00000000c1cd9590,0x00000000c3a00000)
 PSPermGen       total 21504K, used 7748K [0x00000000b5a00000, 0x00000000b6f00000, 0x00000000c0000000)
  object space 21504K, 36% used [0x00000000b5a00000,0x00000000b6191330,0x00000000b6f00000)
Event: 10.556 GC heap after
Heap after GC invocations=13 (full 1):
 PSYoungGen      total 243712K, used 12845K [0x00000000eaa80000, 0x00000000fae00000, 0x0000000100000000)
  eden space 226816K, 0% used [0x00000000eaa80000,0x00000000eaa80000,0x00000000f8800000)
  from space 16896K, 76% used [0x00000000f9d80000,0x00000000faa0b5a0,0x00000000fae00000)
  to   space 19456K, 0% used [0x00000000f8800000,0x00000000f8800000,0x00000000f9b00000)
 ParOldGen       total 59392K, used 29541K [0x00000000c0000000, 0x00000000c3a00000, 0x00000000eaa80000)
  object space 59392K, 49% used [0x00000000c0000000,0x00000000c1cd9590,0x00000000c3a00000)
 PSPermGen       total 21504K, used 7748K [0x00000000b5a00000, 0x00000000b6f00000, 0x00000000c0000000)
  object space 21504K, 36% used [0x00000000b5a00000,0x00000000b6191330,0x00000000b6f00000)
}
Event: 10.963 GC heap before
{Heap before GC invocations=14 (full 1):
 PSYoungGen      total 243712K, used 239661K [0x00000000eaa80000, 0x00000000fae00000, 0x0000000100000000)
  eden space 226816K, 100% used [0x00000000eaa80000,0x00000000f8800000,0x00000000f8800000)
  from space 16896K, 76% used [0x00000000f9d80000,0x00000000faa0b5a0,0x00000000fae00000)
  to   space 19456K, 0% used [0x00000000f8800000,0x00000000f8800000,0x00000000f9b00000)
 ParOldGen       total 59392K, used 29541K [0x00000000c0000000, 0x00000000c3a00000, 0x00000000eaa80000)
  object space 59392K, 49% used [0x00000000c0000000,0x00000000c1cd9590,0x00000000c3a00000)
 PSPermGen       total 21504K, used 7750K [0x00000000b5a00000, 0x00000000b6f00000, 0x00000000c0000000)
  object space 21504K, 36% used [0x00000000b5a00000,0x00000000b6191bc8,0x00000000b6f00000)
Event: 10.972 GC heap after
Heap after GC invocations=14 (full 1):
 PSYoungGen      total 246272K, used 17712K [0x00000000eaa80000, 0x00000000ffd00000, 0x0000000100000000)
  eden space 226816K, 0% used [0x00000000eaa80000,0x00000000eaa80000,0x00000000f8800000)
  from space 19456K, 91% used [0x00000000f8800000,0x00000000f994c1a8,0x00000000f9b00000)
  to   space 21504K, 0% used [0x00000000fe800000,0x00000000fe800000,0x00000000ffd00000)
 ParOldGen       total 59392K, used 34508K [0x00000000c0000000, 0x00000000c3a00000, 0x00000000eaa80000)
  object space 59392K, 58% used [0x00000000c0000000,0x00000000c21b30e8,0x00000000c3a00000)
 PSPermGen       total 21504K, used 7750K [0x00000000b5a00000, 0x00000000b6f00000, 0x00000000c0000000)
  object space 21504K, 36% used [0x00000000b5a00000,0x00000000b6191bc8,0x00000000b6f00000)
}
Event: 11.329 GC heap before
{Heap before GC invocations=15 (full 1):
 PSYoungGen      total 246272K, used 239449K [0x00000000eaa80000, 0x00000000ffd00000, 0x0000000100000000)
  eden space 226816K, 97% used [0x00000000eaa80000,0x00000000f830a418,0x00000000f8800000)
  from space 19456K, 91% used [0x00000000f8800000,0x00000000f994c1a8,0x00000000f9b00000)
  to   space 21504K, 0% used [0x00000000fe800000,0x00000000fe800000,0x00000000ffd00000)
 ParOldGen       total 59392K, used 34508K [0x00000000c0000000, 0x00000000c3a00000, 0x00000000eaa80000)
  object space 59392K, 58% used [0x00000000c0000000,0x00000000c21b30e8,0x00000000c3a00000)
 PSPermGen       total 21504K, used 7753K [0x00000000b5a00000, 0x00000000b6f00000, 0x00000000c0000000)
  object space 21504K, 36% used [0x00000000b5a00000,0x00000000b6192440,0x00000000b6f00000)
Event: 11.333 GC heap after
Heap after GC invocations=15 (full 1):
 PSYoungGen      total 313856K, used 8218K [0x00000000eaa80000, 0x00000000ff700000, 0x0000000100000000)
  eden space 298496K, 0% used [0x00000000eaa80000,0x00000000eaa80000,0x00000000fce00000)
  from space 15360K, 53% used [0x00000000fe800000,0x00000000ff006820,0x00000000ff700000)
  to   space 20992K, 0% used [0x00000000fce00000,0x00000000fce00000,0x00000000fe280000)
 ParOldGen       total 59392K, used 34516K [0x00000000c0000000, 0x00000000c3a00000, 0x00000000eaa80000)
  object space 59392K, 58% used [0x00000000c0000000,0x00000000c21b50e8,0x00000000c3a00000)
 PSPermGen       total 21504K, used 7753K [0x00000000b5a00000, 0x00000000b6f00000, 0x00000000c0000000)
  object space 21504K, 36% used [0x00000000b5a00000,0x00000000b6192440,0x00000000b6f00000)
}
Event: 11.956 GC heap before
{Heap before GC invocations=16 (full 1):
 PSYoungGen      total 313856K, used 306714K [0x00000000eaa80000, 0x00000000ff700000, 0x0000000100000000)
  eden space 298496K, 100% used [0x00000000eaa80000,0x00000000fce00000,0x00000000fce00000)
  from space 15360K, 53% used [0x00000000fe800000,0x00000000ff006820,0x00000000ff700000)
  to   space 20992K, 0% used [0x00000000fce00000,0x00000000fce00000,0x00000000fe280000)
 ParOldGen       total 59392K, used 34516K [0x00000000c0000000, 0x00000000c3a00000, 0x00000000eaa80000)
  object space 59392K, 58% used [0x00000000c0000000,0x00000000c21b50e8,0x00000000c3a00000)
 PSPermGen       total 21504K, used 7755K [0x00000000b5a00000, 0x00000000b6f00000, 0x00000000c0000000)
  object space 21504K, 36% used [0x00000000b5a00000,0x00000000b6192ca0,0x00000000b6f00000)

