# JRE version: OpenJDK Runtime Environment (7.0_91-b02) (build 1.7.0_91-b02)
# Java VM: OpenJDK 64-Bit Server VM (24.91-b01 mixed mode linux-amd64 compressed oops)
Heap
 PSYoungGen      total 179712K, used 16854K [0x00000000eaa80000, 0x00000000f7a00000, 0x0000000100000000)
  eden space 160256K, 0% used [0x00000000eaa80000,0x00000000eaa80000,0x00000000f4700000)
  from space 19456K, 86% used [0x00000000f4700000,0x00000000f5775808,0x00000000f5a00000)
  to   space 19968K, 0% used [0x00000000f5a00000,0x00000000f5a00000,0x00000000f6d80000)
 ParOldGen       total 60416K, used 33492K [0x00000000c0000000, 0x00000000c3b00000, 0x00000000eaa80000)
  object space 60416K, 55% used [0x00000000c0000000,0x00000000c20b5030,0x00000000c3b00000)
 PSPermGen       total 21504K, used 7757K [0x00000000b5a00000, 0x00000000b6f00000, 0x00000000c0000000)
  object space 21504K, 36% used [0x00000000b5a00000,0x00000000b61934d8,0x00000000b6f00000)
GC Heap History (10 events):
Event: 4.624 GC heap after
Heap after GC invocations=7 (full 0):
 PSYoungGen      total 72192K, used 9705K [0x00000000eaa80000, 0x00000000f4080000, 0x0000000100000000)
  eden space 62464K, 0% used [0x00000000eaa80000,0x00000000eaa80000,0x00000000ee780000)
  from space 9728K, 99% used [0x00000000ee780000,0x00000000ef0fa400,0x00000000ef100000)
  to   space 14336K, 0% used [0x00000000f3280000,0x00000000f3280000,0x00000000f4080000)
 ParOldGen       total 40960K, used 25412K [0x00000000c0000000, 0x00000000c2800000, 0x00000000eaa80000)
  object space 40960K, 62% used [0x00000000c0000000,0x00000000c18d1048,0x00000000c2800000)
 PSPermGen       total 21504K, used 5687K [0x00000000b5a00000, 0x00000000b6f00000, 0x00000000c0000000)
  object space 21504K, 26% used [0x00000000b5a00000,0x00000000b5f8dfb0,0x00000000b6f00000)
}
Event: 8.743 GC heap before
{Heap before GC invocations=8 (full 0):
 PSYoungGen      total 72192K, used 72169K [0x00000000eaa80000, 0x00000000f4080000, 0x0000000100000000)
  eden space 62464K, 100% used [0x00000000eaa80000,0x00000000ee780000,0x00000000ee780000)
  from space 9728K, 99% used [0x00000000ee780000,0x00000000ef0fa400,0x00000000ef100000)
  to   space 14336K, 0% used [0x00000000f3280000,0x00000000f3280000,0x00000000f4080000)
 ParOldGen       total 40960K, used 25412K [0x00000000c0000000, 0x00000000c2800000, 0x00000000eaa80000)
  object space 40960K, 62% used [0x00000000c0000000,0x00000000c18d1048,0x00000000c2800000)
 PSPermGen       total 21504K, used 7569K [0x00000000b5a00000, 0x00000000b6f00000, 0x00000000c0000000)
  object space 21504K, 35% used [0x00000000b5a00000,0x00000000b6164640,0x00000000b6f00000)
Event: 8.963 GC heap after
Heap after GC invocations=8 (full 0):
 PSYoungGen      total 133632K, used 14335K [0x00000000eaa80000, 0x00000000f4b80000, 0x0000000100000000)
  eden space 119296K, 0% used [0x00000000eaa80000,0x00000000eaa80000,0x00000000f1f00000)
  from space 14336K, 99% used [0x00000000f3280000,0x00000000f407fcf8,0x00000000f4080000)
  to   space 19968K, 0% used [0x00000000f1f00000,0x00000000f1f00000,0x00000000f3280000)
 ParOldGen       total 40960K, used 32791K [0x00000000c0000000, 0x00000000c2800000, 0x00000000eaa80000)
  object space 40960K, 80% used [0x00000000c0000000,0x00000000c2005ce8,0x00000000c2800000)
 PSPermGen       total 21504K, used 7569K [0x00000000b5a00000, 0x00000000b6f00000, 0x00000000c0000000)
  object space 21504K, 35% used [0x00000000b5a00000,0x00000000b6164640,0x00000000b6f00000)
}
Event: 8.963 GC heap before
{Heap before GC invocations=9 (full 1):
 PSYoungGen      total 133632K, used 14335K [0x00000000eaa80000, 0x00000000f4b80000, 0x0000000100000000)
  eden space 119296K, 0% used [0x00000000eaa80000,0x00000000eaa80000,0x00000000f1f00000)
  from space 14336K, 99% used [0x00000000f3280000,0x00000000f407fcf8,0x00000000f4080000)
  to   space 19968K, 0% used [0x00000000f1f00000,0x00000000f1f00000,0x00000000f3280000)
 ParOldGen       total 40960K, used 32791K [0x00000000c0000000, 0x00000000c2800000, 0x00000000eaa80000)
  object space 40960K, 80% used [0x00000000c0000000,0x00000000c2005ce8,0x00000000c2800000)
 PSPermGen       total 21504K, used 7569K [0x00000000b5a00000, 0x00000000b6f00000, 0x00000000c0000000)
  object space 21504K, 35% used [0x00000000b5a00000,0x00000000b6164640,0x00000000b6f00000)
Event: 9.151 GC heap after
Heap after GC invocations=9 (full 1):
 PSYoungGen      total 133632K, used 0K [0x00000000eaa80000, 0x00000000f4b80000, 0x0000000100000000)
  eden space 119296K, 0% used [0x00000000eaa80000,0x00000000eaa80000,0x00000000f1f00000)
  from space 14336K, 0% used [0x00000000f3280000,0x00000000f3280000,0x00000000f4080000)
  to   space 19968K, 0% used [0x00000000f1f00000,0x00000000f1f00000,0x00000000f3280000)
 ParOldGen       total 60416K, used 29409K [0x00000000c0000000, 0x00000000c3b00000, 0x00000000eaa80000)
  object space 60416K, 48% used [0x00000000c0000000,0x00000000c1cb8658,0x00000000c3b00000)
 PSPermGen       total 21504K, used 7565K [0x00000000b5a00000, 0x00000000b6f00000, 0x00000000c0000000)
  object space 21504K, 35% used [0x00000000b5a00000,0x00000000b6163660,0x00000000b6f00000)
}
Event: 10.040 GC heap before
{Heap before GC invocations=10 (full 1):
 PSYoungGen      total 133632K, used 119296K [0x00000000eaa80000, 0x00000000f4b80000, 0x0000000100000000)
  eden space 119296K, 100% used [0x00000000eaa80000,0x00000000f1f00000,0x00000000f1f00000)
  from space 14336K, 0% used [0x00000000f3280000,0x00000000f3280000,0x00000000f4080000)
  to   space 19968K, 0% used [0x00000000f1f00000,0x00000000f1f00000,0x00000000f3280000)
 ParOldGen       total 60416K, used 29409K [0x00000000c0000000, 0x00000000c3b00000, 0x00000000eaa80000)
  object space 60416K, 48% used [0x00000000c0000000,0x00000000c1cb8658,0x00000000c3b00000)
 PSPermGen       total 21504K, used 7729K [0x00000000b5a00000, 0x00000000b6f00000, 0x00000000c0000000)
  object space 21504K, 35% used [0x00000000b5a00000,0x00000000b618c5c8,0x00000000b6f00000)
Event: 10.045 GC heap after
Heap after GC invocations=10 (full 1):
 PSYoungGen      total 139264K, used 2108K [0x00000000eaa80000, 0x00000000f6d80000, 0x0000000100000000)
  eden space 119296K, 0% used [0x00000000eaa80000,0x00000000eaa80000,0x00000000f1f00000)
  from space 19968K, 10% used [0x00000000f1f00000,0x00000000f210f348,0x00000000f3280000)
  to   space 19968K, 0% used [0x00000000f5a00000,0x00000000f5a00000,0x00000000f6d80000)
 ParOldGen       total 60416K, used 29409K [0x00000000c0000000, 0x00000000c3b00000, 0x00000000eaa80000)
  object space 60416K, 48% used [0x00000000c0000000,0x00000000c1cb8658,0x00000000c3b00000)
 PSPermGen       total 21504K, used 7729K [0x00000000b5a00000, 0x00000000b6f00000, 0x00000000c0000000)
  object space 21504K, 35% used [0x00000000b5a00000,0x00000000b618c5c8,0x00000000b6f00000)
}
Event: 10.473 GC heap before
{Heap before GC invocations=11 (full 1):
 PSYoungGen      total 139264K, used 121404K [0x00000000eaa80000, 0x00000000f6d80000, 0x0000000100000000)
  eden space 119296K, 100% used [0x00000000eaa80000,0x00000000f1f00000,0x00000000f1f00000)
  from space 19968K, 10% used [0x00000000f1f00000,0x00000000f210f348,0x00000000f3280000)
  to   space 19968K, 0% used [0x00000000f5a00000,0x00000000f5a00000,0x00000000f6d80000)
 ParOldGen       total 60416K, used 29409K [0x00000000c0000000, 0x00000000c3b00000, 0x00000000eaa80000)
  object space 60416K, 48% used [0x00000000c0000000,0x00000000c1cb8658,0x00000000c3b00000)
 PSPermGen       total 21504K, used 7745K [0x00000000b5a00000, 0x00000000b6f00000, 0x00000000c0000000)
  object space 21504K, 36% used [0x00000000b5a00000,0x00000000b6190690,0x00000000b6f00000)
Event: 10.581 GC heap after
Heap after GC invocations=11 (full 1):
 PSYoungGen      total 180224K, used 9989K [0x00000000eaa80000, 0x00000000f7a00000, 0x0000000100000000)
  eden space 160256K, 0% used [0x00000000eaa80000,0x00000000eaa80000,0x00000000f4700000)
  from space 19968K, 50% used [0x00000000f5a00000,0x00000000f63c1508,0x00000000f6d80000)
  to   space 19456K, 0% used [0x00000000f4700000,0x00000000f4700000,0x00000000f5a00000)
 ParOldGen       total 60416K, used 29409K [0x00000000c0000000, 0x00000000c3b00000, 0x00000000eaa80000)
  object space 60416K, 48% used [0x00000000c0000000,0x00000000c1cb8658,0x00000000c3b00000)
 PSPermGen       total 21504K, used 7745K [0x00000000b5a00000, 0x00000000b6f00000, 0x00000000c0000000)
  object space 21504K, 36% used [0x00000000b5a00000,0x00000000b6190690,0x00000000b6f00000)
}
Event: 10.974 GC heap before
{Heap before GC invocations=12 (full 1):
 PSYoungGen      total 180224K, used 170245K [0x00000000eaa80000, 0x00000000f7a00000, 0x0000000100000000)
  eden space 160256K, 100% used [0x00000000eaa80000,0x00000000f4700000,0x00000000f4700000)
  from space 19968K, 50% used [0x00000000f5a00000,0x00000000f63c1508,0x00000000f6d80000)
  to   space 19456K, 0% used [0x00000000f4700000,0x00000000f4700000,0x00000000f5a00000)
 ParOldGen       total 60416K, used 29409K [0x00000000c0000000, 0x00000000c3b00000, 0x00000000eaa80000)
  object space 60416K, 48% used [0x00000000c0000000,0x00000000c1cb8658,0x00000000c3b00000)
 PSPermGen       total 21504K, used 7757K [0x00000000b5a00000, 0x00000000b6f00000, 0x00000000c0000000)
  object space 21504K, 36% used [0x00000000b5a00000,0x00000000b61934d8,0x00000000b6f00000)

