# JRE version: OpenJDK Runtime Environment (7.0_91-b02) (build 1.7.0_91-b02)
# Java VM: OpenJDK 64-Bit Server VM (24.91-b01 mixed mode linux-amd64 compressed oops)
Heap
 PSYoungGen      total 215552K, used 14068K [0x00000000eaa80000, 0x00000000f9000000, 0x0000000100000000)
  eden space 196096K, 0% used [0x00000000eaa80000,0x00000000eaa80000,0x00000000f6a00000)
  from space 19456K, 72% used [0x00000000f6a00000,0x00000000f77bd220,0x00000000f7d00000)
  to   space 18432K, 0% used [0x00000000f7e00000,0x00000000f7e00000,0x00000000f9000000)
 ParOldGen       total 58880K, used 43419K [0x00000000c0000000, 0x00000000c3980000, 0x00000000eaa80000)
  object space 58880K, 73% used [0x00000000c0000000,0x00000000c2a66c70,0x00000000c3980000)
 PSPermGen       total 21504K, used 7707K [0x00000000b5a00000, 0x00000000b6f00000, 0x00000000c0000000)
  object space 21504K, 35% used [0x00000000b5a00000,0x00000000b6186d50,0x00000000b6f00000)
GC Heap History (10 events):
Event: 6.666 GC heap after
Heap after GC invocations=7 (full 0):
 PSYoungGen      total 71168K, used 8693K [0x00000000eaa80000, 0x00000000f3f80000, 0x0000000100000000)
  eden space 62464K, 0% used [0x00000000eaa80000,0x00000000eaa80000,0x00000000ee780000)
  from space 8704K, 99% used [0x00000000ee780000,0x00000000eeffd7f0,0x00000000ef000000)
  to   space 13824K, 0% used [0x00000000f3200000,0x00000000f3200000,0x00000000f3f80000)
 ParOldGen       total 40960K, used 25027K [0x00000000c0000000, 0x00000000c2800000, 0x00000000eaa80000)
  object space 40960K, 61% used [0x00000000c0000000,0x00000000c1870d70,0x00000000c2800000)
 PSPermGen       total 21504K, used 7511K [0x00000000b5a00000, 0x00000000b6f00000, 0x00000000c0000000)
  object space 21504K, 34% used [0x00000000b5a00000,0x00000000b6155d38,0x00000000b6f00000)
}
Event: 7.117 GC heap before
{Heap before GC invocations=8 (full 0):
 PSYoungGen      total 71168K, used 71157K [0x00000000eaa80000, 0x00000000f3f80000, 0x0000000100000000)
  eden space 62464K, 100% used [0x00000000eaa80000,0x00000000ee780000,0x00000000ee780000)
  from space 8704K, 99% used [0x00000000ee780000,0x00000000eeffd7f0,0x00000000ef000000)
  to   space 13824K, 0% used [0x00000000f3200000,0x00000000f3200000,0x00000000f3f80000)
 ParOldGen       total 40960K, used 25027K [0x00000000c0000000, 0x00000000c2800000, 0x00000000eaa80000)
  object space 40960K, 61% used [0x00000000c0000000,0x00000000c1870d70,0x00000000c2800000)
 PSPermGen       total 21504K, used 7581K [0x00000000b5a00000, 0x00000000b6f00000, 0x00000000c0000000)
  object space 21504K, 35% used [0x00000000b5a00000,0x00000000b6167750,0x00000000b6f00000)
Event: 7.130 GC heap after
Heap after GC invocations=8 (full 0):
 PSYoungGen      total 136192K, used 13803K [0x00000000eaa80000, 0x00000000f4480000, 0x0000000100000000)
  eden space 122368K, 0% used [0x00000000eaa80000,0x00000000eaa80000,0x00000000f2200000)
  from space 13824K, 99% used [0x00000000f3200000,0x00000000f3f7af10,0x00000000f3f80000)
  to   space 16384K, 0% used [0x00000000f2200000,0x00000000f2200000,0x00000000f3200000)
 ParOldGen       total 40960K, used 25627K [0x00000000c0000000, 0x00000000c2800000, 0x00000000eaa80000)
  object space 40960K, 62% used [0x00000000c0000000,0x00000000c1906ec0,0x00000000c2800000)
 PSPermGen       total 21504K, used 7581K [0x00000000b5a00000, 0x00000000b6f00000, 0x00000000c0000000)
  object space 21504K, 35% used [0x00000000b5a00000,0x00000000b6167750,0x00000000b6f00000)
}
Event: 7.661 GC heap before
{Heap before GC invocations=9 (full 0):
 PSYoungGen      total 136192K, used 136171K [0x00000000eaa80000, 0x00000000f4480000, 0x0000000100000000)
  eden space 122368K, 100% used [0x00000000eaa80000,0x00000000f2200000,0x00000000f2200000)
  from space 13824K, 99% used [0x00000000f3200000,0x00000000f3f7af10,0x00000000f3f80000)
  to   space 16384K, 0% used [0x00000000f2200000,0x00000000f2200000,0x00000000f3200000)
 ParOldGen       total 40960K, used 25627K [0x00000000c0000000, 0x00000000c2800000, 0x00000000eaa80000)
  object space 40960K, 62% used [0x00000000c0000000,0x00000000c1906ec0,0x00000000c2800000)
 PSPermGen       total 21504K, used 7692K [0x00000000b5a00000, 0x00000000b6f00000, 0x00000000c0000000)
  object space 21504K, 35% used [0x00000000b5a00000,0x00000000b61833c8,0x00000000b6f00000)
Event: 7.683 GC heap after
Heap after GC invocations=9 (full 0):
 PSYoungGen      total 138752K, used 16361K [0x00000000eaa80000, 0x00000000f9200000, 0x0000000100000000)
  eden space 122368K, 0% used [0x00000000eaa80000,0x00000000eaa80000,0x00000000f2200000)
  from space 16384K, 99% used [0x00000000f2200000,0x00000000f31fa5c8,0x00000000f3200000)
  to   space 20480K, 0% used [0x00000000f7e00000,0x00000000f7e00000,0x00000000f9200000)
 ParOldGen       total 40960K, used 30624K [0x00000000c0000000, 0x00000000c2800000, 0x00000000eaa80000)
  object space 40960K, 74% used [0x00000000c0000000,0x00000000c1de82e0,0x00000000c2800000)
 PSPermGen       total 21504K, used 7692K [0x00000000b5a00000, 0x00000000b6f00000, 0x00000000c0000000)
  object space 21504K, 35% used [0x00000000b5a00000,0x00000000b61833c8,0x00000000b6f00000)
}
Event: 8.049 GC heap before
{Heap before GC invocations=10 (full 0):
 PSYoungGen      total 138752K, used 138729K [0x00000000eaa80000, 0x00000000f9200000, 0x0000000100000000)
  eden space 122368K, 100% used [0x00000000eaa80000,0x00000000f2200000,0x00000000f2200000)
  from space 16384K, 99% used [0x00000000f2200000,0x00000000f31fa5c8,0x00000000f3200000)
  to   space 20480K, 0% used [0x00000000f7e00000,0x00000000f7e00000,0x00000000f9200000)
 ParOldGen       total 40960K, used 30624K [0x00000000c0000000, 0x00000000c2800000, 0x00000000eaa80000)
  object space 40960K, 74% used [0x00000000c0000000,0x00000000c1de82e0,0x00000000c2800000)
 PSPermGen       total 21504K, used 7702K [0x00000000b5a00000, 0x00000000b6f00000, 0x00000000c0000000)
  object space 21504K, 35% used [0x00000000b5a00000,0x00000000b6185ae0,0x00000000b6f00000)
Event: 8.065 GC heap after
Heap after GC invocations=10 (full 0):
 PSYoungGen      total 214528K, used 9265K [0x00000000eaa80000, 0x00000000f9000000, 0x0000000100000000)
  eden space 196096K, 0% used [0x00000000eaa80000,0x00000000eaa80000,0x00000000f6a00000)
  from space 18432K, 50% used [0x00000000f7e00000,0x00000000f870c468,0x00000000f9000000)
  to   space 19456K, 0% used [0x00000000f6a00000,0x00000000f6a00000,0x00000000f7d00000)
 ParOldGen       total 40960K, used 39176K [0x00000000c0000000, 0x00000000c2800000, 0x00000000eaa80000)
  object space 40960K, 95% used [0x00000000c0000000,0x00000000c2642228,0x00000000c2800000)
 PSPermGen       total 21504K, used 7702K [0x00000000b5a00000, 0x00000000b6f00000, 0x00000000c0000000)
  object space 21504K, 35% used [0x00000000b5a00000,0x00000000b6185ae0,0x00000000b6f00000)
}
Event: 8.080 GC heap before
{Heap before GC invocations=11 (full 1):
 PSYoungGen      total 214528K, used 9265K [0x00000000eaa80000, 0x00000000f9000000, 0x0000000100000000)
  eden space 196096K, 0% used [0x00000000eaa80000,0x00000000eaa80000,0x00000000f6a00000)
  from space 18432K, 50% used [0x00000000f7e00000,0x00000000f870c468,0x00000000f9000000)
  to   space 19456K, 0% used [0x00000000f6a00000,0x00000000f6a00000,0x00000000f7d00000)
 ParOldGen       total 40960K, used 39176K [0x00000000c0000000, 0x00000000c2800000, 0x00000000eaa80000)
  object space 40960K, 95% used [0x00000000c0000000,0x00000000c2642228,0x00000000c2800000)
 PSPermGen       total 21504K, used 7702K [0x00000000b5a00000, 0x00000000b6f00000, 0x00000000c0000000)
  object space 21504K, 35% used [0x00000000b5a00000,0x00000000b6185ae0,0x00000000b6f00000)
Event: 8.244 GC heap after
Heap after GC invocations=11 (full 1):
 PSYoungGen      total 214528K, used 0K [0x00000000eaa80000, 0x00000000f9000000, 0x0000000100000000)
  eden space 196096K, 0% used [0x00000000eaa80000,0x00000000eaa80000,0x00000000f6a00000)
  from space 18432K, 0% used [0x00000000f7e00000,0x00000000f7e00000,0x00000000f9000000)
  to   space 19456K, 0% used [0x00000000f6a00000,0x00000000f6a00000,0x00000000f7d00000)
 ParOldGen       total 58880K, used 26993K [0x00000000c0000000, 0x00000000c3980000, 0x00000000eaa80000)
  object space 58880K, 45% used [0x00000000c0000000,0x00000000c1a5c5a0,0x00000000c3980000)
 PSPermGen       total 21504K, used 7698K [0x00000000b5a00000, 0x00000000b6f00000, 0x00000000c0000000)
  object space 21504K, 35% used [0x00000000b5a00000,0x00000000b6184b20,0x00000000b6f00000)
}
Event: 8.629 GC heap before
{Heap before GC invocations=12 (full 1):
 PSYoungGen      total 214528K, used 196096K [0x00000000eaa80000, 0x00000000f9000000, 0x0000000100000000)
  eden space 196096K, 100% used [0x00000000eaa80000,0x00000000f6a00000,0x00000000f6a00000)
  from space 18432K, 0% used [0x00000000f7e00000,0x00000000f7e00000,0x00000000f9000000)
  to   space 19456K, 0% used [0x00000000f6a00000,0x00000000f6a00000,0x00000000f7d00000)
 ParOldGen       total 58880K, used 26993K [0x00000000c0000000, 0x00000000c3980000, 0x00000000eaa80000)
  object space 58880K, 45% used [0x00000000c0000000,0x00000000c1a5c5a0,0x00000000c3980000)
 PSPermGen       total 21504K, used 7707K [0x00000000b5a00000, 0x00000000b6f00000, 0x00000000c0000000)
  object space 21504K, 35% used [0x00000000b5a00000,0x00000000b6186d50,0x00000000b6f00000)

