# JRE version: OpenJDK Runtime Environment (7.0_91-b02) (build 1.7.0_91-b02)
# Java VM: OpenJDK 64-Bit Server VM (24.91-b01 mixed mode linux-amd64 compressed oops)
Heap
 PSYoungGen      total 225792K, used 23410K [0x00000000eaa80000, 0x00000000fde80000, 0x0000000100000000)
  eden space 198144K, 0% used [0x00000000eaa80000,0x00000000eaa80000,0x00000000f6c00000)
  from space 27648K, 84% used [0x00000000fc380000,0x00000000fda5cae0,0x00000000fde80000)
  to   space 22528K, 0% used [0x00000000f6c00000,0x00000000f6c00000,0x00000000f8200000)
 ParOldGen       total 59904K, used 38974K [0x00000000c0000000, 0x00000000c3a80000, 0x00000000eaa80000)
  object space 59904K, 65% used [0x00000000c0000000,0x00000000c260fb50,0x00000000c3a80000)
 PSPermGen       total 21504K, used 7734K [0x00000000b5a00000, 0x00000000b6f00000, 0x00000000c0000000)
  object space 21504K, 35% used [0x00000000b5a00000,0x00000000b618d840,0x00000000b6f00000)
GC Heap History (10 events):
Event: 9.123 GC heap after
Heap after GC invocations=10 (full 1):
 PSYoungGen      total 140800K, used 0K [0x00000000eaa80000, 0x00000000f9080000, 0x0000000100000000)
  eden space 121344K, 0% used [0x00000000eaa80000,0x00000000eaa80000,0x00000000f2100000)
  from space 19456K, 0% used [0x00000000f2100000,0x00000000f2100000,0x00000000f3400000)
  to   space 20480K, 0% used [0x00000000f7c80000,0x00000000f7c80000,0x00000000f9080000)
 ParOldGen       total 59904K, used 27593K [0x00000000c0000000, 0x00000000c3a80000, 0x00000000eaa80000)
  object space 59904K, 46% used [0x00000000c0000000,0x00000000c1af2478,0x00000000c3a80000)
 PSPermGen       total 21504K, used 7705K [0x00000000b5a00000, 0x00000000b6f00000, 0x00000000c0000000)
  object space 21504K, 35% used [0x00000000b5a00000,0x00000000b61867c8,0x00000000b6f00000)
}
Event: 9.503 GC heap before
{Heap before GC invocations=11 (full 1):
 PSYoungGen      total 140800K, used 121344K [0x00000000eaa80000, 0x00000000f9080000, 0x0000000100000000)
  eden space 121344K, 100% used [0x00000000eaa80000,0x00000000f2100000,0x00000000f2100000)
  from space 19456K, 0% used [0x00000000f2100000,0x00000000f2100000,0x00000000f3400000)
  to   space 20480K, 0% used [0x00000000f7c80000,0x00000000f7c80000,0x00000000f9080000)
 ParOldGen       total 59904K, used 27593K [0x00000000c0000000, 0x00000000c3a80000, 0x00000000eaa80000)
  object space 59904K, 46% used [0x00000000c0000000,0x00000000c1af2478,0x00000000c3a80000)
 PSPermGen       total 21504K, used 7720K [0x00000000b5a00000, 0x00000000b6f00000, 0x00000000c0000000)
  object space 21504K, 35% used [0x00000000b5a00000,0x00000000b618a180,0x00000000b6f00000)
Event: 9.509 GC heap after
Heap after GC invocations=11 (full 1):
 PSYoungGen      total 169472K, used 12374K [0x00000000eaa80000, 0x00000000f8900000, 0x0000000100000000)
  eden space 156672K, 0% used [0x00000000eaa80000,0x00000000eaa80000,0x00000000f4380000)
  from space 12800K, 96% used [0x00000000f7c80000,0x00000000f8895910,0x00000000f8900000)
  to   space 20480K, 0% used [0x00000000f6100000,0x00000000f6100000,0x00000000f7500000)
 ParOldGen       total 59904K, used 27593K [0x00000000c0000000, 0x00000000c3a80000, 0x00000000eaa80000)
  object space 59904K, 46% used [0x00000000c0000000,0x00000000c1af2478,0x00000000c3a80000)
 PSPermGen       total 21504K, used 7720K [0x00000000b5a00000, 0x00000000b6f00000, 0x00000000c0000000)
  object space 21504K, 35% used [0x00000000b5a00000,0x00000000b618a180,0x00000000b6f00000)
}
Event: 9.828 GC heap before
{Heap before GC invocations=12 (full 1):
 PSYoungGen      total 169472K, used 169046K [0x00000000eaa80000, 0x00000000f8900000, 0x0000000100000000)
  eden space 156672K, 100% used [0x00000000eaa80000,0x00000000f4380000,0x00000000f4380000)
  from space 12800K, 96% used [0x00000000f7c80000,0x00000000f8895910,0x00000000f8900000)
  to   space 20480K, 0% used [0x00000000f6100000,0x00000000f6100000,0x00000000f7500000)
 ParOldGen       total 59904K, used 27593K [0x00000000c0000000, 0x00000000c3a80000, 0x00000000eaa80000)
  object space 59904K, 46% used [0x00000000c0000000,0x00000000c1af2478,0x00000000c3a80000)
 PSPermGen       total 21504K, used 7727K [0x00000000b5a00000, 0x00000000b6f00000, 0x00000000c0000000)
  object space 21504K, 35% used [0x00000000b5a00000,0x00000000b618bdb8,0x00000000b6f00000)
Event: 9.833 GC heap after
Heap after GC invocations=12 (full 1):
 PSYoungGen      total 207360K, used 11392K [0x00000000eaa80000, 0x00000000f9500000, 0x0000000100000000)
  eden space 186880K, 0% used [0x00000000eaa80000,0x00000000eaa80000,0x00000000f6100000)
  from space 20480K, 55% used [0x00000000f6100000,0x00000000f6c203f8,0x00000000f7500000)
  to   space 19456K, 0% used [0x00000000f8200000,0x00000000f8200000,0x00000000f9500000)
 ParOldGen       total 59904K, used 27593K [0x00000000c0000000, 0x00000000c3a80000, 0x00000000eaa80000)
  object space 59904K, 46% used [0x00000000c0000000,0x00000000c1af2478,0x00000000c3a80000)
 PSPermGen       total 21504K, used 7727K [0x00000000b5a00000, 0x00000000b6f00000, 0x00000000c0000000)
  object space 21504K, 35% used [0x00000000b5a00000,0x00000000b618bdb8,0x00000000b6f00000)
}
Event: 10.550 GC heap before
{Heap before GC invocations=13 (full 1):
 PSYoungGen      total 207360K, used 198272K [0x00000000eaa80000, 0x00000000f9500000, 0x0000000100000000)
  eden space 186880K, 100% used [0x00000000eaa80000,0x00000000f6100000,0x00000000f6100000)
  from space 20480K, 55% used [0x00000000f6100000,0x00000000f6c203f8,0x00000000f7500000)
  to   space 19456K, 0% used [0x00000000f8200000,0x00000000f8200000,0x00000000f9500000)
 ParOldGen       total 59904K, used 27593K [0x00000000c0000000, 0x00000000c3a80000, 0x00000000eaa80000)
  object space 59904K, 46% used [0x00000000c0000000,0x00000000c1af2478,0x00000000c3a80000)
 PSPermGen       total 21504K, used 7730K [0x00000000b5a00000, 0x00000000b6f00000, 0x00000000c0000000)
  object space 21504K, 35% used [0x00000000b5a00000,0x00000000b618ca50,0x00000000b6f00000)
Event: 10.557 GC heap after
Heap after GC invocations=13 (full 1):
 PSYoungGen      total 217600K, used 19443K [0x00000000eaa80000, 0x00000000fbd80000, 0x0000000100000000)
  eden space 198144K, 0% used [0x00000000eaa80000,0x00000000eaa80000,0x00000000f6c00000)
  from space 19456K, 99% used [0x00000000f8200000,0x00000000f94fcfe0,0x00000000f9500000)
  to   space 22528K, 0% used [0x00000000f6c00000,0x00000000f6c00000,0x00000000f8200000)
 ParOldGen       total 59904K, used 28520K [0x00000000c0000000, 0x00000000c3a80000, 0x00000000eaa80000)
  object space 59904K, 47% used [0x00000000c0000000,0x00000000c1bda208,0x00000000c3a80000)
 PSPermGen       total 21504K, used 7730K [0x00000000b5a00000, 0x00000000b6f00000, 0x00000000c0000000)
  object space 21504K, 35% used [0x00000000b5a00000,0x00000000b618ca50,0x00000000b6f00000)
}
Event: 14.249 GC heap before
{Heap before GC invocations=14 (full 1):
 PSYoungGen      total 217600K, used 217587K [0x00000000eaa80000, 0x00000000fbd80000, 0x0000000100000000)
  eden space 198144K, 100% used [0x00000000eaa80000,0x00000000f6c00000,0x00000000f6c00000)
  from space 19456K, 99% used [0x00000000f8200000,0x00000000f94fcfe0,0x00000000f9500000)
  to   space 22528K, 0% used [0x00000000f6c00000,0x00000000f6c00000,0x00000000f8200000)
 ParOldGen       total 59904K, used 28520K [0x00000000c0000000, 0x00000000c3a80000, 0x00000000eaa80000)
  object space 59904K, 47% used [0x00000000c0000000,0x00000000c1bda208,0x00000000c3a80000)
 PSPermGen       total 21504K, used 7732K [0x00000000b5a00000, 0x00000000b6f00000, 0x00000000c0000000)
  object space 21504K, 35% used [0x00000000b5a00000,0x00000000b618d320,0x00000000b6f00000)
Event: 14.506 GC heap after
Heap after GC invocations=14 (full 1):
 PSYoungGen      total 220672K, used 22518K [0x00000000eaa80000, 0x00000000fde80000, 0x0000000100000000)
  eden space 198144K, 0% used [0x00000000eaa80000,0x00000000eaa80000,0x00000000f6c00000)
  from space 22528K, 99% used [0x00000000f6c00000,0x00000000f81fd8e0,0x00000000f8200000)
  to   space 27648K, 0% used [0x00000000fc380000,0x00000000fc380000,0x00000000fde80000)
 ParOldGen       total 59904K, used 34111K [0x00000000c0000000, 0x00000000c3a80000, 0x00000000eaa80000)
  object space 59904K, 56% used [0x00000000c0000000,0x00000000c214fe68,0x00000000c3a80000)
 PSPermGen       total 21504K, used 7732K [0x00000000b5a00000, 0x00000000b6f00000, 0x00000000c0000000)
  object space 21504K, 35% used [0x00000000b5a00000,0x00000000b618d320,0x00000000b6f00000)
}
Event: 20.641 GC heap before
{Heap before GC invocations=15 (full 1):
 PSYoungGen      total 220672K, used 220662K [0x00000000eaa80000, 0x00000000fde80000, 0x0000000100000000)
  eden space 198144K, 100% used [0x00000000eaa80000,0x00000000f6c00000,0x00000000f6c00000)
  from space 22528K, 99% used [0x00000000f6c00000,0x00000000f81fd8e0,0x00000000f8200000)
  to   space 27648K, 0% used [0x00000000fc380000,0x00000000fc380000,0x00000000fde80000)
 ParOldGen       total 59904K, used 34111K [0x00000000c0000000, 0x00000000c3a80000, 0x00000000eaa80000)
  object space 59904K, 56% used [0x00000000c0000000,0x00000000c214fe68,0x00000000c3a80000)
 PSPermGen       total 21504K, used 7734K [0x00000000b5a00000, 0x00000000b6f00000, 0x00000000c0000000)
  object space 21504K, 35% used [0x00000000b5a00000,0x00000000b618d840,0x00000000b6f00000)

