# JRE version: OpenJDK Runtime Environment (7.0_91-b02) (build 1.7.0_91-b02)
# Java VM: OpenJDK 64-Bit Server VM (24.91-b01 mixed mode linux-amd64 compressed oops)
Heap
 PSYoungGen      total 213504K, used 16844K [0x00000000eaa80000, 0x00000000f8d80000, 0x0000000100000000)
  eden space 194560K, 0% used [0x00000000eaa80000,0x00000000eaa80000,0x00000000f6880000)
  from space 18944K, 88% used [0x00000000f6880000,0x00000000f78f32b0,0x00000000f7b00000)
  to   space 18432K, 0% used [0x00000000f7b80000,0x00000000f7b80000,0x00000000f8d80000)
 ParOldGen       total 66048K, used 33072K [0x00000000c0000000, 0x00000000c4080000, 0x00000000eaa80000)
  object space 66048K, 50% used [0x00000000c0000000,0x00000000c204c310,0x00000000c4080000)
 PSPermGen       total 21504K, used 7753K [0x00000000b5a00000, 0x00000000b6f00000, 0x00000000c0000000)
  object space 21504K, 36% used [0x00000000b5a00000,0x00000000b6192710,0x00000000b6f00000)
GC Heap History (10 events):
Event: 5.176 GC heap after
Heap after GC invocations=7 (full 0):
 PSYoungGen      total 72192K, used 9200K [0x00000000eaa80000, 0x00000000f4180000, 0x0000000100000000)
  eden space 62976K, 0% used [0x00000000eaa80000,0x00000000eaa80000,0x00000000ee800000)
  from space 9216K, 99% used [0x00000000ee800000,0x00000000ef0fc138,0x00000000ef100000)
  to   space 14336K, 0% used [0x00000000f3380000,0x00000000f3380000,0x00000000f4180000)
 ParOldGen       total 40960K, used 24883K [0x00000000c0000000, 0x00000000c2800000, 0x00000000eaa80000)
  object space 40960K, 60% used [0x00000000c0000000,0x00000000c184cee8,0x00000000c2800000)
 PSPermGen       total 21504K, used 5686K [0x00000000b5a00000, 0x00000000b6f00000, 0x00000000c0000000)
  object space 21504K, 26% used [0x00000000b5a00000,0x00000000b5f8d988,0x00000000b6f00000)
}
Event: 9.583 GC heap before
{Heap before GC invocations=8 (full 0):
 PSYoungGen      total 72192K, used 71618K [0x00000000eaa80000, 0x00000000f4180000, 0x0000000100000000)
  eden space 62976K, 99% used [0x00000000eaa80000,0x00000000ee7747d0,0x00000000ee800000)
  from space 9216K, 99% used [0x00000000ee800000,0x00000000ef0fc138,0x00000000ef100000)
  to   space 14336K, 0% used [0x00000000f3380000,0x00000000f3380000,0x00000000f4180000)
 ParOldGen       total 40960K, used 24883K [0x00000000c0000000, 0x00000000c2800000, 0x00000000eaa80000)
  object space 40960K, 60% used [0x00000000c0000000,0x00000000c184cee8,0x00000000c2800000)
 PSPermGen       total 21504K, used 7566K [0x00000000b5a00000, 0x00000000b6f00000, 0x00000000c0000000)
  object space 21504K, 35% used [0x00000000b5a00000,0x00000000b6163bf8,0x00000000b6f00000)
Event: 9.605 GC heap after
Heap after GC invocations=8 (full 0):
 PSYoungGen      total 135680K, used 14327K [0x00000000eaa80000, 0x00000000f4a80000, 0x0000000100000000)
  eden space 121344K, 0% used [0x00000000eaa80000,0x00000000eaa80000,0x00000000f2100000)
  from space 14336K, 99% used [0x00000000f3380000,0x00000000f417ddc0,0x00000000f4180000)
  to   space 18944K, 0% used [0x00000000f2100000,0x00000000f2100000,0x00000000f3380000)
 ParOldGen       total 40960K, used 30697K [0x00000000c0000000, 0x00000000c2800000, 0x00000000eaa80000)
  object space 40960K, 74% used [0x00000000c0000000,0x00000000c1dfa690,0x00000000c2800000)
 PSPermGen       total 21504K, used 7566K [0x00000000b5a00000, 0x00000000b6f00000, 0x00000000c0000000)
  object space 21504K, 35% used [0x00000000b5a00000,0x00000000b6163bf8,0x00000000b6f00000)
}
Event: 10.351 GC heap before
{Heap before GC invocations=9 (full 0):
 PSYoungGen      total 135680K, used 134514K [0x00000000eaa80000, 0x00000000f4a80000, 0x0000000100000000)
  eden space 121344K, 99% used [0x00000000eaa80000,0x00000000f1fdea70,0x00000000f2100000)
  from space 14336K, 99% used [0x00000000f3380000,0x00000000f417ddc0,0x00000000f4180000)
  to   space 18944K, 0% used [0x00000000f2100000,0x00000000f2100000,0x00000000f3380000)
 ParOldGen       total 40960K, used 30697K [0x00000000c0000000, 0x00000000c2800000, 0x00000000eaa80000)
  object space 40960K, 74% used [0x00000000c0000000,0x00000000c1dfa690,0x00000000c2800000)
 PSPermGen       total 21504K, used 7730K [0x00000000b5a00000, 0x00000000b6f00000, 0x00000000c0000000)
  object space 21504K, 35% used [0x00000000b5a00000,0x00000000b618c9f0,0x00000000b6f00000)
Event: 10.368 GC heap after
Heap after GC invocations=9 (full 0):
 PSYoungGen      total 140288K, used 12925K [0x00000000eaa80000, 0x00000000f8e80000, 0x0000000100000000)
  eden space 121344K, 0% used [0x00000000eaa80000,0x00000000eaa80000,0x00000000f2100000)
  from space 18944K, 68% used [0x00000000f2100000,0x00000000f2d9f450,0x00000000f3380000)
  to   space 19456K, 0% used [0x00000000f7b80000,0x00000000f7b80000,0x00000000f8e80000)
 ParOldGen       total 40960K, used 32451K [0x00000000c0000000, 0x00000000c2800000, 0x00000000eaa80000)
  object space 40960K, 79% used [0x00000000c0000000,0x00000000c1fb0cc0,0x00000000c2800000)
 PSPermGen       total 21504K, used 7730K [0x00000000b5a00000, 0x00000000b6f00000, 0x00000000c0000000)
  object space 21504K, 35% used [0x00000000b5a00000,0x00000000b618c9f0,0x00000000b6f00000)
}
Event: 10.705 GC heap before
{Heap before GC invocations=10 (full 0):
 PSYoungGen      total 140288K, used 134269K [0x00000000eaa80000, 0x00000000f8e80000, 0x0000000100000000)
  eden space 121344K, 100% used [0x00000000eaa80000,0x00000000f2100000,0x00000000f2100000)
  from space 18944K, 68% used [0x00000000f2100000,0x00000000f2d9f450,0x00000000f3380000)
  to   space 19456K, 0% used [0x00000000f7b80000,0x00000000f7b80000,0x00000000f8e80000)
 ParOldGen       total 40960K, used 32451K [0x00000000c0000000, 0x00000000c2800000, 0x00000000eaa80000)
  object space 40960K, 79% used [0x00000000c0000000,0x00000000c1fb0cc0,0x00000000c2800000)
 PSPermGen       total 21504K, used 7747K [0x00000000b5a00000, 0x00000000b6f00000, 0x00000000c0000000)
  object space 21504K, 36% used [0x00000000b5a00000,0x00000000b6190c38,0x00000000b6f00000)
Event: 10.724 GC heap after
Heap after GC invocations=10 (full 0):
 PSYoungGen      total 212992K, used 6317K [0x00000000eaa80000, 0x00000000f8d80000, 0x0000000100000000)
  eden space 194560K, 0% used [0x00000000eaa80000,0x00000000eaa80000,0x00000000f6880000)
  from space 18432K, 34% used [0x00000000f7b80000,0x00000000f81ab7b8,0x00000000f8d80000)
  to   space 18944K, 0% used [0x00000000f6880000,0x00000000f6880000,0x00000000f7b00000)
 ParOldGen       total 45056K, used 44339K [0x00000000c0000000, 0x00000000c2c00000, 0x00000000eaa80000)
  object space 45056K, 98% used [0x00000000c0000000,0x00000000c2b4cd08,0x00000000c2c00000)
 PSPermGen       total 21504K, used 7747K [0x00000000b5a00000, 0x00000000b6f00000, 0x00000000c0000000)
  object space 21504K, 36% used [0x00000000b5a00000,0x00000000b6190c38,0x00000000b6f00000)
}
Event: 10.724 GC heap before
{Heap before GC invocations=11 (full 1):
 PSYoungGen      total 212992K, used 6317K [0x00000000eaa80000, 0x00000000f8d80000, 0x0000000100000000)
  eden space 194560K, 0% used [0x00000000eaa80000,0x00000000eaa80000,0x00000000f6880000)
  from space 18432K, 34% used [0x00000000f7b80000,0x00000000f81ab7b8,0x00000000f8d80000)
  to   space 18944K, 0% used [0x00000000f6880000,0x00000000f6880000,0x00000000f7b00000)
 ParOldGen       total 45056K, used 44339K [0x00000000c0000000, 0x00000000c2c00000, 0x00000000eaa80000)
  object space 45056K, 98% used [0x00000000c0000000,0x00000000c2b4cd08,0x00000000c2c00000)
 PSPermGen       total 21504K, used 7747K [0x00000000b5a00000, 0x00000000b6f00000, 0x00000000c0000000)
  object space 21504K, 36% used [0x00000000b5a00000,0x00000000b6190c38,0x00000000b6f00000)
Event: 10.904 GC heap after
Heap after GC invocations=11 (full 1):
 PSYoungGen      total 212992K, used 0K [0x00000000eaa80000, 0x00000000f8d80000, 0x0000000100000000)
  eden space 194560K, 0% used [0x00000000eaa80000,0x00000000eaa80000,0x00000000f6880000)
  from space 18432K, 0% used [0x00000000f7b80000,0x00000000f7b80000,0x00000000f8d80000)
  to   space 18944K, 0% used [0x00000000f6880000,0x00000000f6880000,0x00000000f7b00000)
 ParOldGen       total 66048K, used 33072K [0x00000000c0000000, 0x00000000c4080000, 0x00000000eaa80000)
  object space 66048K, 50% used [0x00000000c0000000,0x00000000c204c310,0x00000000c4080000)
 PSPermGen       total 21504K, used 7743K [0x00000000b5a00000, 0x00000000b6f00000, 0x00000000c0000000)
  object space 21504K, 36% used [0x00000000b5a00000,0x00000000b618fd38,0x00000000b6f00000)
}
Event: 11.360 GC heap before
{Heap before GC invocations=12 (full 1):
 PSYoungGen      total 212992K, used 194560K [0x00000000eaa80000, 0x00000000f8d80000, 0x0000000100000000)
  eden space 194560K, 100% used [0x00000000eaa80000,0x00000000f6880000,0x00000000f6880000)
  from space 18432K, 0% used [0x00000000f7b80000,0x00000000f7b80000,0x00000000f8d80000)
  to   space 18944K, 0% used [0x00000000f6880000,0x00000000f6880000,0x00000000f7b00000)
 ParOldGen       total 66048K, used 33072K [0x00000000c0000000, 0x00000000c4080000, 0x00000000eaa80000)
  object space 66048K, 50% used [0x00000000c0000000,0x00000000c204c310,0x00000000c4080000)
 PSPermGen       total 21504K, used 7753K [0x00000000b5a00000, 0x00000000b6f00000, 0x00000000c0000000)
  object space 21504K, 36% used [0x00000000b5a00000,0x00000000b6192710,0x00000000b6f00000)

