# JRE version: OpenJDK Runtime Environment (7.0_91-b02) (build 1.7.0_91-b02)
# Java VM: OpenJDK 64-Bit Server VM (24.91-b01 mixed mode linux-amd64 compressed oops)
Heap
 PSYoungGen      total 299520K, used 19914K [0x00000000eaa80000, 0x00000000fe500000, 0x0000000100000000)
  eden space 276992K, 0% used [0x00000000eaa80000,0x00000000eaa80000,0x00000000fb900000)
  from space 22528K, 88% used [0x00000000fb900000,0x00000000fcc72888,0x00000000fcf00000)
  to   space 18944K, 0% used [0x00000000fd280000,0x00000000fd280000,0x00000000fe500000)
 ParOldGen       total 65536K, used 44803K [0x00000000c0000000, 0x00000000c4000000, 0x00000000eaa80000)
  object space 65536K, 68% used [0x00000000c0000000,0x00000000c2bc0d10,0x00000000c4000000)
 PSPermGen       total 21504K, used 7752K [0x00000000b5a00000, 0x00000000b6f00000, 0x00000000c0000000)
  object space 21504K, 36% used [0x00000000b5a00000,0x00000000b61920d8,0x00000000b6f00000)
GC Heap History (10 events):
Event: 8.445 GC heap after
Heap after GC invocations=9 (full 0):
 PSYoungGen      total 139776K, used 15252K [0x00000000eaa80000, 0x00000000f8e80000, 0x0000000100000000)
  eden space 120320K, 0% used [0x00000000eaa80000,0x00000000eaa80000,0x00000000f2000000)
  from space 19456K, 78% used [0x00000000f2000000,0x00000000f2ee52a8,0x00000000f3300000)
  to   space 20480K, 0% used [0x00000000f7a80000,0x00000000f7a80000,0x00000000f8e80000)
 ParOldGen       total 40960K, used 33215K [0x00000000c0000000, 0x00000000c2800000, 0x00000000eaa80000)
  object space 40960K, 81% used [0x00000000c0000000,0x00000000c206fe58,0x00000000c2800000)
 PSPermGen       total 21504K, used 7724K [0x00000000b5a00000, 0x00000000b6f00000, 0x00000000c0000000)
  object space 21504K, 35% used [0x00000000b5a00000,0x00000000b618b278,0x00000000b6f00000)
}
Event: 8.930 GC heap before
{Heap before GC invocations=10 (full 0):
 PSYoungGen      total 139776K, used 135572K [0x00000000eaa80000, 0x00000000f8e80000, 0x0000000100000000)
  eden space 120320K, 100% used [0x00000000eaa80000,0x00000000f2000000,0x00000000f2000000)
  from space 19456K, 78% used [0x00000000f2000000,0x00000000f2ee52a8,0x00000000f3300000)
  to   space 20480K, 0% used [0x00000000f7a80000,0x00000000f7a80000,0x00000000f8e80000)
 ParOldGen       total 40960K, used 33215K [0x00000000c0000000, 0x00000000c2800000, 0x00000000eaa80000)
  object space 40960K, 81% used [0x00000000c0000000,0x00000000c206fe58,0x00000000c2800000)
 PSPermGen       total 21504K, used 7740K [0x00000000b5a00000, 0x00000000b6f00000, 0x00000000c0000000)
  object space 21504K, 35% used [0x00000000b5a00000,0x00000000b618f1f0,0x00000000b6f00000)
Event: 8.945 GC heap after
Heap after GC invocations=10 (full 0):
 PSYoungGen      total 212992K, used 6351K [0x00000000eaa80000, 0x00000000f8e80000, 0x0000000100000000)
  eden space 192512K, 0% used [0x00000000eaa80000,0x00000000eaa80000,0x00000000f6680000)
  from space 20480K, 31% used [0x00000000f7a80000,0x00000000f80b3ff8,0x00000000f8e80000)
  to   space 20480K, 0% used [0x00000000f6680000,0x00000000f6680000,0x00000000f7a80000)
 ParOldGen       total 46592K, used 46249K [0x00000000c0000000, 0x00000000c2d80000, 0x00000000eaa80000)
  object space 46592K, 99% used [0x00000000c0000000,0x00000000c2d2a660,0x00000000c2d80000)
 PSPermGen       total 21504K, used 7740K [0x00000000b5a00000, 0x00000000b6f00000, 0x00000000c0000000)
  object space 21504K, 35% used [0x00000000b5a00000,0x00000000b618f1f0,0x00000000b6f00000)
}
Event: 8.945 GC heap before
{Heap before GC invocations=11 (full 1):
 PSYoungGen      total 212992K, used 6351K [0x00000000eaa80000, 0x00000000f8e80000, 0x0000000100000000)
  eden space 192512K, 0% used [0x00000000eaa80000,0x00000000eaa80000,0x00000000f6680000)
  from space 20480K, 31% used [0x00000000f7a80000,0x00000000f80b3ff8,0x00000000f8e80000)
  to   space 20480K, 0% used [0x00000000f6680000,0x00000000f6680000,0x00000000f7a80000)
 ParOldGen       total 46592K, used 46249K [0x00000000c0000000, 0x00000000c2d80000, 0x00000000eaa80000)
  object space 46592K, 99% used [0x00000000c0000000,0x00000000c2d2a660,0x00000000c2d80000)
 PSPermGen       total 21504K, used 7740K [0x00000000b5a00000, 0x00000000b6f00000, 0x00000000c0000000)
  object space 21504K, 35% used [0x00000000b5a00000,0x00000000b618f1f0,0x00000000b6f00000)
Event: 9.153 GC heap after
Heap after GC invocations=11 (full 1):
 PSYoungGen      total 212992K, used 0K [0x00000000eaa80000, 0x00000000f8e80000, 0x0000000100000000)
  eden space 192512K, 0% used [0x00000000eaa80000,0x00000000eaa80000,0x00000000f6680000)
  from space 20480K, 0% used [0x00000000f7a80000,0x00000000f7a80000,0x00000000f8e80000)
  to   space 20480K, 0% used [0x00000000f6680000,0x00000000f6680000,0x00000000f7a80000)
 ParOldGen       total 65536K, used 31862K [0x00000000c0000000, 0x00000000c4000000, 0x00000000eaa80000)
  object space 65536K, 48% used [0x00000000c0000000,0x00000000c1f1da10,0x00000000c4000000)
 PSPermGen       total 21504K, used 7736K [0x00000000b5a00000, 0x00000000b6f00000, 0x00000000c0000000)
  object space 21504K, 35% used [0x00000000b5a00000,0x00000000b618e270,0x00000000b6f00000)
}
Event: 9.749 GC heap before
{Heap before GC invocations=12 (full 1):
 PSYoungGen      total 212992K, used 192512K [0x00000000eaa80000, 0x00000000f8e80000, 0x0000000100000000)
  eden space 192512K, 100% used [0x00000000eaa80000,0x00000000f6680000,0x00000000f6680000)
  from space 20480K, 0% used [0x00000000f7a80000,0x00000000f7a80000,0x00000000f8e80000)
  to   space 20480K, 0% used [0x00000000f6680000,0x00000000f6680000,0x00000000f7a80000)
 ParOldGen       total 65536K, used 31862K [0x00000000c0000000, 0x00000000c4000000, 0x00000000eaa80000)
  object space 65536K, 48% used [0x00000000c0000000,0x00000000c1f1da10,0x00000000c4000000)
 PSPermGen       total 21504K, used 7746K [0x00000000b5a00000, 0x00000000b6f00000, 0x00000000c0000000)
  object space 21504K, 36% used [0x00000000b5a00000,0x00000000b6190a68,0x00000000b6f00000)
Event: 9.952 GC heap after
Heap after GC invocations=12 (full 1):
 PSYoungGen      total 212992K, used 14642K [0x00000000eaa80000, 0x00000000fe700000, 0x0000000100000000)
  eden space 192512K, 0% used [0x00000000eaa80000,0x00000000eaa80000,0x00000000f6680000)
  from space 20480K, 71% used [0x00000000f6680000,0x00000000f74cc9a0,0x00000000f7a80000)
  to   space 20992K, 0% used [0x00000000fd280000,0x00000000fd280000,0x00000000fe700000)
 ParOldGen       total 65536K, used 31862K [0x00000000c0000000, 0x00000000c4000000, 0x00000000eaa80000)
  object space 65536K, 48% used [0x00000000c0000000,0x00000000c1f1da10,0x00000000c4000000)
 PSPermGen       total 21504K, used 7746K [0x00000000b5a00000, 0x00000000b6f00000, 0x00000000c0000000)
  object space 21504K, 36% used [0x00000000b5a00000,0x00000000b6190a68,0x00000000b6f00000)
}
Event: 10.354 GC heap before
{Heap before GC invocations=13 (full 1):
 PSYoungGen      total 212992K, used 207154K [0x00000000eaa80000, 0x00000000fe700000, 0x0000000100000000)
  eden space 192512K, 100% used [0x00000000eaa80000,0x00000000f6680000,0x00000000f6680000)
  from space 20480K, 71% used [0x00000000f6680000,0x00000000f74cc9a0,0x00000000f7a80000)
  to   space 20992K, 0% used [0x00000000fd280000,0x00000000fd280000,0x00000000fe700000)
 ParOldGen       total 65536K, used 31862K [0x00000000c0000000, 0x00000000c4000000, 0x00000000eaa80000)
  object space 65536K, 48% used [0x00000000c0000000,0x00000000c1f1da10,0x00000000c4000000)
 PSPermGen       total 21504K, used 7750K [0x00000000b5a00000, 0x00000000b6f00000, 0x00000000c0000000)
  object space 21504K, 36% used [0x00000000b5a00000,0x00000000b61919c0,0x00000000b6f00000)
Event: 10.362 GC heap after
Heap after GC invocations=13 (full 1):
 PSYoungGen      total 295936K, used 16984K [0x00000000eaa80000, 0x00000000fe500000, 0x0000000100000000)
  eden space 276992K, 0% used [0x00000000eaa80000,0x00000000eaa80000,0x00000000fb900000)
  from space 18944K, 89% used [0x00000000fd280000,0x00000000fe3162d0,0x00000000fe500000)
  to   space 22528K, 0% used [0x00000000fb900000,0x00000000fb900000,0x00000000fcf00000)
 ParOldGen       total 65536K, used 32246K [0x00000000c0000000, 0x00000000c4000000, 0x00000000eaa80000)
  object space 65536K, 49% used [0x00000000c0000000,0x00000000c1f7da50,0x00000000c4000000)
 PSPermGen       total 21504K, used 7750K [0x00000000b5a00000, 0x00000000b6f00000, 0x00000000c0000000)
  object space 21504K, 36% used [0x00000000b5a00000,0x00000000b61919c0,0x00000000b6f00000)
}
Event: 19.946 GC heap before
{Heap before GC invocations=14 (full 1):
 PSYoungGen      total 295936K, used 293976K [0x00000000eaa80000, 0x00000000fe500000, 0x0000000100000000)
  eden space 276992K, 100% used [0x00000000eaa80000,0x00000000fb900000,0x00000000fb900000)
  from space 18944K, 89% used [0x00000000fd280000,0x00000000fe3162d0,0x00000000fe500000)
  to   space 22528K, 0% used [0x00000000fb900000,0x00000000fb900000,0x00000000fcf00000)
 ParOldGen       total 65536K, used 32246K [0x00000000c0000000, 0x00000000c4000000, 0x00000000eaa80000)
  object space 65536K, 49% used [0x00000000c0000000,0x00000000c1f7da50,0x00000000c4000000)
 PSPermGen       total 21504K, used 7752K [0x00000000b5a00000, 0x00000000b6f00000, 0x00000000c0000000)
  object space 21504K, 36% used [0x00000000b5a00000,0x00000000b61920d8,0x00000000b6f00000)

