# JRE version: OpenJDK Runtime Environment (7.0_91-b02) (build 1.7.0_91-b02)
# Java VM: OpenJDK 64-Bit Server VM (24.91-b01 mixed mode linux-amd64 compressed oops)
Heap
 PSYoungGen      total 286720K, used 17287K [0x00000000eaa80000, 0x00000000fd480000, 0x0000000100000000)
  eden space 268800K, 0% used [0x00000000eaa80000,0x00000000eaa80000,0x00000000fb100000)
  from space 17920K, 96% used [0x00000000fb100000,0x00000000fc1e1ff0,0x00000000fc280000)
  to   space 15872K, 0% used [0x00000000fc280000,0x00000000fc280000,0x00000000fd200000)
 ParOldGen       total 65536K, used 58338K [0x00000000c0000000, 0x00000000c4000000, 0x00000000eaa80000)
  object space 65536K, 89% used [0x00000000c0000000,0x00000000c38f8b68,0x00000000c4000000)
 PSPermGen       total 21504K, used 7731K [0x00000000b5a00000, 0x00000000b6f00000, 0x00000000c0000000)
  object space 21504K, 35% used [0x00000000b5a00000,0x00000000b618cc88,0x00000000b6f00000)
GC Heap History (10 events):
Event: 8.625 GC heap after
Heap after GC invocations=9 (full 0):
 PSYoungGen      total 139776K, used 9362K [0x00000000eaa80000, 0x00000000f8a00000, 0x0000000100000000)
  eden space 124928K, 0% used [0x00000000eaa80000,0x00000000eaa80000,0x00000000f2480000)
  from space 14848K, 63% used [0x00000000f2480000,0x00000000f2da4878,0x00000000f3300000)
  to   space 14336K, 0% used [0x00000000f7c00000,0x00000000f7c00000,0x00000000f8a00000)
 ParOldGen       total 40960K, used 31359K [0x00000000c0000000, 0x00000000c2800000, 0x00000000eaa80000)
  object space 40960K, 76% used [0x00000000c0000000,0x00000000c1e9fee8,0x00000000c2800000)
 PSPermGen       total 21504K, used 7711K [0x00000000b5a00000, 0x00000000b6f00000, 0x00000000c0000000)
  object space 21504K, 35% used [0x00000000b5a00000,0x00000000b6187d20,0x00000000b6f00000)
}
Event: 8.978 GC heap before
{Heap before GC invocations=10 (full 0):
 PSYoungGen      total 139776K, used 134290K [0x00000000eaa80000, 0x00000000f8a00000, 0x0000000100000000)
  eden space 124928K, 100% used [0x00000000eaa80000,0x00000000f2480000,0x00000000f2480000)
  from space 14848K, 63% used [0x00000000f2480000,0x00000000f2da4878,0x00000000f3300000)
  to   space 14336K, 0% used [0x00000000f7c00000,0x00000000f7c00000,0x00000000f8a00000)
 ParOldGen       total 40960K, used 31359K [0x00000000c0000000, 0x00000000c2800000, 0x00000000eaa80000)
  object space 40960K, 76% used [0x00000000c0000000,0x00000000c1e9fee8,0x00000000c2800000)
 PSPermGen       total 21504K, used 7721K [0x00000000b5a00000, 0x00000000b6f00000, 0x00000000c0000000)
  object space 21504K, 35% used [0x00000000b5a00000,0x00000000b618a508,0x00000000b6f00000)
Event: 8.988 GC heap after
Heap after GC invocations=10 (full 0):
 PSYoungGen      total 214016K, used 3465K [0x00000000eaa80000, 0x00000000f8b00000, 0x0000000100000000)
  eden space 199680K, 0% used [0x00000000eaa80000,0x00000000eaa80000,0x00000000f6d80000)
  from space 14336K, 24% used [0x00000000f7c00000,0x00000000f7f62400,0x00000000f8a00000)
  to   space 14848K, 0% used [0x00000000f6d80000,0x00000000f6d80000,0x00000000f7c00000)
 ParOldGen       total 40960K, used 36674K [0x00000000c0000000, 0x00000000c2800000, 0x00000000eaa80000)
  object space 40960K, 89% used [0x00000000c0000000,0x00000000c23d0ad8,0x00000000c2800000)
 PSPermGen       total 21504K, used 7721K [0x00000000b5a00000, 0x00000000b6f00000, 0x00000000c0000000)
  object space 21504K, 35% used [0x00000000b5a00000,0x00000000b618a508,0x00000000b6f00000)
}
Event: 8.988 GC heap before
{Heap before GC invocations=11 (full 1):
 PSYoungGen      total 214016K, used 3465K [0x00000000eaa80000, 0x00000000f8b00000, 0x0000000100000000)
  eden space 199680K, 0% used [0x00000000eaa80000,0x00000000eaa80000,0x00000000f6d80000)
  from space 14336K, 24% used [0x00000000f7c00000,0x00000000f7f62400,0x00000000f8a00000)
  to   space 14848K, 0% used [0x00000000f6d80000,0x00000000f6d80000,0x00000000f7c00000)
 ParOldGen       total 40960K, used 36674K [0x00000000c0000000, 0x00000000c2800000, 0x00000000eaa80000)
  object space 40960K, 89% used [0x00000000c0000000,0x00000000c23d0ad8,0x00000000c2800000)
 PSPermGen       total 21504K, used 7721K [0x00000000b5a00000, 0x00000000b6f00000, 0x00000000c0000000)
  object space 21504K, 35% used [0x00000000b5a00000,0x00000000b618a508,0x00000000b6f00000)
Event: 9.139 GC heap after
Heap after GC invocations=11 (full 1):
 PSYoungGen      total 214016K, used 0K [0x00000000eaa80000, 0x00000000f8b00000, 0x0000000100000000)
  eden space 199680K, 0% used [0x00000000eaa80000,0x00000000eaa80000,0x00000000f6d80000)
  from space 14336K, 0% used [0x00000000f7c00000,0x00000000f7c00000,0x00000000f8a00000)
  to   space 14848K, 0% used [0x00000000f6d80000,0x00000000f6d80000,0x00000000f7c00000)
 ParOldGen       total 57856K, used 26501K [0x00000000c0000000, 0x00000000c3880000, 0x00000000eaa80000)
  object space 57856K, 45% used [0x00000000c0000000,0x00000000c19e1610,0x00000000c3880000)
 PSPermGen       total 21504K, used 7717K [0x00000000b5a00000, 0x00000000b6f00000, 0x00000000c0000000)
  object space 21504K, 35% used [0x00000000b5a00000,0x00000000b61895a8,0x00000000b6f00000)
}
Event: 9.922 GC heap before
{Heap before GC invocations=12 (full 1):
 PSYoungGen      total 214016K, used 199680K [0x00000000eaa80000, 0x00000000f8b00000, 0x0000000100000000)
  eden space 199680K, 100% used [0x00000000eaa80000,0x00000000f6d80000,0x00000000f6d80000)
  from space 14336K, 0% used [0x00000000f7c00000,0x00000000f7c00000,0x00000000f8a00000)
  to   space 14848K, 0% used [0x00000000f6d80000,0x00000000f6d80000,0x00000000f7c00000)
 ParOldGen       total 57856K, used 26501K [0x00000000c0000000, 0x00000000c3880000, 0x00000000eaa80000)
  object space 57856K, 45% used [0x00000000c0000000,0x00000000c19e1610,0x00000000c3880000)
 PSPermGen       total 21504K, used 7725K [0x00000000b5a00000, 0x00000000b6f00000, 0x00000000c0000000)
  object space 21504K, 35% used [0x00000000b5a00000,0x00000000b618b498,0x00000000b6f00000)
Event: 9.934 GC heap after
Heap after GC invocations=12 (full 1):
 PSYoungGen      total 214528K, used 13116K [0x00000000eaa80000, 0x00000000fd200000, 0x0000000100000000)
  eden space 199680K, 0% used [0x00000000eaa80000,0x00000000eaa80000,0x00000000f6d80000)
  from space 14848K, 88% used [0x00000000f6d80000,0x00000000f7a4f020,0x00000000f7c00000)
  to   space 15872K, 0% used [0x00000000fc280000,0x00000000fc280000,0x00000000fd200000)
 ParOldGen       total 57856K, used 30134K [0x00000000c0000000, 0x00000000c3880000, 0x00000000eaa80000)
  object space 57856K, 52% used [0x00000000c0000000,0x00000000c1d6d8c0,0x00000000c3880000)
 PSPermGen       total 21504K, used 7725K [0x00000000b5a00000, 0x00000000b6f00000, 0x00000000c0000000)
  object space 21504K, 35% used [0x00000000b5a00000,0x00000000b618b498,0x00000000b6f00000)
}
Event: 10.347 GC heap before
{Heap before GC invocations=13 (full 1):
 PSYoungGen      total 214528K, used 212796K [0x00000000eaa80000, 0x00000000fd200000, 0x0000000100000000)
  eden space 199680K, 100% used [0x00000000eaa80000,0x00000000f6d80000,0x00000000f6d80000)
  from space 14848K, 88% used [0x00000000f6d80000,0x00000000f7a4f020,0x00000000f7c00000)
  to   space 15872K, 0% used [0x00000000fc280000,0x00000000fc280000,0x00000000fd200000)
 ParOldGen       total 57856K, used 30134K [0x00000000c0000000, 0x00000000c3880000, 0x00000000eaa80000)
  object space 57856K, 52% used [0x00000000c0000000,0x00000000c1d6d8c0,0x00000000c3880000)
 PSPermGen       total 21504K, used 7728K [0x00000000b5a00000, 0x00000000b6f00000, 0x00000000c0000000)
  object space 21504K, 35% used [0x00000000b5a00000,0x00000000b618c138,0x00000000b6f00000)
Event: 10.355 GC heap after
Heap after GC invocations=13 (full 1):
 PSYoungGen      total 284672K, used 15093K [0x00000000eaa80000, 0x00000000fd480000, 0x0000000100000000)
  eden space 268800K, 0% used [0x00000000eaa80000,0x00000000eaa80000,0x00000000fb100000)
  from space 15872K, 95% used [0x00000000fc280000,0x00000000fd13d6a0,0x00000000fd200000)
  to   space 17920K, 0% used [0x00000000fb100000,0x00000000fb100000,0x00000000fc280000)
 ParOldGen       total 57856K, used 38738K [0x00000000c0000000, 0x00000000c3880000, 0x00000000eaa80000)
  object space 57856K, 66% used [0x00000000c0000000,0x00000000c25d4870,0x00000000c3880000)
 PSPermGen       total 21504K, used 7728K [0x00000000b5a00000, 0x00000000b6f00000, 0x00000000c0000000)
  object space 21504K, 35% used [0x00000000b5a00000,0x00000000b618c138,0x00000000b6f00000)
}
Event: 10.966 GC heap before
{Heap before GC invocations=14 (full 1):
 PSYoungGen      total 284672K, used 283893K [0x00000000eaa80000, 0x00000000fd480000, 0x0000000100000000)
  eden space 268800K, 100% used [0x00000000eaa80000,0x00000000fb100000,0x00000000fb100000)
  from space 15872K, 95% used [0x00000000fc280000,0x00000000fd13d6a0,0x00000000fd200000)
  to   space 17920K, 0% used [0x00000000fb100000,0x00000000fb100000,0x00000000fc280000)
 ParOldGen       total 57856K, used 38738K [0x00000000c0000000, 0x00000000c3880000, 0x00000000eaa80000)
  object space 57856K, 66% used [0x00000000c0000000,0x00000000c25d4870,0x00000000c3880000)
 PSPermGen       total 21504K, used 7731K [0x00000000b5a00000, 0x00000000b6f00000, 0x00000000c0000000)
  object space 21504K, 35% used [0x00000000b5a00000,0x00000000b618cc88,0x00000000b6f00000)

