# JRE version: OpenJDK Runtime Environment (7.0_91-b02) (build 1.7.0_91-b02)
# Java VM: OpenJDK 64-Bit Server VM (24.91-b01 mixed mode linux-amd64 compressed oops)
Heap
 PSYoungGen      total 267264K, used 13568K [0x00000000eaa80000, 0x00000000fcb00000, 0x0000000100000000)
  eden space 241664K, 0% used [0x00000000eaa80000,0x00000000eaa80000,0x00000000f9680000)
  from space 25600K, 53% used [0x00000000f9680000,0x00000000fa3c0328,0x00000000faf80000)
  to   space 24576K, 0% used [0x00000000faf80000,0x00000000faf80000,0x00000000fc780000)
 ParOldGen       total 64000K, used 45225K [0x00000000c0000000, 0x00000000c3e80000, 0x00000000eaa80000)
  object space 64000K, 70% used [0x00000000c0000000,0x00000000c2c2a548,0x00000000c3e80000)
 PSPermGen       total 21504K, used 7755K [0x00000000b5a00000, 0x00000000b6f00000, 0x00000000c0000000)
  object space 21504K, 36% used [0x00000000b5a00000,0x00000000b6192d30,0x00000000b6f00000)
GC Heap History (10 events):
Event: 8.956 GC heap after
Heap after GC invocations=9 (full 0):
 PSYoungGen      total 138752K, used 15113K [0x00000000eaa80000, 0x00000000f8e00000, 0x0000000100000000)
  eden space 119808K, 0% used [0x00000000eaa80000,0x00000000eaa80000,0x00000000f1f80000)
  from space 18944K, 79% used [0x00000000f1f80000,0x00000000f2e42418,0x00000000f3200000)
  to   space 20480K, 0% used [0x00000000f7a00000,0x00000000f7a00000,0x00000000f8e00000)
 ParOldGen       total 40960K, used 32616K [0x00000000c0000000, 0x00000000c2800000, 0x00000000eaa80000)
  object space 40960K, 79% used [0x00000000c0000000,0x00000000c1fda318,0x00000000c2800000)
 PSPermGen       total 21504K, used 7726K [0x00000000b5a00000, 0x00000000b6f00000, 0x00000000c0000000)
  object space 21504K, 35% used [0x00000000b5a00000,0x00000000b618b9b8,0x00000000b6f00000)
}
Event: 9.368 GC heap before
{Heap before GC invocations=10 (full 0):
 PSYoungGen      total 138752K, used 134369K [0x00000000eaa80000, 0x00000000f8e00000, 0x0000000100000000)
  eden space 119808K, 99% used [0x00000000eaa80000,0x00000000f1ef60a0,0x00000000f1f80000)
  from space 18944K, 79% used [0x00000000f1f80000,0x00000000f2e42418,0x00000000f3200000)
  to   space 20480K, 0% used [0x00000000f7a00000,0x00000000f7a00000,0x00000000f8e00000)
 ParOldGen       total 40960K, used 32616K [0x00000000c0000000, 0x00000000c2800000, 0x00000000eaa80000)
  object space 40960K, 79% used [0x00000000c0000000,0x00000000c1fda318,0x00000000c2800000)
 PSPermGen       total 21504K, used 7742K [0x00000000b5a00000, 0x00000000b6f00000, 0x00000000c0000000)
  object space 21504K, 36% used [0x00000000b5a00000,0x00000000b618f998,0x00000000b6f00000)
Event: 9.379 GC heap after
Heap after GC invocations=10 (full 0):
 PSYoungGen      total 211968K, used 1256K [0x00000000eaa80000, 0x00000000f8f00000, 0x0000000100000000)
  eden space 191488K, 0% used [0x00000000eaa80000,0x00000000eaa80000,0x00000000f6580000)
  from space 20480K, 6% used [0x00000000f7a00000,0x00000000f7b3a1c0,0x00000000f8e00000)
  to   space 20992K, 0% used [0x00000000f6580000,0x00000000f6580000,0x00000000f7a00000)
 ParOldGen       total 45568K, used 45080K [0x00000000c0000000, 0x00000000c2c80000, 0x00000000eaa80000)
  object space 45568K, 98% used [0x00000000c0000000,0x00000000c2c06040,0x00000000c2c80000)
 PSPermGen       total 21504K, used 7742K [0x00000000b5a00000, 0x00000000b6f00000, 0x00000000c0000000)
  object space 21504K, 36% used [0x00000000b5a00000,0x00000000b618f998,0x00000000b6f00000)
}
Event: 9.379 GC heap before
{Heap before GC invocations=11 (full 1):
 PSYoungGen      total 211968K, used 1256K [0x00000000eaa80000, 0x00000000f8f00000, 0x0000000100000000)
  eden space 191488K, 0% used [0x00000000eaa80000,0x00000000eaa80000,0x00000000f6580000)
  from space 20480K, 6% used [0x00000000f7a00000,0x00000000f7b3a1c0,0x00000000f8e00000)
  to   space 20992K, 0% used [0x00000000f6580000,0x00000000f6580000,0x00000000f7a00000)
 ParOldGen       total 45568K, used 45080K [0x00000000c0000000, 0x00000000c2c80000, 0x00000000eaa80000)
  object space 45568K, 98% used [0x00000000c0000000,0x00000000c2c06040,0x00000000c2c80000)
 PSPermGen       total 21504K, used 7742K [0x00000000b5a00000, 0x00000000b6f00000, 0x00000000c0000000)
  object space 21504K, 36% used [0x00000000b5a00000,0x00000000b618f998,0x00000000b6f00000)
Event: 9.691 GC heap after
Heap after GC invocations=11 (full 1):
 PSYoungGen      total 211968K, used 0K [0x00000000eaa80000, 0x00000000f8f00000, 0x0000000100000000)
  eden space 191488K, 0% used [0x00000000eaa80000,0x00000000eaa80000,0x00000000f6580000)
  from space 20480K, 0% used [0x00000000f7a00000,0x00000000f7a00000,0x00000000f8e00000)
  to   space 20992K, 0% used [0x00000000f6580000,0x00000000f6580000,0x00000000f7a00000)
 ParOldGen       total 64000K, used 27585K [0x00000000c0000000, 0x00000000c3e80000, 0x00000000eaa80000)
  object space 64000K, 43% used [0x00000000c0000000,0x00000000c1af0470,0x00000000c3e80000)
 PSPermGen       total 21504K, used 7738K [0x00000000b5a00000, 0x00000000b6f00000, 0x00000000c0000000)
  object space 21504K, 35% used [0x00000000b5a00000,0x00000000b618e978,0x00000000b6f00000)
}
Event: 10.299 GC heap before
{Heap before GC invocations=12 (full 1):
 PSYoungGen      total 211968K, used 191488K [0x00000000eaa80000, 0x00000000f8f00000, 0x0000000100000000)
  eden space 191488K, 100% used [0x00000000eaa80000,0x00000000f6580000,0x00000000f6580000)
  from space 20480K, 0% used [0x00000000f7a00000,0x00000000f7a00000,0x00000000f8e00000)
  to   space 20992K, 0% used [0x00000000f6580000,0x00000000f6580000,0x00000000f7a00000)
 ParOldGen       total 64000K, used 27585K [0x00000000c0000000, 0x00000000c3e80000, 0x00000000eaa80000)
  object space 64000K, 43% used [0x00000000c0000000,0x00000000c1af0470,0x00000000c3e80000)
 PSPermGen       total 21504K, used 7748K [0x00000000b5a00000, 0x00000000b6f00000, 0x00000000c0000000)
  object space 21504K, 36% used [0x00000000b5a00000,0x00000000b6191268,0x00000000b6f00000)
Event: 10.329 GC heap after
Heap after GC invocations=12 (full 1):
 PSYoungGen      total 212480K, used 20961K [0x00000000eaa80000, 0x00000000fc780000, 0x0000000100000000)
  eden space 191488K, 0% used [0x00000000eaa80000,0x00000000eaa80000,0x00000000f6580000)
  from space 20992K, 99% used [0x00000000f6580000,0x00000000f79f85c0,0x00000000f7a00000)
  to   space 24576K, 0% used [0x00000000faf80000,0x00000000faf80000,0x00000000fc780000)
 ParOldGen       total 64000K, used 28960K [0x00000000c0000000, 0x00000000c3e80000, 0x00000000eaa80000)
  object space 64000K, 45% used [0x00000000c0000000,0x00000000c1c483f0,0x00000000c3e80000)
 PSPermGen       total 21504K, used 7748K [0x00000000b5a00000, 0x00000000b6f00000, 0x00000000c0000000)
  object space 21504K, 36% used [0x00000000b5a00000,0x00000000b6191268,0x00000000b6f00000)
}
Event: 10.745 GC heap before
{Heap before GC invocations=13 (full 1):
 PSYoungGen      total 212480K, used 212449K [0x00000000eaa80000, 0x00000000fc780000, 0x0000000100000000)
  eden space 191488K, 100% used [0x00000000eaa80000,0x00000000f6580000,0x00000000f6580000)
  from space 20992K, 99% used [0x00000000f6580000,0x00000000f79f85c0,0x00000000f7a00000)
  to   space 24576K, 0% used [0x00000000faf80000,0x00000000faf80000,0x00000000fc780000)
 ParOldGen       total 64000K, used 28960K [0x00000000c0000000, 0x00000000c3e80000, 0x00000000eaa80000)
  object space 64000K, 45% used [0x00000000c0000000,0x00000000c1c483f0,0x00000000c3e80000)
 PSPermGen       total 21504K, used 7752K [0x00000000b5a00000, 0x00000000b6f00000, 0x00000000c0000000)
  object space 21504K, 36% used [0x00000000b5a00000,0x00000000b61921c0,0x00000000b6f00000)
Event: 10.759 GC heap after
Heap after GC invocations=13 (full 1):
 PSYoungGen      total 266240K, used 17261K [0x00000000eaa80000, 0x00000000fcb00000, 0x0000000100000000)
  eden space 241664K, 0% used [0x00000000eaa80000,0x00000000eaa80000,0x00000000f9680000)
  from space 24576K, 70% used [0x00000000faf80000,0x00000000fc05b428,0x00000000fc780000)
  to   space 25600K, 0% used [0x00000000f9680000,0x00000000f9680000,0x00000000faf80000)
 ParOldGen       total 64000K, used 45225K [0x00000000c0000000, 0x00000000c3e80000, 0x00000000eaa80000)
  object space 64000K, 70% used [0x00000000c0000000,0x00000000c2c2a548,0x00000000c3e80000)
 PSPermGen       total 21504K, used 7752K [0x00000000b5a00000, 0x00000000b6f00000, 0x00000000c0000000)
  object space 21504K, 36% used [0x00000000b5a00000,0x00000000b61921c0,0x00000000b6f00000)
}
Event: 11.146 GC heap before
{Heap before GC invocations=14 (full 1):
 PSYoungGen      total 266240K, used 258925K [0x00000000eaa80000, 0x00000000fcb00000, 0x0000000100000000)
  eden space 241664K, 100% used [0x00000000eaa80000,0x00000000f9680000,0x00000000f9680000)
  from space 24576K, 70% used [0x00000000faf80000,0x00000000fc05b428,0x00000000fc780000)
  to   space 25600K, 0% used [0x00000000f9680000,0x00000000f9680000,0x00000000faf80000)
 ParOldGen       total 64000K, used 45225K [0x00000000c0000000, 0x00000000c3e80000, 0x00000000eaa80000)
  object space 64000K, 70% used [0x00000000c0000000,0x00000000c2c2a548,0x00000000c3e80000)
 PSPermGen       total 21504K, used 7755K [0x00000000b5a00000, 0x00000000b6f00000, 0x00000000c0000000)
  object space 21504K, 36% used [0x00000000b5a00000,0x00000000b6192d30,0x00000000b6f00000)

