# JRE version: OpenJDK Runtime Environment (7.0_91-b02) (build 1.7.0_91-b02)
# Java VM: OpenJDK 64-Bit Server VM (24.91-b01 mixed mode linux-amd64 compressed oops)
Heap
 PSYoungGen      total 216064K, used 15585K [0x00000000eaa80000, 0x00000000f8e80000, 0x0000000100000000)
  eden space 200192K, 0% used [0x00000000eaa80000,0x00000000eaa80000,0x00000000f6e00000)
  from space 15872K, 98% used [0x00000000f6e00000,0x00000000f7d38550,0x00000000f7d80000)
  to   space 14336K, 0% used [0x00000000f7d80000,0x00000000f7d80000,0x00000000f8b80000)
 ParOldGen       total 52224K, used 41950K [0x00000000c0000000, 0x00000000c3300000, 0x00000000eaa80000)
  object space 52224K, 80% used [0x00000000c0000000,0x00000000c28f7ab8,0x00000000c3300000)
 PSPermGen       total 21504K, used 7707K [0x00000000b5a00000, 0x00000000b6f00000, 0x00000000c0000000)
  object space 21504K, 35% used [0x00000000b5a00000,0x00000000b6186ff8,0x00000000b6f00000)
GC Heap History (10 events):
Event: 6.881 GC heap after
Heap after GC invocations=7 (full 0):
 PSYoungGen      total 72192K, used 9213K [0x00000000eaa80000, 0x00000000f4180000, 0x0000000100000000)
  eden space 62976K, 0% used [0x00000000eaa80000,0x00000000eaa80000,0x00000000ee800000)
  from space 9216K, 99% used [0x00000000ee800000,0x00000000ef0ff488,0x00000000ef100000)
  to   space 14336K, 0% used [0x00000000f3380000,0x00000000f3380000,0x00000000f4180000)
 ParOldGen       total 40960K, used 26814K [0x00000000c0000000, 0x00000000c2800000, 0x00000000eaa80000)
  object space 40960K, 65% used [0x00000000c0000000,0x00000000c1a2f938,0x00000000c2800000)
 PSPermGen       total 21504K, used 7520K [0x00000000b5a00000, 0x00000000b6f00000, 0x00000000c0000000)
  object space 21504K, 34% used [0x00000000b5a00000,0x00000000b61580b0,0x00000000b6f00000)
}
Event: 7.270 GC heap before
{Heap before GC invocations=8 (full 0):
 PSYoungGen      total 72192K, used 72189K [0x00000000eaa80000, 0x00000000f4180000, 0x0000000100000000)
  eden space 62976K, 100% used [0x00000000eaa80000,0x00000000ee800000,0x00000000ee800000)
  from space 9216K, 99% used [0x00000000ee800000,0x00000000ef0ff488,0x00000000ef100000)
  to   space 14336K, 0% used [0x00000000f3380000,0x00000000f3380000,0x00000000f4180000)
 ParOldGen       total 40960K, used 26814K [0x00000000c0000000, 0x00000000c2800000, 0x00000000eaa80000)
  object space 40960K, 65% used [0x00000000c0000000,0x00000000c1a2f938,0x00000000c2800000)
 PSPermGen       total 21504K, used 7586K [0x00000000b5a00000, 0x00000000b6f00000, 0x00000000c0000000)
  object space 21504K, 35% used [0x00000000b5a00000,0x00000000b6168918,0x00000000b6f00000)
Event: 7.600 GC heap after
Heap after GC invocations=8 (full 0):
 PSYoungGen      total 140288K, used 9132K [0x00000000eaa80000, 0x00000000f4180000, 0x0000000100000000)
  eden space 125952K, 0% used [0x00000000eaa80000,0x00000000eaa80000,0x00000000f2580000)
  from space 14336K, 63% used [0x00000000f3380000,0x00000000f3c6b3b8,0x00000000f4180000)
  to   space 14336K, 0% used [0x00000000f2580000,0x00000000f2580000,0x00000000f3380000)
 ParOldGen       total 40960K, used 27111K [0x00000000c0000000, 0x00000000c2800000, 0x00000000eaa80000)
  object space 40960K, 66% used [0x00000000c0000000,0x00000000c1a79f28,0x00000000c2800000)
 PSPermGen       total 21504K, used 7586K [0x00000000b5a00000, 0x00000000b6f00000, 0x00000000c0000000)
  object space 21504K, 35% used [0x00000000b5a00000,0x00000000b6168918,0x00000000b6f00000)
}
Event: 8.436 GC heap before
{Heap before GC invocations=9 (full 0):
 PSYoungGen      total 140288K, used 135084K [0x00000000eaa80000, 0x00000000f4180000, 0x0000000100000000)
  eden space 125952K, 100% used [0x00000000eaa80000,0x00000000f2580000,0x00000000f2580000)
  from space 14336K, 63% used [0x00000000f3380000,0x00000000f3c6b3b8,0x00000000f4180000)
  to   space 14336K, 0% used [0x00000000f2580000,0x00000000f2580000,0x00000000f3380000)
 ParOldGen       total 40960K, used 27111K [0x00000000c0000000, 0x00000000c2800000, 0x00000000eaa80000)
  object space 40960K, 66% used [0x00000000c0000000,0x00000000c1a79f28,0x00000000c2800000)
 PSPermGen       total 21504K, used 7694K [0x00000000b5a00000, 0x00000000b6f00000, 0x00000000c0000000)
  object space 21504K, 35% used [0x00000000b5a00000,0x00000000b6183910,0x00000000b6f00000)
Event: 8.457 GC heap after
Heap after GC invocations=9 (full 0):
 PSYoungGen      total 140288K, used 9986K [0x00000000eaa80000, 0x00000000f8b80000, 0x0000000100000000)
  eden space 125952K, 0% used [0x00000000eaa80000,0x00000000eaa80000,0x00000000f2580000)
  from space 14336K, 69% used [0x00000000f2580000,0x00000000f2f40ae8,0x00000000f3380000)
  to   space 14336K, 0% used [0x00000000f7d80000,0x00000000f7d80000,0x00000000f8b80000)
 ParOldGen       total 40960K, used 29773K [0x00000000c0000000, 0x00000000c2800000, 0x00000000eaa80000)
  object space 40960K, 72% used [0x00000000c0000000,0x00000000c1d13618,0x00000000c2800000)
 PSPermGen       total 21504K, used 7694K [0x00000000b5a00000, 0x00000000b6f00000, 0x00000000c0000000)
  object space 21504K, 35% used [0x00000000b5a00000,0x00000000b6183910,0x00000000b6f00000)
}
Event: 8.801 GC heap before
{Heap before GC invocations=10 (full 0):
 PSYoungGen      total 140288K, used 135938K [0x00000000eaa80000, 0x00000000f8b80000, 0x0000000100000000)
  eden space 125952K, 100% used [0x00000000eaa80000,0x00000000f2580000,0x00000000f2580000)
  from space 14336K, 69% used [0x00000000f2580000,0x00000000f2f40ae8,0x00000000f3380000)
  to   space 14336K, 0% used [0x00000000f7d80000,0x00000000f7d80000,0x00000000f8b80000)
 ParOldGen       total 40960K, used 29773K [0x00000000c0000000, 0x00000000c2800000, 0x00000000eaa80000)
  object space 40960K, 72% used [0x00000000c0000000,0x00000000c1d13618,0x00000000c2800000)
 PSPermGen       total 21504K, used 7702K [0x00000000b5a00000, 0x00000000b6f00000, 0x00000000c0000000)
  object space 21504K, 35% used [0x00000000b5a00000,0x00000000b61858e8,0x00000000b6f00000)
Event: 8.812 GC heap after
Heap after GC invocations=10 (full 0):
 PSYoungGen      total 214528K, used 14159K [0x00000000eaa80000, 0x00000000f8e80000, 0x0000000100000000)
  eden space 200192K, 0% used [0x00000000eaa80000,0x00000000eaa80000,0x00000000f6e00000)
  from space 14336K, 98% used [0x00000000f7d80000,0x00000000f8b53dc8,0x00000000f8b80000)
  to   space 15872K, 0% used [0x00000000f6e00000,0x00000000f6e00000,0x00000000f7d80000)
 ParOldGen       total 40960K, used 34656K [0x00000000c0000000, 0x00000000c2800000, 0x00000000eaa80000)
  object space 40960K, 84% used [0x00000000c0000000,0x00000000c21d80d8,0x00000000c2800000)
 PSPermGen       total 21504K, used 7702K [0x00000000b5a00000, 0x00000000b6f00000, 0x00000000c0000000)
  object space 21504K, 35% used [0x00000000b5a00000,0x00000000b61858e8,0x00000000b6f00000)
}
Event: 8.812 GC heap before
{Heap before GC invocations=11 (full 1):
 PSYoungGen      total 214528K, used 14159K [0x00000000eaa80000, 0x00000000f8e80000, 0x0000000100000000)
  eden space 200192K, 0% used [0x00000000eaa80000,0x00000000eaa80000,0x00000000f6e00000)
  from space 14336K, 98% used [0x00000000f7d80000,0x00000000f8b53dc8,0x00000000f8b80000)
  to   space 15872K, 0% used [0x00000000f6e00000,0x00000000f6e00000,0x00000000f7d80000)
 ParOldGen       total 40960K, used 34656K [0x00000000c0000000, 0x00000000c2800000, 0x00000000eaa80000)
  object space 40960K, 84% used [0x00000000c0000000,0x00000000c21d80d8,0x00000000c2800000)
 PSPermGen       total 21504K, used 7702K [0x00000000b5a00000, 0x00000000b6f00000, 0x00000000c0000000)
  object space 21504K, 35% used [0x00000000b5a00000,0x00000000b61858e8,0x00000000b6f00000)
Event: 8.946 GC heap after
Heap after GC invocations=11 (full 1):
 PSYoungGen      total 214528K, used 0K [0x00000000eaa80000, 0x00000000f8e80000, 0x0000000100000000)
  eden space 200192K, 0% used [0x00000000eaa80000,0x00000000eaa80000,0x00000000f6e00000)
  from space 14336K, 0% used [0x00000000f7d80000,0x00000000f7d80000,0x00000000f8b80000)
  to   space 15872K, 0% used [0x00000000f6e00000,0x00000000f6e00000,0x00000000f7d80000)
 ParOldGen       total 52224K, used 25546K [0x00000000c0000000, 0x00000000c3300000, 0x00000000eaa80000)
  object space 52224K, 48% used [0x00000000c0000000,0x00000000c18f2aa8,0x00000000c3300000)
 PSPermGen       total 21504K, used 7698K [0x00000000b5a00000, 0x00000000b6f00000, 0x00000000c0000000)
  object space 21504K, 35% used [0x00000000b5a00000,0x00000000b6184968,0x00000000b6f00000)
}
Event: 9.360 GC heap before
{Heap before GC invocations=12 (full 1):
 PSYoungGen      total 214528K, used 200192K [0x00000000eaa80000, 0x00000000f8e80000, 0x0000000100000000)
  eden space 200192K, 100% used [0x00000000eaa80000,0x00000000f6e00000,0x00000000f6e00000)
  from space 14336K, 0% used [0x00000000f7d80000,0x00000000f7d80000,0x00000000f8b80000)
  to   space 15872K, 0% used [0x00000000f6e00000,0x00000000f6e00000,0x00000000f7d80000)
 ParOldGen       total 52224K, used 25546K [0x00000000c0000000, 0x00000000c3300000, 0x00000000eaa80000)
  object space 52224K, 48% used [0x00000000c0000000,0x00000000c18f2aa8,0x00000000c3300000)
 PSPermGen       total 21504K, used 7707K [0x00000000b5a00000, 0x00000000b6f00000, 0x00000000c0000000)
  object space 21504K, 35% used [0x00000000b5a00000,0x00000000b6186ff8,0x00000000b6f00000)

