# JRE version: OpenJDK Runtime Environment (7.0_91-b02) (build 1.7.0_91-b02)
# Java VM: OpenJDK 64-Bit Server VM (24.91-b01 mixed mode linux-amd64 compressed oops)
Heap
 PSYoungGen      total 285696K, used 16373K [0x00000000eaa80000, 0x00000000fd180000, 0x0000000100000000)
  eden space 269312K, 0% used [0x00000000eaa80000,0x00000000eaa80000,0x00000000fb180000)
  from space 16384K, 99% used [0x00000000fb180000,0x00000000fc17d6b8,0x00000000fc180000)
  to   space 11776K, 0% used [0x00000000fc600000,0x00000000fc600000,0x00000000fd180000)
 ParOldGen       total 56832K, used 55621K [0x00000000c0000000, 0x00000000c3780000, 0x00000000eaa80000)
  object space 56832K, 97% used [0x00000000c0000000,0x00000000c36514b8,0x00000000c3780000)
 PSPermGen       total 21504K, used 7723K [0x00000000b5a00000, 0x00000000b6f00000, 0x00000000c0000000)
  object space 21504K, 35% used [0x00000000b5a00000,0x00000000b618ace8,0x00000000b6f00000)
GC Heap History (10 events):
Event: 9.295 GC heap after
Heap after GC invocations=9 (full 0):
 PSYoungGen      total 139776K, used 12522K [0x00000000eaa80000, 0x00000000f8d00000, 0x0000000100000000)
  eden space 124416K, 0% used [0x00000000eaa80000,0x00000000eaa80000,0x00000000f2400000)
  from space 15360K, 81% used [0x00000000f2400000,0x00000000f303a978,0x00000000f3300000)
  to   space 16384K, 0% used [0x00000000f7d00000,0x00000000f7d00000,0x00000000f8d00000)
 ParOldGen       total 40960K, used 28600K [0x00000000c0000000, 0x00000000c2800000, 0x00000000eaa80000)
  object space 40960K, 69% used [0x00000000c0000000,0x00000000c1bee308,0x00000000c2800000)
 PSPermGen       total 21504K, used 7703K [0x00000000b5a00000, 0x00000000b6f00000, 0x00000000c0000000)
  object space 21504K, 35% used [0x00000000b5a00000,0x00000000b6185e58,0x00000000b6f00000)
}
Event: 9.599 GC heap before
{Heap before GC invocations=10 (full 0):
 PSYoungGen      total 139776K, used 136938K [0x00000000eaa80000, 0x00000000f8d00000, 0x0000000100000000)
  eden space 124416K, 100% used [0x00000000eaa80000,0x00000000f2400000,0x00000000f2400000)
  from space 15360K, 81% used [0x00000000f2400000,0x00000000f303a978,0x00000000f3300000)
  to   space 16384K, 0% used [0x00000000f7d00000,0x00000000f7d00000,0x00000000f8d00000)
 ParOldGen       total 40960K, used 28600K [0x00000000c0000000, 0x00000000c2800000, 0x00000000eaa80000)
  object space 40960K, 69% used [0x00000000c0000000,0x00000000c1bee308,0x00000000c2800000)
 PSPermGen       total 21504K, used 7713K [0x00000000b5a00000, 0x00000000b6f00000, 0x00000000c0000000)
  object space 21504K, 35% used [0x00000000b5a00000,0x00000000b6188588,0x00000000b6f00000)
Event: 9.609 GC heap after
Heap after GC invocations=10 (full 0):
 PSYoungGen      total 215552K, used 5009K [0x00000000eaa80000, 0x00000000f8d00000, 0x0000000100000000)
  eden space 199168K, 0% used [0x00000000eaa80000,0x00000000eaa80000,0x00000000f6d00000)
  from space 16384K, 30% used [0x00000000f7d00000,0x00000000f81e4750,0x00000000f8d00000)
  to   space 16384K, 0% used [0x00000000f6d00000,0x00000000f6d00000,0x00000000f7d00000)
 ParOldGen       total 40960K, used 35684K [0x00000000c0000000, 0x00000000c2800000, 0x00000000eaa80000)
  object space 40960K, 87% used [0x00000000c0000000,0x00000000c22d91f8,0x00000000c2800000)
 PSPermGen       total 21504K, used 7713K [0x00000000b5a00000, 0x00000000b6f00000, 0x00000000c0000000)
  object space 21504K, 35% used [0x00000000b5a00000,0x00000000b6188588,0x00000000b6f00000)
}
Event: 9.609 GC heap before
{Heap before GC invocations=11 (full 1):
 PSYoungGen      total 215552K, used 5009K [0x00000000eaa80000, 0x00000000f8d00000, 0x0000000100000000)
  eden space 199168K, 0% used [0x00000000eaa80000,0x00000000eaa80000,0x00000000f6d00000)
  from space 16384K, 30% used [0x00000000f7d00000,0x00000000f81e4750,0x00000000f8d00000)
  to   space 16384K, 0% used [0x00000000f6d00000,0x00000000f6d00000,0x00000000f7d00000)
 ParOldGen       total 40960K, used 35684K [0x00000000c0000000, 0x00000000c2800000, 0x00000000eaa80000)
  object space 40960K, 87% used [0x00000000c0000000,0x00000000c22d91f8,0x00000000c2800000)
 PSPermGen       total 21504K, used 7713K [0x00000000b5a00000, 0x00000000b6f00000, 0x00000000c0000000)
  object space 21504K, 35% used [0x00000000b5a00000,0x00000000b6188588,0x00000000b6f00000)
Event: 9.751 GC heap after
Heap after GC invocations=11 (full 1):
 PSYoungGen      total 215552K, used 0K [0x00000000eaa80000, 0x00000000f8d00000, 0x0000000100000000)
  eden space 199168K, 0% used [0x00000000eaa80000,0x00000000eaa80000,0x00000000f6d00000)
  from space 16384K, 0% used [0x00000000f7d00000,0x00000000f7d00000,0x00000000f8d00000)
  to   space 16384K, 0% used [0x00000000f6d00000,0x00000000f6d00000,0x00000000f7d00000)
 ParOldGen       total 56832K, used 27248K [0x00000000c0000000, 0x00000000c3780000, 0x00000000eaa80000)
  object space 56832K, 47% used [0x00000000c0000000,0x00000000c1a9c048,0x00000000c3780000)
 PSPermGen       total 21504K, used 7709K [0x00000000b5a00000, 0x00000000b6f00000, 0x00000000c0000000)
  object space 21504K, 35% used [0x00000000b5a00000,0x00000000b6187628,0x00000000b6f00000)
}
Event: 10.403 GC heap before
{Heap before GC invocations=12 (full 1):
 PSYoungGen      total 215552K, used 197676K [0x00000000eaa80000, 0x00000000f8d00000, 0x0000000100000000)
  eden space 199168K, 99% used [0x00000000eaa80000,0x00000000f6b8b388,0x00000000f6d00000)
  from space 16384K, 0% used [0x00000000f7d00000,0x00000000f7d00000,0x00000000f8d00000)
  to   space 16384K, 0% used [0x00000000f6d00000,0x00000000f6d00000,0x00000000f7d00000)
 ParOldGen       total 56832K, used 27248K [0x00000000c0000000, 0x00000000c3780000, 0x00000000eaa80000)
  object space 56832K, 47% used [0x00000000c0000000,0x00000000c1a9c048,0x00000000c3780000)
 PSPermGen       total 21504K, used 7717K [0x00000000b5a00000, 0x00000000b6f00000, 0x00000000c0000000)
  object space 21504K, 35% used [0x00000000b5a00000,0x00000000b61894f8,0x00000000b6f00000)
Event: 10.455 GC heap after
Heap after GC invocations=12 (full 1):
 PSYoungGen      total 215552K, used 7864K [0x00000000eaa80000, 0x00000000fd500000, 0x0000000100000000)
  eden space 199168K, 0% used [0x00000000eaa80000,0x00000000eaa80000,0x00000000f6d00000)
  from space 16384K, 48% used [0x00000000f6d00000,0x00000000f74ae230,0x00000000f7d00000)
  to   space 15360K, 0% used [0x00000000fc600000,0x00000000fc600000,0x00000000fd500000)
 ParOldGen       total 56832K, used 27248K [0x00000000c0000000, 0x00000000c3780000, 0x00000000eaa80000)
  object space 56832K, 47% used [0x00000000c0000000,0x00000000c1a9c048,0x00000000c3780000)
 PSPermGen       total 21504K, used 7717K [0x00000000b5a00000, 0x00000000b6f00000, 0x00000000c0000000)
  object space 21504K, 35% used [0x00000000b5a00000,0x00000000b61894f8,0x00000000b6f00000)
}
Event: 11.047 GC heap before
{Heap before GC invocations=13 (full 1):
 PSYoungGen      total 215552K, used 207032K [0x00000000eaa80000, 0x00000000fd500000, 0x0000000100000000)
  eden space 199168K, 100% used [0x00000000eaa80000,0x00000000f6d00000,0x00000000f6d00000)
  from space 16384K, 48% used [0x00000000f6d00000,0x00000000f74ae230,0x00000000f7d00000)
  to   space 15360K, 0% used [0x00000000fc600000,0x00000000fc600000,0x00000000fd500000)
 ParOldGen       total 56832K, used 27248K [0x00000000c0000000, 0x00000000c3780000, 0x00000000eaa80000)
  object space 56832K, 47% used [0x00000000c0000000,0x00000000c1a9c048,0x00000000c3780000)
 PSPermGen       total 21504K, used 7721K [0x00000000b5a00000, 0x00000000b6f00000, 0x00000000c0000000)
  object space 21504K, 35% used [0x00000000b5a00000,0x00000000b618a628,0x00000000b6f00000)
Event: 11.051 GC heap after
Heap after GC invocations=13 (full 1):
 PSYoungGen      total 281088K, used 11740K [0x00000000eaa80000, 0x00000000fd180000, 0x0000000100000000)
  eden space 269312K, 0% used [0x00000000eaa80000,0x00000000eaa80000,0x00000000fb180000)
  from space 11776K, 99% used [0x00000000fc600000,0x00000000fd177278,0x00000000fd180000)
  to   space 16384K, 0% used [0x00000000fb180000,0x00000000fb180000,0x00000000fc180000)
 ParOldGen       total 56832K, used 27680K [0x00000000c0000000, 0x00000000c3780000, 0x00000000eaa80000)
  object space 56832K, 48% used [0x00000000c0000000,0x00000000c1b08078,0x00000000c3780000)
 PSPermGen       total 21504K, used 7721K [0x00000000b5a00000, 0x00000000b6f00000, 0x00000000c0000000)
  object space 21504K, 35% used [0x00000000b5a00000,0x00000000b618a628,0x00000000b6f00000)
}
Event: 11.616 GC heap before
{Heap before GC invocations=14 (full 1):
 PSYoungGen      total 281088K, used 281052K [0x00000000eaa80000, 0x00000000fd180000, 0x0000000100000000)
  eden space 269312K, 100% used [0x00000000eaa80000,0x00000000fb180000,0x00000000fb180000)
  from space 11776K, 99% used [0x00000000fc600000,0x00000000fd177278,0x00000000fd180000)
  to   space 16384K, 0% used [0x00000000fb180000,0x00000000fb180000,0x00000000fc180000)
 ParOldGen       total 56832K, used 27680K [0x00000000c0000000, 0x00000000c3780000, 0x00000000eaa80000)
  object space 56832K, 48% used [0x00000000c0000000,0x00000000c1b08078,0x00000000c3780000)
 PSPermGen       total 21504K, used 7723K [0x00000000b5a00000, 0x00000000b6f00000, 0x00000000c0000000)
  object space 21504K, 35% used [0x00000000b5a00000,0x00000000b618ace8,0x00000000b6f00000)

