# JRE version: OpenJDK Runtime Environment (7.0_91-b02) (build 1.7.0_91-b02)
# Java VM: OpenJDK 64-Bit Server VM (24.91-b01 mixed mode linux-amd64 compressed oops)
Heap
 PSYoungGen      total 214016K, used 13800K [0x00000000eaa80000, 0x00000000f8900000, 0x0000000100000000)
  eden space 200192K, 0% used [0x00000000eaa80000,0x00000000eaa80000,0x00000000f6e00000)
  from space 13824K, 99% used [0x00000000f6e00000,0x00000000f7b7a0a8,0x00000000f7b80000)
  to   space 13312K, 0% used [0x00000000f7c00000,0x00000000f7c00000,0x00000000f8900000)
 ParOldGen       total 56832K, used 43685K [0x00000000c0000000, 0x00000000c3780000, 0x00000000eaa80000)
  object space 56832K, 76% used [0x00000000c0000000,0x00000000c2aa9480,0x00000000c3780000)
 PSPermGen       total 21504K, used 7707K [0x00000000b5a00000, 0x00000000b6f00000, 0x00000000c0000000)
  object space 21504K, 35% used [0x00000000b5a00000,0x00000000b6186e70,0x00000000b6f00000)
GC Heap History (10 events):
Event: 6.641 GC heap after
Heap after GC invocations=7 (full 0):
 PSYoungGen      total 71168K, used 8703K [0x00000000eaa80000, 0x00000000f4180000, 0x0000000100000000)
  eden space 62464K, 0% used [0x00000000eaa80000,0x00000000eaa80000,0x00000000ee780000)
  from space 8704K, 99% used [0x00000000ee780000,0x00000000eefffc98,0x00000000ef000000)
  to   space 14848K, 0% used [0x00000000f3300000,0x00000000f3300000,0x00000000f4180000)
 ParOldGen       total 40960K, used 26562K [0x00000000c0000000, 0x00000000c2800000, 0x00000000eaa80000)
  object space 40960K, 64% used [0x00000000c0000000,0x00000000c19f0850,0x00000000c2800000)
 PSPermGen       total 21504K, used 7518K [0x00000000b5a00000, 0x00000000b6f00000, 0x00000000c0000000)
  object space 21504K, 34% used [0x00000000b5a00000,0x00000000b6157ab8,0x00000000b6f00000)
}
Event: 7.027 GC heap before
{Heap before GC invocations=8 (full 0):
 PSYoungGen      total 71168K, used 71167K [0x00000000eaa80000, 0x00000000f4180000, 0x0000000100000000)
  eden space 62464K, 100% used [0x00000000eaa80000,0x00000000ee780000,0x00000000ee780000)
  from space 8704K, 99% used [0x00000000ee780000,0x00000000eefffc98,0x00000000ef000000)
  to   space 14848K, 0% used [0x00000000f3300000,0x00000000f3300000,0x00000000f4180000)
 ParOldGen       total 40960K, used 26562K [0x00000000c0000000, 0x00000000c2800000, 0x00000000eaa80000)
  object space 40960K, 64% used [0x00000000c0000000,0x00000000c19f0850,0x00000000c2800000)
 PSPermGen       total 21504K, used 7585K [0x00000000b5a00000, 0x00000000b6f00000, 0x00000000c0000000)
  object space 21504K, 35% used [0x00000000b5a00000,0x00000000b6168508,0x00000000b6f00000)
Event: 7.043 GC heap after
Heap after GC invocations=8 (full 0):
 PSYoungGen      total 139776K, used 9981K [0x00000000eaa80000, 0x00000000f4180000, 0x0000000100000000)
  eden space 124928K, 0% used [0x00000000eaa80000,0x00000000eaa80000,0x00000000f2480000)
  from space 14848K, 67% used [0x00000000f3300000,0x00000000f3cbf558,0x00000000f4180000)
  to   space 14848K, 0% used [0x00000000f2480000,0x00000000f2480000,0x00000000f3300000)
 ParOldGen       total 40960K, used 26975K [0x00000000c0000000, 0x00000000c2800000, 0x00000000eaa80000)
  object space 40960K, 65% used [0x00000000c0000000,0x00000000c1a57d28,0x00000000c2800000)
 PSPermGen       total 21504K, used 7585K [0x00000000b5a00000, 0x00000000b6f00000, 0x00000000c0000000)
  object space 21504K, 35% used [0x00000000b5a00000,0x00000000b6168508,0x00000000b6f00000)
}
Event: 7.664 GC heap before
{Heap before GC invocations=9 (full 0):
 PSYoungGen      total 139776K, used 134909K [0x00000000eaa80000, 0x00000000f4180000, 0x0000000100000000)
  eden space 124928K, 100% used [0x00000000eaa80000,0x00000000f2480000,0x00000000f2480000)
  from space 14848K, 67% used [0x00000000f3300000,0x00000000f3cbf558,0x00000000f4180000)
  to   space 14848K, 0% used [0x00000000f2480000,0x00000000f2480000,0x00000000f3300000)
 ParOldGen       total 40960K, used 26975K [0x00000000c0000000, 0x00000000c2800000, 0x00000000eaa80000)
  object space 40960K, 65% used [0x00000000c0000000,0x00000000c1a57d28,0x00000000c2800000)
 PSPermGen       total 21504K, used 7692K [0x00000000b5a00000, 0x00000000b6f00000, 0x00000000c0000000)
  object space 21504K, 35% used [0x00000000b5a00000,0x00000000b6183340,0x00000000b6f00000)
Event: 7.682 GC heap after
Heap after GC invocations=9 (full 0):
 PSYoungGen      total 139776K, used 8901K [0x00000000eaa80000, 0x00000000f8a00000, 0x0000000100000000)
  eden space 124928K, 0% used [0x00000000eaa80000,0x00000000eaa80000,0x00000000f2480000)
  from space 14848K, 59% used [0x00000000f2480000,0x00000000f2d31480,0x00000000f3300000)
  to   space 14336K, 0% used [0x00000000f7c00000,0x00000000f7c00000,0x00000000f8a00000)
 ParOldGen       total 40960K, used 29472K [0x00000000c0000000, 0x00000000c2800000, 0x00000000eaa80000)
  object space 40960K, 71% used [0x00000000c0000000,0x00000000c1cc8230,0x00000000c2800000)
 PSPermGen       total 21504K, used 7692K [0x00000000b5a00000, 0x00000000b6f00000, 0x00000000c0000000)
  object space 21504K, 35% used [0x00000000b5a00000,0x00000000b6183340,0x00000000b6f00000)
}
Event: 8.036 GC heap before
{Heap before GC invocations=10 (full 0):
 PSYoungGen      total 139776K, used 133829K [0x00000000eaa80000, 0x00000000f8a00000, 0x0000000100000000)
  eden space 124928K, 100% used [0x00000000eaa80000,0x00000000f2480000,0x00000000f2480000)
  from space 14848K, 59% used [0x00000000f2480000,0x00000000f2d31480,0x00000000f3300000)
  to   space 14336K, 0% used [0x00000000f7c00000,0x00000000f7c00000,0x00000000f8a00000)
 ParOldGen       total 40960K, used 29472K [0x00000000c0000000, 0x00000000c2800000, 0x00000000eaa80000)
  object space 40960K, 71% used [0x00000000c0000000,0x00000000c1cc8230,0x00000000c2800000)
 PSPermGen       total 21504K, used 7701K [0x00000000b5a00000, 0x00000000b6f00000, 0x00000000c0000000)
  object space 21504K, 35% used [0x00000000b5a00000,0x00000000b6185688,0x00000000b6f00000)
Event: 8.046 GC heap after
Heap after GC invocations=10 (full 0):
 PSYoungGen      total 213504K, used 8543K [0x00000000eaa80000, 0x00000000f8900000, 0x0000000100000000)
  eden space 200192K, 0% used [0x00000000eaa80000,0x00000000eaa80000,0x00000000f6e00000)
  from space 13312K, 64% used [0x00000000f7c00000,0x00000000f8457ea8,0x00000000f8900000)
  to   space 13824K, 0% used [0x00000000f6e00000,0x00000000f6e00000,0x00000000f7b80000)
 ParOldGen       total 40960K, used 35316K [0x00000000c0000000, 0x00000000c2800000, 0x00000000eaa80000)
  object space 40960K, 86% used [0x00000000c0000000,0x00000000c227d2a8,0x00000000c2800000)
 PSPermGen       total 21504K, used 7701K [0x00000000b5a00000, 0x00000000b6f00000, 0x00000000c0000000)
  object space 21504K, 35% used [0x00000000b5a00000,0x00000000b6185688,0x00000000b6f00000)
}
Event: 8.046 GC heap before
{Heap before GC invocations=11 (full 1):
 PSYoungGen      total 213504K, used 8543K [0x00000000eaa80000, 0x00000000f8900000, 0x0000000100000000)
  eden space 200192K, 0% used [0x00000000eaa80000,0x00000000eaa80000,0x00000000f6e00000)
  from space 13312K, 64% used [0x00000000f7c00000,0x00000000f8457ea8,0x00000000f8900000)
  to   space 13824K, 0% used [0x00000000f6e00000,0x00000000f6e00000,0x00000000f7b80000)
 ParOldGen       total 40960K, used 35316K [0x00000000c0000000, 0x00000000c2800000, 0x00000000eaa80000)
  object space 40960K, 86% used [0x00000000c0000000,0x00000000c227d2a8,0x00000000c2800000)
 PSPermGen       total 21504K, used 7701K [0x00000000b5a00000, 0x00000000b6f00000, 0x00000000c0000000)
  object space 21504K, 35% used [0x00000000b5a00000,0x00000000b6185688,0x00000000b6f00000)
Event: 8.181 GC heap after
Heap after GC invocations=11 (full 1):
 PSYoungGen      total 213504K, used 0K [0x00000000eaa80000, 0x00000000f8900000, 0x0000000100000000)
  eden space 200192K, 0% used [0x00000000eaa80000,0x00000000eaa80000,0x00000000f6e00000)
  from space 13312K, 0% used [0x00000000f7c00000,0x00000000f7c00000,0x00000000f8900000)
  to   space 13824K, 0% used [0x00000000f6e00000,0x00000000f6e00000,0x00000000f7b80000)
 ParOldGen       total 56832K, used 25535K [0x00000000c0000000, 0x00000000c3780000, 0x00000000eaa80000)
  object space 56832K, 44% used [0x00000000c0000000,0x00000000c18effb8,0x00000000c3780000)
 PSPermGen       total 21504K, used 7697K [0x00000000b5a00000, 0x00000000b6f00000, 0x00000000c0000000)
  object space 21504K, 35% used [0x00000000b5a00000,0x00000000b61846a8,0x00000000b6f00000)
}
Event: 8.668 GC heap before
{Heap before GC invocations=12 (full 1):
 PSYoungGen      total 213504K, used 200192K [0x00000000eaa80000, 0x00000000f8900000, 0x0000000100000000)
  eden space 200192K, 100% used [0x00000000eaa80000,0x00000000f6e00000,0x00000000f6e00000)
  from space 13312K, 0% used [0x00000000f7c00000,0x00000000f7c00000,0x00000000f8900000)
  to   space 13824K, 0% used [0x00000000f6e00000,0x00000000f6e00000,0x00000000f7b80000)
 ParOldGen       total 56832K, used 25535K [0x00000000c0000000, 0x00000000c3780000, 0x00000000eaa80000)
  object space 56832K, 44% used [0x00000000c0000000,0x00000000c18effb8,0x00000000c3780000)
 PSPermGen       total 21504K, used 7707K [0x00000000b5a00000, 0x00000000b6f00000, 0x00000000c0000000)
  object space 21504K, 35% used [0x00000000b5a00000,0x00000000b6186e70,0x00000000b6f00000)

