# JRE version: OpenJDK Runtime Environment (7.0_91-b02) (build 1.7.0_91-b02)
# Java VM: OpenJDK 64-Bit Server VM (24.91-b01 mixed mode linux-amd64 compressed oops)
Heap
 PSYoungGen      total 214528K, used 18917K [0x00000000eaa80000, 0x00000000f8f80000, 0x0000000100000000)
  eden space 194560K, 0% used [0x00000000eaa80000,0x00000000eaa80000,0x00000000f6880000)
  from space 19968K, 94% used [0x00000000f6880000,0x00000000f7af9680,0x00000000f7c00000)
  to   space 19456K, 0% used [0x00000000f7c80000,0x00000000f7c80000,0x00000000f8f80000)
 ParOldGen       total 66048K, used 33144K [0x00000000c0000000, 0x00000000c4080000, 0x00000000eaa80000)
  object space 66048K, 50% used [0x00000000c0000000,0x00000000c205e0a0,0x00000000c4080000)
 PSPermGen       total 21504K, used 7756K [0x00000000b5a00000, 0x00000000b6f00000, 0x00000000c0000000)
  object space 21504K, 36% used [0x00000000b5a00000,0x00000000b6193058,0x00000000b6f00000)
GC Heap History (10 events):
Event: 4.428 GC heap after
Heap after GC invocations=7 (full 0):
 PSYoungGen      total 71680K, used 8694K [0x00000000eaa80000, 0x00000000f4080000, 0x0000000100000000)
  eden space 62976K, 0% used [0x00000000eaa80000,0x00000000eaa80000,0x00000000ee800000)
  from space 8704K, 99% used [0x00000000ee800000,0x00000000ef07dae0,0x00000000ef080000)
  to   space 13824K, 0% used [0x00000000f3300000,0x00000000f3300000,0x00000000f4080000)
 ParOldGen       total 40960K, used 25305K [0x00000000c0000000, 0x00000000c2800000, 0x00000000eaa80000)
  object space 40960K, 61% used [0x00000000c0000000,0x00000000c18b6760,0x00000000c2800000)
 PSPermGen       total 21504K, used 5689K [0x00000000b5a00000, 0x00000000b6f00000, 0x00000000c0000000)
  object space 21504K, 26% used [0x00000000b5a00000,0x00000000b5f8e4e8,0x00000000b6f00000)
}
Event: 9.069 GC heap before
{Heap before GC invocations=8 (full 0):
 PSYoungGen      total 71680K, used 71338K [0x00000000eaa80000, 0x00000000f4080000, 0x0000000100000000)
  eden space 62976K, 99% used [0x00000000eaa80000,0x00000000ee7acff0,0x00000000ee800000)
  from space 8704K, 99% used [0x00000000ee800000,0x00000000ef07dae0,0x00000000ef080000)
  to   space 13824K, 0% used [0x00000000f3300000,0x00000000f3300000,0x00000000f4080000)
 ParOldGen       total 40960K, used 25305K [0x00000000c0000000, 0x00000000c2800000, 0x00000000eaa80000)
  object space 40960K, 61% used [0x00000000c0000000,0x00000000c18b6760,0x00000000c2800000)
 PSPermGen       total 21504K, used 7568K [0x00000000b5a00000, 0x00000000b6f00000, 0x00000000c0000000)
  object space 21504K, 35% used [0x00000000b5a00000,0x00000000b6164278,0x00000000b6f00000)
Event: 9.088 GC heap after
Heap after GC invocations=8 (full 0):
 PSYoungGen      total 135168K, used 13819K [0x00000000eaa80000, 0x00000000f4980000, 0x0000000100000000)
  eden space 121344K, 0% used [0x00000000eaa80000,0x00000000eaa80000,0x00000000f2100000)
  from space 13824K, 99% used [0x00000000f3300000,0x00000000f407ecf0,0x00000000f4080000)
  to   space 18432K, 0% used [0x00000000f2100000,0x00000000f2100000,0x00000000f3300000)
 ParOldGen       total 40960K, used 30777K [0x00000000c0000000, 0x00000000c2800000, 0x00000000eaa80000)
  object space 40960K, 75% used [0x00000000c0000000,0x00000000c1e0e510,0x00000000c2800000)
 PSPermGen       total 21504K, used 7568K [0x00000000b5a00000, 0x00000000b6f00000, 0x00000000c0000000)
  object space 21504K, 35% used [0x00000000b5a00000,0x00000000b6164278,0x00000000b6f00000)
}
Event: 9.858 GC heap before
{Heap before GC invocations=9 (full 0):
 PSYoungGen      total 135168K, used 134076K [0x00000000eaa80000, 0x00000000f4980000, 0x0000000100000000)
  eden space 121344K, 99% used [0x00000000eaa80000,0x00000000f1ff06a8,0x00000000f2100000)
  from space 13824K, 99% used [0x00000000f3300000,0x00000000f407ecf0,0x00000000f4080000)
  to   space 18432K, 0% used [0x00000000f2100000,0x00000000f2100000,0x00000000f3300000)
 ParOldGen       total 40960K, used 30777K [0x00000000c0000000, 0x00000000c2800000, 0x00000000eaa80000)
  object space 40960K, 75% used [0x00000000c0000000,0x00000000c1e0e510,0x00000000c2800000)
 PSPermGen       total 21504K, used 7733K [0x00000000b5a00000, 0x00000000b6f00000, 0x00000000c0000000)
  object space 21504K, 35% used [0x00000000b5a00000,0x00000000b618d630,0x00000000b6f00000)
Event: 9.874 GC heap after
Heap after GC invocations=9 (full 0):
 PSYoungGen      total 139776K, used 16580K [0x00000000eaa80000, 0x00000000f9080000, 0x0000000100000000)
  eden space 121344K, 0% used [0x00000000eaa80000,0x00000000eaa80000,0x00000000f2100000)
  from space 18432K, 89% used [0x00000000f2100000,0x00000000f31312c0,0x00000000f3300000)
  to   space 20480K, 0% used [0x00000000f7c80000,0x00000000f7c80000,0x00000000f9080000)
 ParOldGen       total 40960K, used 32095K [0x00000000c0000000, 0x00000000c2800000, 0x00000000eaa80000)
  object space 40960K, 78% used [0x00000000c0000000,0x00000000c1f57d70,0x00000000c2800000)
 PSPermGen       total 21504K, used 7733K [0x00000000b5a00000, 0x00000000b6f00000, 0x00000000c0000000)
  object space 21504K, 35% used [0x00000000b5a00000,0x00000000b618d630,0x00000000b6f00000)
}
Event: 10.212 GC heap before
{Heap before GC invocations=10 (full 0):
 PSYoungGen      total 139776K, used 137924K [0x00000000eaa80000, 0x00000000f9080000, 0x0000000100000000)
  eden space 121344K, 100% used [0x00000000eaa80000,0x00000000f2100000,0x00000000f2100000)
  from space 18432K, 89% used [0x00000000f2100000,0x00000000f31312c0,0x00000000f3300000)
  to   space 20480K, 0% used [0x00000000f7c80000,0x00000000f7c80000,0x00000000f9080000)
 ParOldGen       total 40960K, used 32095K [0x00000000c0000000, 0x00000000c2800000, 0x00000000eaa80000)
  object space 40960K, 78% used [0x00000000c0000000,0x00000000c1f57d70,0x00000000c2800000)
 PSPermGen       total 21504K, used 7748K [0x00000000b5a00000, 0x00000000b6f00000, 0x00000000c0000000)
  object space 21504K, 36% used [0x00000000b5a00000,0x00000000b61912e0,0x00000000b6f00000)
Event: 10.235 GC heap after
Heap after GC invocations=10 (full 0):
 PSYoungGen      total 214016K, used 7503K [0x00000000eaa80000, 0x00000000f8f80000, 0x0000000100000000)
  eden space 194560K, 0% used [0x00000000eaa80000,0x00000000eaa80000,0x00000000f6880000)
  from space 19456K, 38% used [0x00000000f7c80000,0x00000000f83d3f98,0x00000000f8f80000)
  to   space 19968K, 0% used [0x00000000f6880000,0x00000000f6880000,0x00000000f7c00000)
 ParOldGen       total 45056K, used 44640K [0x00000000c0000000, 0x00000000c2c00000, 0x00000000eaa80000)
  object space 45056K, 99% used [0x00000000c0000000,0x00000000c2b98238,0x00000000c2c00000)
 PSPermGen       total 21504K, used 7748K [0x00000000b5a00000, 0x00000000b6f00000, 0x00000000c0000000)
  object space 21504K, 36% used [0x00000000b5a00000,0x00000000b61912e0,0x00000000b6f00000)
}
Event: 10.235 GC heap before
{Heap before GC invocations=11 (full 1):
 PSYoungGen      total 214016K, used 7503K [0x00000000eaa80000, 0x00000000f8f80000, 0x0000000100000000)
  eden space 194560K, 0% used [0x00000000eaa80000,0x00000000eaa80000,0x00000000f6880000)
  from space 19456K, 38% used [0x00000000f7c80000,0x00000000f83d3f98,0x00000000f8f80000)
  to   space 19968K, 0% used [0x00000000f6880000,0x00000000f6880000,0x00000000f7c00000)
 ParOldGen       total 45056K, used 44640K [0x00000000c0000000, 0x00000000c2c00000, 0x00000000eaa80000)
  object space 45056K, 99% used [0x00000000c0000000,0x00000000c2b98238,0x00000000c2c00000)
 PSPermGen       total 21504K, used 7748K [0x00000000b5a00000, 0x00000000b6f00000, 0x00000000c0000000)
  object space 21504K, 36% used [0x00000000b5a00000,0x00000000b61912e0,0x00000000b6f00000)
Event: 10.430 GC heap after
Heap after GC invocations=11 (full 1):
 PSYoungGen      total 214016K, used 0K [0x00000000eaa80000, 0x00000000f8f80000, 0x0000000100000000)
  eden space 194560K, 0% used [0x00000000eaa80000,0x00000000eaa80000,0x00000000f6880000)
  from space 19456K, 0% used [0x00000000f7c80000,0x00000000f7c80000,0x00000000f8f80000)
  to   space 19968K, 0% used [0x00000000f6880000,0x00000000f6880000,0x00000000f7c00000)
 ParOldGen       total 66048K, used 33144K [0x00000000c0000000, 0x00000000c4080000, 0x00000000eaa80000)
  object space 66048K, 50% used [0x00000000c0000000,0x00000000c205e0a0,0x00000000c4080000)
 PSPermGen       total 21504K, used 7744K [0x00000000b5a00000, 0x00000000b6f00000, 0x00000000c0000000)
  object space 21504K, 36% used [0x00000000b5a00000,0x00000000b6190280,0x00000000b6f00000)
}
Event: 11.019 GC heap before
{Heap before GC invocations=12 (full 1):
 PSYoungGen      total 214016K, used 194560K [0x00000000eaa80000, 0x00000000f8f80000, 0x0000000100000000)
  eden space 194560K, 100% used [0x00000000eaa80000,0x00000000f6880000,0x00000000f6880000)
  from space 19456K, 0% used [0x00000000f7c80000,0x00000000f7c80000,0x00000000f8f80000)
  to   space 19968K, 0% used [0x00000000f6880000,0x00000000f6880000,0x00000000f7c00000)
 ParOldGen       total 66048K, used 33144K [0x00000000c0000000, 0x00000000c4080000, 0x00000000eaa80000)
  object space 66048K, 50% used [0x00000000c0000000,0x00000000c205e0a0,0x00000000c4080000)
 PSPermGen       total 21504K, used 7756K [0x00000000b5a00000, 0x00000000b6f00000, 0x00000000c0000000)
  object space 21504K, 36% used [0x00000000b5a00000,0x00000000b6193058,0x00000000b6f00000)

