# JRE version: OpenJDK Runtime Environment (7.0_91-b02) (build 1.7.0_91-b02)
# Java VM: OpenJDK 64-Bit Server VM (24.91-b01 mixed mode linux-amd64 compressed oops)
Heap
 PSYoungGen      total 280064K, used 13589K [0x00000000eaa80000, 0x00000000fd080000, 0x0000000100000000)
  eden space 259072K, 0% used [0x00000000eaa80000,0x00000000eaa80000,0x00000000fa780000)
  from space 20992K, 64% used [0x00000000fa780000,0x00000000fb4c5560,0x00000000fbc00000)
  to   space 18432K, 0% used [0x00000000fbe80000,0x00000000fbe80000,0x00000000fd080000)
 ParOldGen       total 66048K, used 37150K [0x00000000c0000000, 0x00000000c4080000, 0x00000000eaa80000)
  object space 66048K, 56% used [0x00000000c0000000,0x00000000c2447b58,0x00000000c4080000)
 PSPermGen       total 21504K, used 7742K [0x00000000b5a00000, 0x00000000b6f00000, 0x00000000c0000000)
  object space 21504K, 36% used [0x00000000b5a00000,0x00000000b618fa70,0x00000000b6f00000)
GC Heap History (10 events):
Event: 13.964 GC heap after
Heap after GC invocations=9 (full 0):
 PSYoungGen      total 139776K, used 16122K [0x00000000eaa80000, 0x00000000f8f80000, 0x0000000100000000)
  eden space 121344K, 0% used [0x00000000eaa80000,0x00000000eaa80000,0x00000000f2100000)
  from space 18432K, 87% used [0x00000000f2100000,0x00000000f30be828,0x00000000f3300000)
  to   space 19968K, 0% used [0x00000000f7c00000,0x00000000f7c00000,0x00000000f8f80000)
 ParOldGen       total 40960K, used 31566K [0x00000000c0000000, 0x00000000c2800000, 0x00000000eaa80000)
  object space 40960K, 77% used [0x00000000c0000000,0x00000000c1ed3948,0x00000000c2800000)
 PSPermGen       total 21504K, used 7714K [0x00000000b5a00000, 0x00000000b6f00000, 0x00000000c0000000)
  object space 21504K, 35% used [0x00000000b5a00000,0x00000000b6188828,0x00000000b6f00000)
}
Event: 14.474 GC heap before
{Heap before GC invocations=10 (full 0):
 PSYoungGen      total 139776K, used 137466K [0x00000000eaa80000, 0x00000000f8f80000, 0x0000000100000000)
  eden space 121344K, 100% used [0x00000000eaa80000,0x00000000f2100000,0x00000000f2100000)
  from space 18432K, 87% used [0x00000000f2100000,0x00000000f30be828,0x00000000f3300000)
  to   space 19968K, 0% used [0x00000000f7c00000,0x00000000f7c00000,0x00000000f8f80000)
 ParOldGen       total 40960K, used 31566K [0x00000000c0000000, 0x00000000c2800000, 0x00000000eaa80000)
  object space 40960K, 77% used [0x00000000c0000000,0x00000000c1ed3948,0x00000000c2800000)
 PSPermGen       total 21504K, used 7731K [0x00000000b5a00000, 0x00000000b6f00000, 0x00000000c0000000)
  object space 21504K, 35% used [0x00000000b5a00000,0x00000000b618cce8,0x00000000b6f00000)
Event: 14.494 GC heap after
Heap after GC invocations=10 (full 0):
 PSYoungGen      total 213504K, used 8675K [0x00000000eaa80000, 0x00000000f8e80000, 0x0000000100000000)
  eden space 194560K, 0% used [0x00000000eaa80000,0x00000000eaa80000,0x00000000f6880000)
  from space 18944K, 45% used [0x00000000f7c00000,0x00000000f8478c58,0x00000000f8e80000)
  to   space 19456K, 0% used [0x00000000f6880000,0x00000000f6880000,0x00000000f7b80000)
 ParOldGen       total 45056K, used 44255K [0x00000000c0000000, 0x00000000c2c00000, 0x00000000eaa80000)
  object space 45056K, 98% used [0x00000000c0000000,0x00000000c2b37ee8,0x00000000c2c00000)
 PSPermGen       total 21504K, used 7731K [0x00000000b5a00000, 0x00000000b6f00000, 0x00000000c0000000)
  object space 21504K, 35% used [0x00000000b5a00000,0x00000000b618cce8,0x00000000b6f00000)
}
Event: 14.494 GC heap before
{Heap before GC invocations=11 (full 1):
 PSYoungGen      total 213504K, used 8675K [0x00000000eaa80000, 0x00000000f8e80000, 0x0000000100000000)
  eden space 194560K, 0% used [0x00000000eaa80000,0x00000000eaa80000,0x00000000f6880000)
  from space 18944K, 45% used [0x00000000f7c00000,0x00000000f8478c58,0x00000000f8e80000)
  to   space 19456K, 0% used [0x00000000f6880000,0x00000000f6880000,0x00000000f7b80000)
 ParOldGen       total 45056K, used 44255K [0x00000000c0000000, 0x00000000c2c00000, 0x00000000eaa80000)
  object space 45056K, 98% used [0x00000000c0000000,0x00000000c2b37ee8,0x00000000c2c00000)
 PSPermGen       total 21504K, used 7731K [0x00000000b5a00000, 0x00000000b6f00000, 0x00000000c0000000)
  object space 21504K, 35% used [0x00000000b5a00000,0x00000000b618cce8,0x00000000b6f00000)
Event: 14.747 GC heap after
Heap after GC invocations=11 (full 1):
 PSYoungGen      total 213504K, used 0K [0x00000000eaa80000, 0x00000000f8e80000, 0x0000000100000000)
  eden space 194560K, 0% used [0x00000000eaa80000,0x00000000eaa80000,0x00000000f6880000)
  from space 18944K, 0% used [0x00000000f7c00000,0x00000000f7c00000,0x00000000f8e80000)
  to   space 19456K, 0% used [0x00000000f6880000,0x00000000f6880000,0x00000000f7b80000)
 ParOldGen       total 66048K, used 33070K [0x00000000c0000000, 0x00000000c4080000, 0x00000000eaa80000)
  object space 66048K, 50% used [0x00000000c0000000,0x00000000c204b848,0x00000000c4080000)
 PSPermGen       total 21504K, used 7727K [0x00000000b5a00000, 0x00000000b6f00000, 0x00000000c0000000)
  object space 21504K, 35% used [0x00000000b5a00000,0x00000000b618bc08,0x00000000b6f00000)
}
Event: 15.514 GC heap before
{Heap before GC invocations=12 (full 1):
 PSYoungGen      total 213504K, used 194560K [0x00000000eaa80000, 0x00000000f8e80000, 0x0000000100000000)
  eden space 194560K, 100% used [0x00000000eaa80000,0x00000000f6880000,0x00000000f6880000)
  from space 18944K, 0% used [0x00000000f7c00000,0x00000000f7c00000,0x00000000f8e80000)
  to   space 19456K, 0% used [0x00000000f6880000,0x00000000f6880000,0x00000000f7b80000)
 ParOldGen       total 66048K, used 33070K [0x00000000c0000000, 0x00000000c4080000, 0x00000000eaa80000)
  object space 66048K, 50% used [0x00000000c0000000,0x00000000c204b848,0x00000000c4080000)
 PSPermGen       total 21504K, used 7738K [0x00000000b5a00000, 0x00000000b6f00000, 0x00000000c0000000)
  object space 21504K, 35% used [0x00000000b5a00000,0x00000000b618e9a8,0x00000000b6f00000)
Event: 15.522 GC heap after
Heap after GC invocations=12 (full 1):
 PSYoungGen      total 214016K, used 16853K [0x00000000eaa80000, 0x00000000fd300000, 0x0000000100000000)
  eden space 194560K, 0% used [0x00000000eaa80000,0x00000000eaa80000,0x00000000f6880000)
  from space 19456K, 86% used [0x00000000f6880000,0x00000000f78f5720,0x00000000f7b80000)
  to   space 20992K, 0% used [0x00000000fbe80000,0x00000000fbe80000,0x00000000fd300000)
 ParOldGen       total 66048K, used 37142K [0x00000000c0000000, 0x00000000c4080000, 0x00000000eaa80000)
  object space 66048K, 56% used [0x00000000c0000000,0x00000000c2445b58,0x00000000c4080000)
 PSPermGen       total 21504K, used 7738K [0x00000000b5a00000, 0x00000000b6f00000, 0x00000000c0000000)
  object space 21504K, 35% used [0x00000000b5a00000,0x00000000b618e9a8,0x00000000b6f00000)
}
Event: 15.866 GC heap before
{Heap before GC invocations=13 (full 1):
 PSYoungGen      total 214016K, used 211413K [0x00000000eaa80000, 0x00000000fd300000, 0x0000000100000000)
  eden space 194560K, 100% used [0x00000000eaa80000,0x00000000f6880000,0x00000000f6880000)
  from space 19456K, 86% used [0x00000000f6880000,0x00000000f78f5720,0x00000000f7b80000)
  to   space 20992K, 0% used [0x00000000fbe80000,0x00000000fbe80000,0x00000000fd300000)
 ParOldGen       total 66048K, used 37142K [0x00000000c0000000, 0x00000000c4080000, 0x00000000eaa80000)
  object space 66048K, 56% used [0x00000000c0000000,0x00000000c2445b58,0x00000000c4080000)
 PSPermGen       total 21504K, used 7740K [0x00000000b5a00000, 0x00000000b6f00000, 0x00000000c0000000)
  object space 21504K, 35% used [0x00000000b5a00000,0x00000000b618f0a0,0x00000000b6f00000)
Event: 15.871 GC heap after
Heap after GC invocations=13 (full 1):
 PSYoungGen      total 277504K, used 13026K [0x00000000eaa80000, 0x00000000fd080000, 0x0000000100000000)
  eden space 259072K, 0% used [0x00000000eaa80000,0x00000000eaa80000,0x00000000fa780000)
  from space 18432K, 70% used [0x00000000fbe80000,0x00000000fcb38a30,0x00000000fd080000)
  to   space 20992K, 0% used [0x00000000fa780000,0x00000000fa780000,0x00000000fbc00000)
 ParOldGen       total 66048K, used 37150K [0x00000000c0000000, 0x00000000c4080000, 0x00000000eaa80000)
  object space 66048K, 56% used [0x00000000c0000000,0x00000000c2447b58,0x00000000c4080000)
 PSPermGen       total 21504K, used 7740K [0x00000000b5a00000, 0x00000000b6f00000, 0x00000000c0000000)
  object space 21504K, 35% used [0x00000000b5a00000,0x00000000b618f0a0,0x00000000b6f00000)
}
Event: 16.340 GC heap before
{Heap before GC invocations=14 (full 1):
 PSYoungGen      total 277504K, used 272098K [0x00000000eaa80000, 0x00000000fd080000, 0x0000000100000000)
  eden space 259072K, 100% used [0x00000000eaa80000,0x00000000fa780000,0x00000000fa780000)
  from space 18432K, 70% used [0x00000000fbe80000,0x00000000fcb38a30,0x00000000fd080000)
  to   space 20992K, 0% used [0x00000000fa780000,0x00000000fa780000,0x00000000fbc00000)
 ParOldGen       total 66048K, used 37150K [0x00000000c0000000, 0x00000000c4080000, 0x00000000eaa80000)
  object space 66048K, 56% used [0x00000000c0000000,0x00000000c2447b58,0x00000000c4080000)
 PSPermGen       total 21504K, used 7742K [0x00000000b5a00000, 0x00000000b6f00000, 0x00000000c0000000)
  object space 21504K, 36% used [0x00000000b5a00000,0x00000000b618fa70,0x00000000b6f00000)

